[2025-01-26T23:41:07.736+0000] {processor.py:161} INFO - Started process (PID=87) to work on /opt/airflow/dags/ingestion_dag.py
[2025-01-26T23:41:07.760+0000] {processor.py:830} INFO - Processing file /opt/airflow/dags/ingestion_dag.py for tasks to queue
[2025-01-26T23:41:07.787+0000] {logging_mixin.py:188} INFO - [2025-01-26T23:41:07.786+0000] {dagbag.py:538} INFO - Filling up the DagBag from /opt/airflow/dags/ingestion_dag.py
[2025-01-26T23:41:10.863+0000] {processor.py:840} INFO - DAG(s) 'Ingestion' retrieved from /opt/airflow/dags/ingestion_dag.py
[2025-01-26T23:41:14.181+0000] {logging_mixin.py:188} INFO - [2025-01-26T23:41:14.178+0000] {override.py:1769} INFO - Created Permission View: can read on DAG:Ingestion
[2025-01-26T23:41:14.213+0000] {logging_mixin.py:188} INFO - [2025-01-26T23:41:14.212+0000] {override.py:1769} INFO - Created Permission View: can edit on DAG:Ingestion
[2025-01-26T23:41:14.234+0000] {logging_mixin.py:188} INFO - [2025-01-26T23:41:14.234+0000] {override.py:1769} INFO - Created Permission View: can delete on DAG:Ingestion
[2025-01-26T23:41:14.236+0000] {logging_mixin.py:188} INFO - [2025-01-26T23:41:14.236+0000] {dag.py:3036} INFO - Sync 1 DAGs
[2025-01-26T23:41:14.283+0000] {logging_mixin.py:188} INFO - [2025-01-26T23:41:14.282+0000] {dag.py:3058} INFO - Creating ORM DAG for Ingestion
[2025-01-26T23:41:14.355+0000] {logging_mixin.py:188} INFO - [2025-01-26T23:41:14.354+0000] {dag.py:3823} INFO - Setting next_dagrun for Ingestion to 2025-01-27 00:00:00+00:00, run_after=2025-01-28 00:00:00+00:00
[2025-01-26T23:41:14.429+0000] {processor.py:183} INFO - Processing /opt/airflow/dags/ingestion_dag.py took 6.850 seconds
[2025-01-26T23:41:45.060+0000] {processor.py:161} INFO - Started process (PID=105) to work on /opt/airflow/dags/ingestion_dag.py
[2025-01-26T23:41:45.065+0000] {processor.py:830} INFO - Processing file /opt/airflow/dags/ingestion_dag.py for tasks to queue
[2025-01-26T23:41:45.093+0000] {logging_mixin.py:188} INFO - [2025-01-26T23:41:45.089+0000] {dagbag.py:538} INFO - Filling up the DagBag from /opt/airflow/dags/ingestion_dag.py
[2025-01-26T23:41:45.751+0000] {processor.py:840} INFO - DAG(s) 'Ingestion' retrieved from /opt/airflow/dags/ingestion_dag.py
[2025-01-26T23:41:45.862+0000] {logging_mixin.py:188} INFO - [2025-01-26T23:41:45.862+0000] {dag.py:3036} INFO - Sync 1 DAGs
[2025-01-26T23:41:45.947+0000] {logging_mixin.py:188} INFO - [2025-01-26T23:41:45.946+0000] {dag.py:3823} INFO - Setting next_dagrun for Ingestion to 2025-01-27 00:00:00+00:00, run_after=2025-01-28 00:00:00+00:00
[2025-01-26T23:41:46.026+0000] {processor.py:183} INFO - Processing /opt/airflow/dags/ingestion_dag.py took 1.024 seconds
[2025-01-26T23:42:16.226+0000] {processor.py:161} INFO - Started process (PID=123) to work on /opt/airflow/dags/ingestion_dag.py
[2025-01-26T23:42:16.229+0000] {processor.py:830} INFO - Processing file /opt/airflow/dags/ingestion_dag.py for tasks to queue
[2025-01-26T23:42:16.234+0000] {logging_mixin.py:188} INFO - [2025-01-26T23:42:16.234+0000] {dagbag.py:538} INFO - Filling up the DagBag from /opt/airflow/dags/ingestion_dag.py
[2025-01-26T23:42:16.347+0000] {processor.py:840} INFO - DAG(s) 'Ingestion' retrieved from /opt/airflow/dags/ingestion_dag.py
[2025-01-26T23:42:16.382+0000] {logging_mixin.py:188} INFO - [2025-01-26T23:42:16.382+0000] {dag.py:3036} INFO - Sync 1 DAGs
[2025-01-26T23:42:16.417+0000] {logging_mixin.py:188} INFO - [2025-01-26T23:42:16.416+0000] {dag.py:3823} INFO - Setting next_dagrun for Ingestion to 2025-01-27 00:00:00+00:00, run_after=2025-01-28 00:00:00+00:00
[2025-01-26T23:42:16.445+0000] {processor.py:183} INFO - Processing /opt/airflow/dags/ingestion_dag.py took 0.226 seconds
[2025-01-26T23:42:46.685+0000] {processor.py:161} INFO - Started process (PID=149) to work on /opt/airflow/dags/ingestion_dag.py
[2025-01-26T23:42:46.687+0000] {processor.py:830} INFO - Processing file /opt/airflow/dags/ingestion_dag.py for tasks to queue
[2025-01-26T23:42:46.690+0000] {logging_mixin.py:188} INFO - [2025-01-26T23:42:46.689+0000] {dagbag.py:538} INFO - Filling up the DagBag from /opt/airflow/dags/ingestion_dag.py
[2025-01-26T23:42:46.831+0000] {processor.py:840} INFO - DAG(s) 'Ingestion' retrieved from /opt/airflow/dags/ingestion_dag.py
[2025-01-26T23:42:46.893+0000] {logging_mixin.py:188} INFO - [2025-01-26T23:42:46.893+0000] {dag.py:3036} INFO - Sync 1 DAGs
[2025-01-26T23:42:46.925+0000] {logging_mixin.py:188} INFO - [2025-01-26T23:42:46.925+0000] {dag.py:3823} INFO - Setting next_dagrun for Ingestion to 2025-01-27 00:00:00+00:00, run_after=2025-01-28 00:00:00+00:00
[2025-01-26T23:42:46.951+0000] {processor.py:183} INFO - Processing /opt/airflow/dags/ingestion_dag.py took 0.275 seconds
[2025-01-26T23:43:17.178+0000] {processor.py:161} INFO - Started process (PID=167) to work on /opt/airflow/dags/ingestion_dag.py
[2025-01-26T23:43:17.179+0000] {processor.py:830} INFO - Processing file /opt/airflow/dags/ingestion_dag.py for tasks to queue
[2025-01-26T23:43:17.182+0000] {logging_mixin.py:188} INFO - [2025-01-26T23:43:17.182+0000] {dagbag.py:538} INFO - Filling up the DagBag from /opt/airflow/dags/ingestion_dag.py
[2025-01-26T23:43:17.301+0000] {processor.py:840} INFO - DAG(s) 'Ingestion' retrieved from /opt/airflow/dags/ingestion_dag.py
[2025-01-26T23:43:17.341+0000] {logging_mixin.py:188} INFO - [2025-01-26T23:43:17.341+0000] {dag.py:3036} INFO - Sync 1 DAGs
[2025-01-26T23:43:17.382+0000] {logging_mixin.py:188} INFO - [2025-01-26T23:43:17.381+0000] {dag.py:3823} INFO - Setting next_dagrun for Ingestion to 2025-01-27 00:00:00+00:00, run_after=2025-01-28 00:00:00+00:00
[2025-01-26T23:43:17.419+0000] {processor.py:183} INFO - Processing /opt/airflow/dags/ingestion_dag.py took 0.248 seconds
[2025-01-26T23:43:47.635+0000] {processor.py:161} INFO - Started process (PID=185) to work on /opt/airflow/dags/ingestion_dag.py
[2025-01-26T23:43:47.637+0000] {processor.py:830} INFO - Processing file /opt/airflow/dags/ingestion_dag.py for tasks to queue
[2025-01-26T23:43:47.640+0000] {logging_mixin.py:188} INFO - [2025-01-26T23:43:47.640+0000] {dagbag.py:538} INFO - Filling up the DagBag from /opt/airflow/dags/ingestion_dag.py
[2025-01-26T23:43:47.738+0000] {processor.py:840} INFO - DAG(s) 'Ingestion' retrieved from /opt/airflow/dags/ingestion_dag.py
[2025-01-26T23:43:47.772+0000] {logging_mixin.py:188} INFO - [2025-01-26T23:43:47.771+0000] {dag.py:3036} INFO - Sync 1 DAGs
[2025-01-26T23:43:47.796+0000] {logging_mixin.py:188} INFO - [2025-01-26T23:43:47.796+0000] {dag.py:3823} INFO - Setting next_dagrun for Ingestion to 2025-01-27 00:00:00+00:00, run_after=2025-01-28 00:00:00+00:00
[2025-01-26T23:43:47.822+0000] {processor.py:183} INFO - Processing /opt/airflow/dags/ingestion_dag.py took 0.192 seconds
[2025-01-26T23:44:18.064+0000] {processor.py:161} INFO - Started process (PID=211) to work on /opt/airflow/dags/ingestion_dag.py
[2025-01-26T23:44:18.069+0000] {processor.py:830} INFO - Processing file /opt/airflow/dags/ingestion_dag.py for tasks to queue
[2025-01-26T23:44:18.080+0000] {logging_mixin.py:188} INFO - [2025-01-26T23:44:18.079+0000] {dagbag.py:538} INFO - Filling up the DagBag from /opt/airflow/dags/ingestion_dag.py
[2025-01-26T23:44:18.319+0000] {processor.py:840} INFO - DAG(s) 'Ingestion' retrieved from /opt/airflow/dags/ingestion_dag.py
[2025-01-26T23:44:18.384+0000] {logging_mixin.py:188} INFO - [2025-01-26T23:44:18.384+0000] {dag.py:3036} INFO - Sync 1 DAGs
[2025-01-26T23:44:18.435+0000] {logging_mixin.py:188} INFO - [2025-01-26T23:44:18.435+0000] {dag.py:3823} INFO - Setting next_dagrun for Ingestion to 2025-01-27 00:00:00+00:00, run_after=2025-01-28 00:00:00+00:00
[2025-01-26T23:44:18.485+0000] {processor.py:183} INFO - Processing /opt/airflow/dags/ingestion_dag.py took 0.441 seconds
[2025-01-26T23:44:48.714+0000] {processor.py:161} INFO - Started process (PID=229) to work on /opt/airflow/dags/ingestion_dag.py
[2025-01-26T23:44:48.716+0000] {processor.py:830} INFO - Processing file /opt/airflow/dags/ingestion_dag.py for tasks to queue
[2025-01-26T23:44:48.719+0000] {logging_mixin.py:188} INFO - [2025-01-26T23:44:48.718+0000] {dagbag.py:538} INFO - Filling up the DagBag from /opt/airflow/dags/ingestion_dag.py
[2025-01-26T23:44:48.859+0000] {processor.py:840} INFO - DAG(s) 'Ingestion' retrieved from /opt/airflow/dags/ingestion_dag.py
[2025-01-26T23:44:48.905+0000] {logging_mixin.py:188} INFO - [2025-01-26T23:44:48.905+0000] {dag.py:3036} INFO - Sync 1 DAGs
[2025-01-26T23:44:48.965+0000] {logging_mixin.py:188} INFO - [2025-01-26T23:44:48.964+0000] {dag.py:3823} INFO - Setting next_dagrun for Ingestion to 2025-01-27 00:00:00+00:00, run_after=2025-01-28 00:00:00+00:00
[2025-01-26T23:44:49.002+0000] {processor.py:183} INFO - Processing /opt/airflow/dags/ingestion_dag.py took 0.295 seconds
[2025-01-26T23:45:19.247+0000] {processor.py:161} INFO - Started process (PID=247) to work on /opt/airflow/dags/ingestion_dag.py
[2025-01-26T23:45:19.249+0000] {processor.py:830} INFO - Processing file /opt/airflow/dags/ingestion_dag.py for tasks to queue
[2025-01-26T23:45:19.252+0000] {logging_mixin.py:188} INFO - [2025-01-26T23:45:19.251+0000] {dagbag.py:538} INFO - Filling up the DagBag from /opt/airflow/dags/ingestion_dag.py
[2025-01-26T23:45:19.359+0000] {processor.py:840} INFO - DAG(s) 'Ingestion' retrieved from /opt/airflow/dags/ingestion_dag.py
[2025-01-26T23:45:19.402+0000] {logging_mixin.py:188} INFO - [2025-01-26T23:45:19.402+0000] {dag.py:3036} INFO - Sync 1 DAGs
[2025-01-26T23:45:19.434+0000] {logging_mixin.py:188} INFO - [2025-01-26T23:45:19.433+0000] {dag.py:3823} INFO - Setting next_dagrun for Ingestion to 2025-01-27 00:00:00+00:00, run_after=2025-01-28 00:00:00+00:00
[2025-01-26T23:45:19.463+0000] {processor.py:183} INFO - Processing /opt/airflow/dags/ingestion_dag.py took 0.224 seconds
[2025-01-26T23:45:49.686+0000] {processor.py:161} INFO - Started process (PID=272) to work on /opt/airflow/dags/ingestion_dag.py
[2025-01-26T23:45:49.692+0000] {processor.py:830} INFO - Processing file /opt/airflow/dags/ingestion_dag.py for tasks to queue
[2025-01-26T23:45:49.698+0000] {logging_mixin.py:188} INFO - [2025-01-26T23:45:49.698+0000] {dagbag.py:538} INFO - Filling up the DagBag from /opt/airflow/dags/ingestion_dag.py
[2025-01-26T23:45:49.864+0000] {processor.py:840} INFO - DAG(s) 'Ingestion' retrieved from /opt/airflow/dags/ingestion_dag.py
[2025-01-26T23:45:49.903+0000] {logging_mixin.py:188} INFO - [2025-01-26T23:45:49.902+0000] {dag.py:3036} INFO - Sync 1 DAGs
[2025-01-26T23:45:49.950+0000] {logging_mixin.py:188} INFO - [2025-01-26T23:45:49.949+0000] {dag.py:3823} INFO - Setting next_dagrun for Ingestion to 2025-01-27 00:00:00+00:00, run_after=2025-01-28 00:00:00+00:00
[2025-01-26T23:45:49.993+0000] {processor.py:183} INFO - Processing /opt/airflow/dags/ingestion_dag.py took 0.320 seconds
[2025-01-26T23:46:20.298+0000] {processor.py:161} INFO - Started process (PID=292) to work on /opt/airflow/dags/ingestion_dag.py
[2025-01-26T23:46:20.299+0000] {processor.py:830} INFO - Processing file /opt/airflow/dags/ingestion_dag.py for tasks to queue
[2025-01-26T23:46:20.302+0000] {logging_mixin.py:188} INFO - [2025-01-26T23:46:20.301+0000] {dagbag.py:538} INFO - Filling up the DagBag from /opt/airflow/dags/ingestion_dag.py
[2025-01-26T23:46:20.434+0000] {processor.py:840} INFO - DAG(s) 'Ingestion' retrieved from /opt/airflow/dags/ingestion_dag.py
[2025-01-26T23:46:20.466+0000] {logging_mixin.py:188} INFO - [2025-01-26T23:46:20.466+0000] {dag.py:3036} INFO - Sync 1 DAGs
[2025-01-26T23:46:20.500+0000] {logging_mixin.py:188} INFO - [2025-01-26T23:46:20.499+0000] {dag.py:3823} INFO - Setting next_dagrun for Ingestion to 2025-01-27 00:00:00+00:00, run_after=2025-01-28 00:00:00+00:00
[2025-01-26T23:46:20.526+0000] {processor.py:183} INFO - Processing /opt/airflow/dags/ingestion_dag.py took 0.232 seconds
[2025-01-26T23:46:50.733+0000] {processor.py:161} INFO - Started process (PID=310) to work on /opt/airflow/dags/ingestion_dag.py
[2025-01-26T23:46:50.735+0000] {processor.py:830} INFO - Processing file /opt/airflow/dags/ingestion_dag.py for tasks to queue
[2025-01-26T23:46:50.737+0000] {logging_mixin.py:188} INFO - [2025-01-26T23:46:50.737+0000] {dagbag.py:538} INFO - Filling up the DagBag from /opt/airflow/dags/ingestion_dag.py
[2025-01-26T23:46:50.837+0000] {processor.py:840} INFO - DAG(s) 'Ingestion' retrieved from /opt/airflow/dags/ingestion_dag.py
[2025-01-26T23:46:50.867+0000] {logging_mixin.py:188} INFO - [2025-01-26T23:46:50.867+0000] {dag.py:3036} INFO - Sync 1 DAGs
[2025-01-26T23:46:50.896+0000] {logging_mixin.py:188} INFO - [2025-01-26T23:46:50.896+0000] {dag.py:3823} INFO - Setting next_dagrun for Ingestion to 2025-01-27 00:00:00+00:00, run_after=2025-01-28 00:00:00+00:00
[2025-01-26T23:46:50.925+0000] {processor.py:183} INFO - Processing /opt/airflow/dags/ingestion_dag.py took 0.196 seconds
[2025-01-26T23:47:21.144+0000] {processor.py:161} INFO - Started process (PID=328) to work on /opt/airflow/dags/ingestion_dag.py
[2025-01-26T23:47:21.146+0000] {processor.py:830} INFO - Processing file /opt/airflow/dags/ingestion_dag.py for tasks to queue
[2025-01-26T23:47:21.152+0000] {logging_mixin.py:188} INFO - [2025-01-26T23:47:21.152+0000] {dagbag.py:538} INFO - Filling up the DagBag from /opt/airflow/dags/ingestion_dag.py
[2025-01-26T23:47:21.246+0000] {processor.py:840} INFO - DAG(s) 'Ingestion' retrieved from /opt/airflow/dags/ingestion_dag.py
[2025-01-26T23:47:21.279+0000] {logging_mixin.py:188} INFO - [2025-01-26T23:47:21.279+0000] {dag.py:3036} INFO - Sync 1 DAGs
[2025-01-26T23:47:21.307+0000] {logging_mixin.py:188} INFO - [2025-01-26T23:47:21.307+0000] {dag.py:3823} INFO - Setting next_dagrun for Ingestion to 2025-01-27 00:00:00+00:00, run_after=2025-01-28 00:00:00+00:00
[2025-01-26T23:47:21.332+0000] {processor.py:183} INFO - Processing /opt/airflow/dags/ingestion_dag.py took 0.193 seconds
[2025-01-26T23:47:51.556+0000] {processor.py:161} INFO - Started process (PID=354) to work on /opt/airflow/dags/ingestion_dag.py
[2025-01-26T23:47:51.558+0000] {processor.py:830} INFO - Processing file /opt/airflow/dags/ingestion_dag.py for tasks to queue
[2025-01-26T23:47:51.562+0000] {logging_mixin.py:188} INFO - [2025-01-26T23:47:51.561+0000] {dagbag.py:538} INFO - Filling up the DagBag from /opt/airflow/dags/ingestion_dag.py
[2025-01-26T23:47:51.655+0000] {processor.py:840} INFO - DAG(s) 'Ingestion' retrieved from /opt/airflow/dags/ingestion_dag.py
[2025-01-26T23:47:51.679+0000] {logging_mixin.py:188} INFO - [2025-01-26T23:47:51.679+0000] {dag.py:3036} INFO - Sync 1 DAGs
[2025-01-26T23:47:51.700+0000] {logging_mixin.py:188} INFO - [2025-01-26T23:47:51.700+0000] {dag.py:3823} INFO - Setting next_dagrun for Ingestion to 2025-01-27 00:00:00+00:00, run_after=2025-01-28 00:00:00+00:00
[2025-01-26T23:47:51.722+0000] {processor.py:183} INFO - Processing /opt/airflow/dags/ingestion_dag.py took 0.170 seconds
[2025-01-26T23:48:21.940+0000] {processor.py:161} INFO - Started process (PID=372) to work on /opt/airflow/dags/ingestion_dag.py
[2025-01-26T23:48:21.942+0000] {processor.py:830} INFO - Processing file /opt/airflow/dags/ingestion_dag.py for tasks to queue
[2025-01-26T23:48:21.947+0000] {logging_mixin.py:188} INFO - [2025-01-26T23:48:21.946+0000] {dagbag.py:538} INFO - Filling up the DagBag from /opt/airflow/dags/ingestion_dag.py
[2025-01-26T23:48:22.078+0000] {processor.py:840} INFO - DAG(s) 'Ingestion' retrieved from /opt/airflow/dags/ingestion_dag.py
[2025-01-26T23:48:22.119+0000] {logging_mixin.py:188} INFO - [2025-01-26T23:48:22.119+0000] {dag.py:3036} INFO - Sync 1 DAGs
[2025-01-26T23:48:22.158+0000] {logging_mixin.py:188} INFO - [2025-01-26T23:48:22.157+0000] {dag.py:3823} INFO - Setting next_dagrun for Ingestion to 2025-01-27 00:00:00+00:00, run_after=2025-01-28 00:00:00+00:00
[2025-01-26T23:48:22.187+0000] {processor.py:183} INFO - Processing /opt/airflow/dags/ingestion_dag.py took 0.255 seconds
[2025-01-26T23:48:52.386+0000] {processor.py:161} INFO - Started process (PID=398) to work on /opt/airflow/dags/ingestion_dag.py
[2025-01-26T23:48:52.387+0000] {processor.py:830} INFO - Processing file /opt/airflow/dags/ingestion_dag.py for tasks to queue
[2025-01-26T23:48:52.390+0000] {logging_mixin.py:188} INFO - [2025-01-26T23:48:52.389+0000] {dagbag.py:538} INFO - Filling up the DagBag from /opt/airflow/dags/ingestion_dag.py
[2025-01-26T23:48:52.467+0000] {processor.py:840} INFO - DAG(s) 'Ingestion' retrieved from /opt/airflow/dags/ingestion_dag.py
[2025-01-26T23:48:52.493+0000] {logging_mixin.py:188} INFO - [2025-01-26T23:48:52.493+0000] {dag.py:3036} INFO - Sync 1 DAGs
[2025-01-26T23:48:52.515+0000] {logging_mixin.py:188} INFO - [2025-01-26T23:48:52.515+0000] {dag.py:3823} INFO - Setting next_dagrun for Ingestion to 2025-01-27 00:00:00+00:00, run_after=2025-01-28 00:00:00+00:00
[2025-01-26T23:48:52.535+0000] {processor.py:183} INFO - Processing /opt/airflow/dags/ingestion_dag.py took 0.154 seconds
[2025-01-26T23:49:22.612+0000] {processor.py:161} INFO - Started process (PID=416) to work on /opt/airflow/dags/ingestion_dag.py
[2025-01-26T23:49:22.613+0000] {processor.py:830} INFO - Processing file /opt/airflow/dags/ingestion_dag.py for tasks to queue
[2025-01-26T23:49:22.617+0000] {logging_mixin.py:188} INFO - [2025-01-26T23:49:22.616+0000] {dagbag.py:538} INFO - Filling up the DagBag from /opt/airflow/dags/ingestion_dag.py
[2025-01-26T23:49:22.741+0000] {processor.py:840} INFO - DAG(s) 'Ingestion' retrieved from /opt/airflow/dags/ingestion_dag.py
[2025-01-26T23:49:22.777+0000] {logging_mixin.py:188} INFO - [2025-01-26T23:49:22.777+0000] {dag.py:3036} INFO - Sync 1 DAGs
[2025-01-26T23:49:22.820+0000] {logging_mixin.py:188} INFO - [2025-01-26T23:49:22.820+0000] {dag.py:3823} INFO - Setting next_dagrun for Ingestion to 2025-01-27 00:00:00+00:00, run_after=2025-01-28 00:00:00+00:00
[2025-01-26T23:49:22.857+0000] {processor.py:183} INFO - Processing /opt/airflow/dags/ingestion_dag.py took 0.250 seconds
[2025-01-26T23:49:53.045+0000] {processor.py:161} INFO - Started process (PID=442) to work on /opt/airflow/dags/ingestion_dag.py
[2025-01-26T23:49:53.046+0000] {processor.py:830} INFO - Processing file /opt/airflow/dags/ingestion_dag.py for tasks to queue
[2025-01-26T23:49:53.048+0000] {logging_mixin.py:188} INFO - [2025-01-26T23:49:53.048+0000] {dagbag.py:538} INFO - Filling up the DagBag from /opt/airflow/dags/ingestion_dag.py
[2025-01-26T23:49:53.119+0000] {processor.py:840} INFO - DAG(s) 'Ingestion' retrieved from /opt/airflow/dags/ingestion_dag.py
[2025-01-26T23:49:53.144+0000] {logging_mixin.py:188} INFO - [2025-01-26T23:49:53.144+0000] {dag.py:3036} INFO - Sync 1 DAGs
[2025-01-26T23:49:53.164+0000] {logging_mixin.py:188} INFO - [2025-01-26T23:49:53.164+0000] {dag.py:3823} INFO - Setting next_dagrun for Ingestion to 2025-01-27 00:00:00+00:00, run_after=2025-01-28 00:00:00+00:00
[2025-01-26T23:49:53.185+0000] {processor.py:183} INFO - Processing /opt/airflow/dags/ingestion_dag.py took 0.143 seconds
[2025-01-26T23:50:23.410+0000] {processor.py:161} INFO - Started process (PID=460) to work on /opt/airflow/dags/ingestion_dag.py
[2025-01-26T23:50:23.412+0000] {processor.py:830} INFO - Processing file /opt/airflow/dags/ingestion_dag.py for tasks to queue
[2025-01-26T23:50:23.415+0000] {logging_mixin.py:188} INFO - [2025-01-26T23:50:23.414+0000] {dagbag.py:538} INFO - Filling up the DagBag from /opt/airflow/dags/ingestion_dag.py
[2025-01-26T23:50:23.493+0000] {processor.py:840} INFO - DAG(s) 'Ingestion' retrieved from /opt/airflow/dags/ingestion_dag.py
[2025-01-26T23:50:23.516+0000] {logging_mixin.py:188} INFO - [2025-01-26T23:50:23.516+0000] {dag.py:3036} INFO - Sync 1 DAGs
[2025-01-26T23:50:23.538+0000] {logging_mixin.py:188} INFO - [2025-01-26T23:50:23.538+0000] {dag.py:3823} INFO - Setting next_dagrun for Ingestion to 2025-01-27 00:00:00+00:00, run_after=2025-01-28 00:00:00+00:00
[2025-01-26T23:50:23.557+0000] {processor.py:183} INFO - Processing /opt/airflow/dags/ingestion_dag.py took 0.150 seconds
[2025-01-26T23:50:53.823+0000] {processor.py:161} INFO - Started process (PID=486) to work on /opt/airflow/dags/ingestion_dag.py
[2025-01-26T23:50:53.824+0000] {processor.py:830} INFO - Processing file /opt/airflow/dags/ingestion_dag.py for tasks to queue
[2025-01-26T23:50:53.826+0000] {logging_mixin.py:188} INFO - [2025-01-26T23:50:53.826+0000] {dagbag.py:538} INFO - Filling up the DagBag from /opt/airflow/dags/ingestion_dag.py
[2025-01-26T23:50:53.906+0000] {processor.py:840} INFO - DAG(s) 'Ingestion' retrieved from /opt/airflow/dags/ingestion_dag.py
[2025-01-26T23:50:53.930+0000] {logging_mixin.py:188} INFO - [2025-01-26T23:50:53.930+0000] {dag.py:3036} INFO - Sync 1 DAGs
[2025-01-26T23:50:53.952+0000] {logging_mixin.py:188} INFO - [2025-01-26T23:50:53.951+0000] {dag.py:3823} INFO - Setting next_dagrun for Ingestion to 2025-01-27 00:00:00+00:00, run_after=2025-01-28 00:00:00+00:00
[2025-01-26T23:50:53.973+0000] {processor.py:183} INFO - Processing /opt/airflow/dags/ingestion_dag.py took 0.153 seconds
[2025-01-26T23:51:24.269+0000] {processor.py:161} INFO - Started process (PID=504) to work on /opt/airflow/dags/ingestion_dag.py
[2025-01-26T23:51:24.271+0000] {processor.py:830} INFO - Processing file /opt/airflow/dags/ingestion_dag.py for tasks to queue
[2025-01-26T23:51:24.273+0000] {logging_mixin.py:188} INFO - [2025-01-26T23:51:24.272+0000] {dagbag.py:538} INFO - Filling up the DagBag from /opt/airflow/dags/ingestion_dag.py
[2025-01-26T23:51:24.355+0000] {processor.py:840} INFO - DAG(s) 'Ingestion' retrieved from /opt/airflow/dags/ingestion_dag.py
[2025-01-26T23:51:24.383+0000] {logging_mixin.py:188} INFO - [2025-01-26T23:51:24.383+0000] {dag.py:3036} INFO - Sync 1 DAGs
[2025-01-26T23:51:24.409+0000] {logging_mixin.py:188} INFO - [2025-01-26T23:51:24.409+0000] {dag.py:3823} INFO - Setting next_dagrun for Ingestion to 2025-01-27 00:00:00+00:00, run_after=2025-01-28 00:00:00+00:00
[2025-01-26T23:51:24.433+0000] {processor.py:183} INFO - Processing /opt/airflow/dags/ingestion_dag.py took 0.167 seconds
[2025-01-26T23:51:54.616+0000] {processor.py:161} INFO - Started process (PID=530) to work on /opt/airflow/dags/ingestion_dag.py
[2025-01-26T23:51:54.618+0000] {processor.py:830} INFO - Processing file /opt/airflow/dags/ingestion_dag.py for tasks to queue
[2025-01-26T23:51:54.621+0000] {logging_mixin.py:188} INFO - [2025-01-26T23:51:54.621+0000] {dagbag.py:538} INFO - Filling up the DagBag from /opt/airflow/dags/ingestion_dag.py
[2025-01-26T23:51:54.709+0000] {processor.py:840} INFO - DAG(s) 'Ingestion' retrieved from /opt/airflow/dags/ingestion_dag.py
[2025-01-26T23:51:54.740+0000] {logging_mixin.py:188} INFO - [2025-01-26T23:51:54.740+0000] {dag.py:3036} INFO - Sync 1 DAGs
[2025-01-26T23:51:54.766+0000] {logging_mixin.py:188} INFO - [2025-01-26T23:51:54.766+0000] {dag.py:3823} INFO - Setting next_dagrun for Ingestion to 2025-01-27 00:00:00+00:00, run_after=2025-01-28 00:00:00+00:00
[2025-01-26T23:51:54.791+0000] {processor.py:183} INFO - Processing /opt/airflow/dags/ingestion_dag.py took 0.179 seconds
[2025-01-26T23:52:24.967+0000] {processor.py:161} INFO - Started process (PID=548) to work on /opt/airflow/dags/ingestion_dag.py
[2025-01-26T23:52:24.969+0000] {processor.py:830} INFO - Processing file /opt/airflow/dags/ingestion_dag.py for tasks to queue
[2025-01-26T23:52:24.973+0000] {logging_mixin.py:188} INFO - [2025-01-26T23:52:24.972+0000] {dagbag.py:538} INFO - Filling up the DagBag from /opt/airflow/dags/ingestion_dag.py
[2025-01-26T23:52:25.095+0000] {processor.py:840} INFO - DAG(s) 'Ingestion' retrieved from /opt/airflow/dags/ingestion_dag.py
[2025-01-26T23:52:25.128+0000] {logging_mixin.py:188} INFO - [2025-01-26T23:52:25.127+0000] {dag.py:3036} INFO - Sync 1 DAGs
[2025-01-26T23:52:25.155+0000] {logging_mixin.py:188} INFO - [2025-01-26T23:52:25.154+0000] {dag.py:3823} INFO - Setting next_dagrun for Ingestion to 2025-01-27 00:00:00+00:00, run_after=2025-01-28 00:00:00+00:00
[2025-01-26T23:52:25.176+0000] {processor.py:183} INFO - Processing /opt/airflow/dags/ingestion_dag.py took 0.213 seconds
[2025-01-26T23:52:55.383+0000] {processor.py:161} INFO - Started process (PID=574) to work on /opt/airflow/dags/ingestion_dag.py
[2025-01-26T23:52:55.384+0000] {processor.py:830} INFO - Processing file /opt/airflow/dags/ingestion_dag.py for tasks to queue
[2025-01-26T23:52:55.386+0000] {logging_mixin.py:188} INFO - [2025-01-26T23:52:55.386+0000] {dagbag.py:538} INFO - Filling up the DagBag from /opt/airflow/dags/ingestion_dag.py
[2025-01-26T23:52:55.539+0000] {processor.py:840} INFO - DAG(s) 'Ingestion' retrieved from /opt/airflow/dags/ingestion_dag.py
[2025-01-26T23:52:55.604+0000] {logging_mixin.py:188} INFO - [2025-01-26T23:52:55.603+0000] {dag.py:3036} INFO - Sync 1 DAGs
[2025-01-26T23:52:55.648+0000] {logging_mixin.py:188} INFO - [2025-01-26T23:52:55.648+0000] {dag.py:3823} INFO - Setting next_dagrun for Ingestion to 2025-01-27 00:00:00+00:00, run_after=2025-01-28 00:00:00+00:00
[2025-01-26T23:52:55.684+0000] {processor.py:183} INFO - Processing /opt/airflow/dags/ingestion_dag.py took 0.307 seconds
[2025-01-26T23:53:25.894+0000] {processor.py:161} INFO - Started process (PID=592) to work on /opt/airflow/dags/ingestion_dag.py
[2025-01-26T23:53:25.895+0000] {processor.py:830} INFO - Processing file /opt/airflow/dags/ingestion_dag.py for tasks to queue
[2025-01-26T23:53:25.897+0000] {logging_mixin.py:188} INFO - [2025-01-26T23:53:25.896+0000] {dagbag.py:538} INFO - Filling up the DagBag from /opt/airflow/dags/ingestion_dag.py
[2025-01-26T23:53:25.996+0000] {processor.py:840} INFO - DAG(s) 'Ingestion' retrieved from /opt/airflow/dags/ingestion_dag.py
[2025-01-26T23:53:26.026+0000] {logging_mixin.py:188} INFO - [2025-01-26T23:53:26.026+0000] {dag.py:3036} INFO - Sync 1 DAGs
[2025-01-26T23:53:26.054+0000] {logging_mixin.py:188} INFO - [2025-01-26T23:53:26.053+0000] {dag.py:3823} INFO - Setting next_dagrun for Ingestion to 2025-01-27 00:00:00+00:00, run_after=2025-01-28 00:00:00+00:00
[2025-01-26T23:53:26.075+0000] {processor.py:183} INFO - Processing /opt/airflow/dags/ingestion_dag.py took 0.185 seconds
[2025-01-26T23:53:56.277+0000] {processor.py:161} INFO - Started process (PID=618) to work on /opt/airflow/dags/ingestion_dag.py
[2025-01-26T23:53:56.279+0000] {processor.py:830} INFO - Processing file /opt/airflow/dags/ingestion_dag.py for tasks to queue
[2025-01-26T23:53:56.282+0000] {logging_mixin.py:188} INFO - [2025-01-26T23:53:56.282+0000] {dagbag.py:538} INFO - Filling up the DagBag from /opt/airflow/dags/ingestion_dag.py
[2025-01-26T23:53:56.423+0000] {processor.py:840} INFO - DAG(s) 'Ingestion' retrieved from /opt/airflow/dags/ingestion_dag.py
[2025-01-26T23:53:56.472+0000] {logging_mixin.py:188} INFO - [2025-01-26T23:53:56.471+0000] {dag.py:3036} INFO - Sync 1 DAGs
[2025-01-26T23:53:56.518+0000] {logging_mixin.py:188} INFO - [2025-01-26T23:53:56.518+0000] {dag.py:3823} INFO - Setting next_dagrun for Ingestion to 2025-01-27 00:00:00+00:00, run_after=2025-01-28 00:00:00+00:00
[2025-01-26T23:53:56.550+0000] {processor.py:183} INFO - Processing /opt/airflow/dags/ingestion_dag.py took 0.277 seconds
[2025-01-26T23:54:26.777+0000] {processor.py:161} INFO - Started process (PID=636) to work on /opt/airflow/dags/ingestion_dag.py
[2025-01-26T23:54:26.779+0000] {processor.py:830} INFO - Processing file /opt/airflow/dags/ingestion_dag.py for tasks to queue
[2025-01-26T23:54:26.782+0000] {logging_mixin.py:188} INFO - [2025-01-26T23:54:26.781+0000] {dagbag.py:538} INFO - Filling up the DagBag from /opt/airflow/dags/ingestion_dag.py
[2025-01-26T23:54:26.879+0000] {processor.py:840} INFO - DAG(s) 'Ingestion' retrieved from /opt/airflow/dags/ingestion_dag.py
[2025-01-26T23:54:26.905+0000] {logging_mixin.py:188} INFO - [2025-01-26T23:54:26.905+0000] {dag.py:3036} INFO - Sync 1 DAGs
[2025-01-26T23:54:26.935+0000] {logging_mixin.py:188} INFO - [2025-01-26T23:54:26.935+0000] {dag.py:3823} INFO - Setting next_dagrun for Ingestion to 2025-01-27 00:00:00+00:00, run_after=2025-01-28 00:00:00+00:00
[2025-01-26T23:54:26.959+0000] {processor.py:183} INFO - Processing /opt/airflow/dags/ingestion_dag.py took 0.186 seconds
[2025-01-26T23:54:57.154+0000] {processor.py:161} INFO - Started process (PID=662) to work on /opt/airflow/dags/ingestion_dag.py
[2025-01-26T23:54:57.155+0000] {processor.py:830} INFO - Processing file /opt/airflow/dags/ingestion_dag.py for tasks to queue
[2025-01-26T23:54:57.157+0000] {logging_mixin.py:188} INFO - [2025-01-26T23:54:57.157+0000] {dagbag.py:538} INFO - Filling up the DagBag from /opt/airflow/dags/ingestion_dag.py
[2025-01-26T23:54:57.264+0000] {processor.py:840} INFO - DAG(s) 'Ingestion' retrieved from /opt/airflow/dags/ingestion_dag.py
[2025-01-26T23:54:57.302+0000] {logging_mixin.py:188} INFO - [2025-01-26T23:54:57.301+0000] {dag.py:3036} INFO - Sync 1 DAGs
[2025-01-26T23:54:57.331+0000] {logging_mixin.py:188} INFO - [2025-01-26T23:54:57.330+0000] {dag.py:3823} INFO - Setting next_dagrun for Ingestion to 2025-01-27 00:00:00+00:00, run_after=2025-01-28 00:00:00+00:00
[2025-01-26T23:54:57.357+0000] {processor.py:183} INFO - Processing /opt/airflow/dags/ingestion_dag.py took 0.208 seconds
[2025-01-26T23:55:27.565+0000] {processor.py:161} INFO - Started process (PID=680) to work on /opt/airflow/dags/ingestion_dag.py
[2025-01-26T23:55:27.566+0000] {processor.py:830} INFO - Processing file /opt/airflow/dags/ingestion_dag.py for tasks to queue
[2025-01-26T23:55:27.569+0000] {logging_mixin.py:188} INFO - [2025-01-26T23:55:27.569+0000] {dagbag.py:538} INFO - Filling up the DagBag from /opt/airflow/dags/ingestion_dag.py
[2025-01-26T23:55:27.671+0000] {processor.py:840} INFO - DAG(s) 'Ingestion' retrieved from /opt/airflow/dags/ingestion_dag.py
[2025-01-26T23:55:27.704+0000] {logging_mixin.py:188} INFO - [2025-01-26T23:55:27.704+0000] {dag.py:3036} INFO - Sync 1 DAGs
[2025-01-26T23:55:27.731+0000] {logging_mixin.py:188} INFO - [2025-01-26T23:55:27.731+0000] {dag.py:3823} INFO - Setting next_dagrun for Ingestion to 2025-01-27 00:00:00+00:00, run_after=2025-01-28 00:00:00+00:00
[2025-01-26T23:55:27.757+0000] {processor.py:183} INFO - Processing /opt/airflow/dags/ingestion_dag.py took 0.196 seconds
[2025-01-26T23:55:57.969+0000] {processor.py:161} INFO - Started process (PID=706) to work on /opt/airflow/dags/ingestion_dag.py
[2025-01-26T23:55:57.971+0000] {processor.py:830} INFO - Processing file /opt/airflow/dags/ingestion_dag.py for tasks to queue
[2025-01-26T23:55:57.974+0000] {logging_mixin.py:188} INFO - [2025-01-26T23:55:57.974+0000] {dagbag.py:538} INFO - Filling up the DagBag from /opt/airflow/dags/ingestion_dag.py
[2025-01-26T23:55:58.082+0000] {processor.py:840} INFO - DAG(s) 'Ingestion' retrieved from /opt/airflow/dags/ingestion_dag.py
[2025-01-26T23:55:58.120+0000] {logging_mixin.py:188} INFO - [2025-01-26T23:55:58.120+0000] {dag.py:3036} INFO - Sync 1 DAGs
[2025-01-26T23:55:58.157+0000] {logging_mixin.py:188} INFO - [2025-01-26T23:55:58.157+0000] {dag.py:3823} INFO - Setting next_dagrun for Ingestion to 2025-01-27 00:00:00+00:00, run_after=2025-01-28 00:00:00+00:00
[2025-01-26T23:55:58.184+0000] {processor.py:183} INFO - Processing /opt/airflow/dags/ingestion_dag.py took 0.221 seconds
[2025-01-26T23:56:28.426+0000] {processor.py:161} INFO - Started process (PID=725) to work on /opt/airflow/dags/ingestion_dag.py
[2025-01-26T23:56:28.428+0000] {processor.py:830} INFO - Processing file /opt/airflow/dags/ingestion_dag.py for tasks to queue
[2025-01-26T23:56:28.432+0000] {logging_mixin.py:188} INFO - [2025-01-26T23:56:28.431+0000] {dagbag.py:538} INFO - Filling up the DagBag from /opt/airflow/dags/ingestion_dag.py
[2025-01-26T23:56:28.551+0000] {processor.py:840} INFO - DAG(s) 'Ingestion' retrieved from /opt/airflow/dags/ingestion_dag.py
[2025-01-26T23:56:28.568+0000] {logging_mixin.py:188} INFO - [2025-01-26T23:56:28.568+0000] {dag.py:3036} INFO - Sync 1 DAGs
[2025-01-26T23:56:28.610+0000] {logging_mixin.py:188} INFO - [2025-01-26T23:56:28.610+0000] {dag.py:3823} INFO - Setting next_dagrun for Ingestion to 2025-01-27 00:00:00+00:00, run_after=2025-01-28 00:00:00+00:00
[2025-01-26T23:56:28.641+0000] {processor.py:183} INFO - Processing /opt/airflow/dags/ingestion_dag.py took 0.221 seconds
[2025-01-26T23:56:59.040+0000] {processor.py:161} INFO - Started process (PID=744) to work on /opt/airflow/dags/ingestion_dag.py
[2025-01-26T23:56:59.042+0000] {processor.py:830} INFO - Processing file /opt/airflow/dags/ingestion_dag.py for tasks to queue
[2025-01-26T23:56:59.046+0000] {logging_mixin.py:188} INFO - [2025-01-26T23:56:59.045+0000] {dagbag.py:538} INFO - Filling up the DagBag from /opt/airflow/dags/ingestion_dag.py
[2025-01-26T23:56:59.195+0000] {processor.py:840} INFO - DAG(s) 'Ingestion' retrieved from /opt/airflow/dags/ingestion_dag.py
[2025-01-26T23:56:59.553+0000] {logging_mixin.py:188} INFO - [2025-01-26T23:56:59.553+0000] {dag.py:3036} INFO - Sync 1 DAGs
[2025-01-26T23:56:59.576+0000] {logging_mixin.py:188} INFO - [2025-01-26T23:56:59.576+0000] {dag.py:3823} INFO - Setting next_dagrun for Ingestion to 2025-01-27 00:00:00+00:00, run_after=2025-01-28 00:00:00+00:00
[2025-01-26T23:56:59.614+0000] {processor.py:183} INFO - Processing /opt/airflow/dags/ingestion_dag.py took 0.583 seconds
[2025-01-26T23:57:29.902+0000] {processor.py:161} INFO - Started process (PID=762) to work on /opt/airflow/dags/ingestion_dag.py
[2025-01-26T23:57:29.903+0000] {processor.py:830} INFO - Processing file /opt/airflow/dags/ingestion_dag.py for tasks to queue
[2025-01-26T23:57:29.906+0000] {logging_mixin.py:188} INFO - [2025-01-26T23:57:29.906+0000] {dagbag.py:538} INFO - Filling up the DagBag from /opt/airflow/dags/ingestion_dag.py
[2025-01-26T23:57:30.058+0000] {processor.py:840} INFO - DAG(s) 'Ingestion' retrieved from /opt/airflow/dags/ingestion_dag.py
[2025-01-26T23:57:30.106+0000] {logging_mixin.py:188} INFO - [2025-01-26T23:57:30.105+0000] {dag.py:3036} INFO - Sync 1 DAGs
[2025-01-26T23:57:30.147+0000] {logging_mixin.py:188} INFO - [2025-01-26T23:57:30.146+0000] {dag.py:3823} INFO - Setting next_dagrun for Ingestion to 2025-01-27 00:00:00+00:00, run_after=2025-01-28 00:00:00+00:00
[2025-01-26T23:57:30.185+0000] {processor.py:183} INFO - Processing /opt/airflow/dags/ingestion_dag.py took 0.288 seconds
[2025-01-26T23:58:00.364+0000] {processor.py:161} INFO - Started process (PID=788) to work on /opt/airflow/dags/ingestion_dag.py
[2025-01-26T23:58:00.366+0000] {processor.py:830} INFO - Processing file /opt/airflow/dags/ingestion_dag.py for tasks to queue
[2025-01-26T23:58:00.368+0000] {logging_mixin.py:188} INFO - [2025-01-26T23:58:00.367+0000] {dagbag.py:538} INFO - Filling up the DagBag from /opt/airflow/dags/ingestion_dag.py
[2025-01-26T23:58:00.460+0000] {processor.py:840} INFO - DAG(s) 'Ingestion' retrieved from /opt/airflow/dags/ingestion_dag.py
[2025-01-26T23:58:00.486+0000] {logging_mixin.py:188} INFO - [2025-01-26T23:58:00.485+0000] {dag.py:3036} INFO - Sync 1 DAGs
[2025-01-26T23:58:00.524+0000] {logging_mixin.py:188} INFO - [2025-01-26T23:58:00.523+0000] {dag.py:3823} INFO - Setting next_dagrun for Ingestion to 2025-01-27 00:00:00+00:00, run_after=2025-01-28 00:00:00+00:00
[2025-01-26T23:58:00.550+0000] {processor.py:183} INFO - Processing /opt/airflow/dags/ingestion_dag.py took 0.190 seconds
[2025-01-26T23:58:30.787+0000] {processor.py:161} INFO - Started process (PID=806) to work on /opt/airflow/dags/ingestion_dag.py
[2025-01-26T23:58:30.789+0000] {processor.py:830} INFO - Processing file /opt/airflow/dags/ingestion_dag.py for tasks to queue
[2025-01-26T23:58:30.792+0000] {logging_mixin.py:188} INFO - [2025-01-26T23:58:30.791+0000] {dagbag.py:538} INFO - Filling up the DagBag from /opt/airflow/dags/ingestion_dag.py
[2025-01-26T23:58:30.907+0000] {processor.py:840} INFO - DAG(s) 'Ingestion' retrieved from /opt/airflow/dags/ingestion_dag.py
[2025-01-26T23:58:30.938+0000] {logging_mixin.py:188} INFO - [2025-01-26T23:58:30.938+0000] {dag.py:3036} INFO - Sync 1 DAGs
[2025-01-26T23:58:30.969+0000] {logging_mixin.py:188} INFO - [2025-01-26T23:58:30.968+0000] {dag.py:3823} INFO - Setting next_dagrun for Ingestion to 2025-01-27 00:00:00+00:00, run_after=2025-01-28 00:00:00+00:00
[2025-01-26T23:58:31.005+0000] {processor.py:183} INFO - Processing /opt/airflow/dags/ingestion_dag.py took 0.225 seconds
[2025-01-26T23:59:01.361+0000] {processor.py:161} INFO - Started process (PID=832) to work on /opt/airflow/dags/ingestion_dag.py
[2025-01-26T23:59:01.363+0000] {processor.py:830} INFO - Processing file /opt/airflow/dags/ingestion_dag.py for tasks to queue
[2025-01-26T23:59:01.366+0000] {logging_mixin.py:188} INFO - [2025-01-26T23:59:01.365+0000] {dagbag.py:538} INFO - Filling up the DagBag from /opt/airflow/dags/ingestion_dag.py
[2025-01-26T23:59:01.531+0000] {processor.py:840} INFO - DAG(s) 'Ingestion' retrieved from /opt/airflow/dags/ingestion_dag.py
[2025-01-26T23:59:01.635+0000] {logging_mixin.py:188} INFO - [2025-01-26T23:59:01.634+0000] {dag.py:3036} INFO - Sync 1 DAGs
[2025-01-26T23:59:01.681+0000] {logging_mixin.py:188} INFO - [2025-01-26T23:59:01.681+0000] {dag.py:3823} INFO - Setting next_dagrun for Ingestion to 2025-01-27 00:00:00+00:00, run_after=2025-01-28 00:00:00+00:00
[2025-01-26T23:59:01.715+0000] {processor.py:183} INFO - Processing /opt/airflow/dags/ingestion_dag.py took 0.410 seconds
[2025-01-26T23:59:31.940+0000] {processor.py:161} INFO - Started process (PID=850) to work on /opt/airflow/dags/ingestion_dag.py
[2025-01-26T23:59:31.941+0000] {processor.py:830} INFO - Processing file /opt/airflow/dags/ingestion_dag.py for tasks to queue
[2025-01-26T23:59:31.943+0000] {logging_mixin.py:188} INFO - [2025-01-26T23:59:31.943+0000] {dagbag.py:538} INFO - Filling up the DagBag from /opt/airflow/dags/ingestion_dag.py
[2025-01-26T23:59:32.019+0000] {processor.py:840} INFO - DAG(s) 'Ingestion' retrieved from /opt/airflow/dags/ingestion_dag.py
[2025-01-26T23:59:32.048+0000] {logging_mixin.py:188} INFO - [2025-01-26T23:59:32.048+0000] {dag.py:3036} INFO - Sync 1 DAGs
[2025-01-26T23:59:32.073+0000] {logging_mixin.py:188} INFO - [2025-01-26T23:59:32.073+0000] {dag.py:3823} INFO - Setting next_dagrun for Ingestion to 2025-01-27 00:00:00+00:00, run_after=2025-01-28 00:00:00+00:00
[2025-01-26T23:59:32.099+0000] {processor.py:183} INFO - Processing /opt/airflow/dags/ingestion_dag.py took 0.164 seconds
