[2025-01-26T23:41:07.683+0000] {processor.py:161} INFO - Started process (PID=86) to work on /opt/airflow/dags/train_dag.py
[2025-01-26T23:41:07.707+0000] {processor.py:830} INFO - Processing file /opt/airflow/dags/train_dag.py for tasks to queue
[2025-01-26T23:41:07.739+0000] {logging_mixin.py:188} INFO - [2025-01-26T23:41:07.737+0000] {dagbag.py:538} INFO - Filling up the DagBag from /opt/airflow/dags/train_dag.py
[2025-01-26T23:41:10.807+0000] {processor.py:840} INFO - DAG(s) 'Train' retrieved from /opt/airflow/dags/train_dag.py
[2025-01-26T23:41:14.180+0000] {logging_mixin.py:188} INFO - [2025-01-26T23:41:14.176+0000] {override.py:1769} INFO - Created Permission View: can read on DAG:Train
[2025-01-26T23:41:14.213+0000] {logging_mixin.py:188} INFO - [2025-01-26T23:41:14.212+0000] {override.py:1769} INFO - Created Permission View: can edit on DAG:Train
[2025-01-26T23:41:14.228+0000] {logging_mixin.py:188} INFO - [2025-01-26T23:41:14.228+0000] {override.py:1769} INFO - Created Permission View: can delete on DAG:Train
[2025-01-26T23:41:14.230+0000] {logging_mixin.py:188} INFO - [2025-01-26T23:41:14.230+0000] {dag.py:3036} INFO - Sync 1 DAGs
[2025-01-26T23:41:14.283+0000] {logging_mixin.py:188} INFO - [2025-01-26T23:41:14.282+0000] {dag.py:3058} INFO - Creating ORM DAG for Train
[2025-01-26T23:41:14.352+0000] {logging_mixin.py:188} INFO - [2025-01-26T23:41:14.351+0000] {dag.py:3823} INFO - Setting next_dagrun for Train to 2025-02-02 00:00:00+00:00, run_after=2025-02-09 00:00:00+00:00
[2025-01-26T23:41:14.430+0000] {processor.py:183} INFO - Processing /opt/airflow/dags/train_dag.py took 6.913 seconds
[2025-01-26T23:41:45.060+0000] {processor.py:161} INFO - Started process (PID=104) to work on /opt/airflow/dags/train_dag.py
[2025-01-26T23:41:45.065+0000] {processor.py:830} INFO - Processing file /opt/airflow/dags/train_dag.py for tasks to queue
[2025-01-26T23:41:45.093+0000] {logging_mixin.py:188} INFO - [2025-01-26T23:41:45.089+0000] {dagbag.py:538} INFO - Filling up the DagBag from /opt/airflow/dags/train_dag.py
[2025-01-26T23:41:45.751+0000] {processor.py:840} INFO - DAG(s) 'Train' retrieved from /opt/airflow/dags/train_dag.py
[2025-01-26T23:41:45.862+0000] {logging_mixin.py:188} INFO - [2025-01-26T23:41:45.862+0000] {dag.py:3036} INFO - Sync 1 DAGs
[2025-01-26T23:41:45.948+0000] {logging_mixin.py:188} INFO - [2025-01-26T23:41:45.948+0000] {dag.py:3823} INFO - Setting next_dagrun for Train to 2025-02-02 00:00:00+00:00, run_after=2025-02-09 00:00:00+00:00
[2025-01-26T23:41:46.019+0000] {processor.py:183} INFO - Processing /opt/airflow/dags/train_dag.py took 1.017 seconds
[2025-01-26T23:42:16.213+0000] {processor.py:161} INFO - Started process (PID=122) to work on /opt/airflow/dags/train_dag.py
[2025-01-26T23:42:16.215+0000] {processor.py:830} INFO - Processing file /opt/airflow/dags/train_dag.py for tasks to queue
[2025-01-26T23:42:16.219+0000] {logging_mixin.py:188} INFO - [2025-01-26T23:42:16.219+0000] {dagbag.py:538} INFO - Filling up the DagBag from /opt/airflow/dags/train_dag.py
[2025-01-26T23:42:16.349+0000] {processor.py:840} INFO - DAG(s) 'Train' retrieved from /opt/airflow/dags/train_dag.py
[2025-01-26T23:42:16.382+0000] {logging_mixin.py:188} INFO - [2025-01-26T23:42:16.382+0000] {dag.py:3036} INFO - Sync 1 DAGs
[2025-01-26T23:42:16.417+0000] {logging_mixin.py:188} INFO - [2025-01-26T23:42:16.416+0000] {dag.py:3823} INFO - Setting next_dagrun for Train to 2025-02-02 00:00:00+00:00, run_after=2025-02-09 00:00:00+00:00
[2025-01-26T23:42:16.446+0000] {processor.py:183} INFO - Processing /opt/airflow/dags/train_dag.py took 0.241 seconds
[2025-01-26T23:42:46.661+0000] {processor.py:161} INFO - Started process (PID=148) to work on /opt/airflow/dags/train_dag.py
[2025-01-26T23:42:46.663+0000] {processor.py:830} INFO - Processing file /opt/airflow/dags/train_dag.py for tasks to queue
[2025-01-26T23:42:46.668+0000] {logging_mixin.py:188} INFO - [2025-01-26T23:42:46.668+0000] {dagbag.py:538} INFO - Filling up the DagBag from /opt/airflow/dags/train_dag.py
[2025-01-26T23:42:46.825+0000] {processor.py:840} INFO - DAG(s) 'Train' retrieved from /opt/airflow/dags/train_dag.py
[2025-01-26T23:42:46.875+0000] {logging_mixin.py:188} INFO - [2025-01-26T23:42:46.875+0000] {dag.py:3036} INFO - Sync 1 DAGs
[2025-01-26T23:42:46.912+0000] {logging_mixin.py:188} INFO - [2025-01-26T23:42:46.912+0000] {dag.py:3823} INFO - Setting next_dagrun for Train to 2025-02-02 00:00:00+00:00, run_after=2025-02-09 00:00:00+00:00
[2025-01-26T23:42:46.939+0000] {processor.py:183} INFO - Processing /opt/airflow/dags/train_dag.py took 0.294 seconds
[2025-01-26T23:43:17.168+0000] {processor.py:161} INFO - Started process (PID=166) to work on /opt/airflow/dags/train_dag.py
[2025-01-26T23:43:17.170+0000] {processor.py:830} INFO - Processing file /opt/airflow/dags/train_dag.py for tasks to queue
[2025-01-26T23:43:17.173+0000] {logging_mixin.py:188} INFO - [2025-01-26T23:43:17.172+0000] {dagbag.py:538} INFO - Filling up the DagBag from /opt/airflow/dags/train_dag.py
[2025-01-26T23:43:17.286+0000] {processor.py:840} INFO - DAG(s) 'Train' retrieved from /opt/airflow/dags/train_dag.py
[2025-01-26T23:43:17.330+0000] {logging_mixin.py:188} INFO - [2025-01-26T23:43:17.329+0000] {dag.py:3036} INFO - Sync 1 DAGs
[2025-01-26T23:43:17.364+0000] {logging_mixin.py:188} INFO - [2025-01-26T23:43:17.364+0000] {dag.py:3823} INFO - Setting next_dagrun for Train to 2025-02-02 00:00:00+00:00, run_after=2025-02-09 00:00:00+00:00
[2025-01-26T23:43:17.397+0000] {processor.py:183} INFO - Processing /opt/airflow/dags/train_dag.py took 0.235 seconds
[2025-01-26T23:43:47.620+0000] {processor.py:161} INFO - Started process (PID=184) to work on /opt/airflow/dags/train_dag.py
[2025-01-26T23:43:47.622+0000] {processor.py:830} INFO - Processing file /opt/airflow/dags/train_dag.py for tasks to queue
[2025-01-26T23:43:47.626+0000] {logging_mixin.py:188} INFO - [2025-01-26T23:43:47.625+0000] {dagbag.py:538} INFO - Filling up the DagBag from /opt/airflow/dags/train_dag.py
[2025-01-26T23:43:47.731+0000] {processor.py:840} INFO - DAG(s) 'Train' retrieved from /opt/airflow/dags/train_dag.py
[2025-01-26T23:43:47.764+0000] {logging_mixin.py:188} INFO - [2025-01-26T23:43:47.764+0000] {dag.py:3036} INFO - Sync 1 DAGs
[2025-01-26T23:43:47.790+0000] {logging_mixin.py:188} INFO - [2025-01-26T23:43:47.789+0000] {dag.py:3823} INFO - Setting next_dagrun for Train to 2025-02-02 00:00:00+00:00, run_after=2025-02-09 00:00:00+00:00
[2025-01-26T23:43:47.816+0000] {processor.py:183} INFO - Processing /opt/airflow/dags/train_dag.py took 0.199 seconds
[2025-01-26T23:44:18.032+0000] {processor.py:161} INFO - Started process (PID=210) to work on /opt/airflow/dags/train_dag.py
[2025-01-26T23:44:18.038+0000] {processor.py:830} INFO - Processing file /opt/airflow/dags/train_dag.py for tasks to queue
[2025-01-26T23:44:18.050+0000] {logging_mixin.py:188} INFO - [2025-01-26T23:44:18.049+0000] {dagbag.py:538} INFO - Filling up the DagBag from /opt/airflow/dags/train_dag.py
[2025-01-26T23:44:18.268+0000] {processor.py:840} INFO - DAG(s) 'Train' retrieved from /opt/airflow/dags/train_dag.py
[2025-01-26T23:44:18.355+0000] {logging_mixin.py:188} INFO - [2025-01-26T23:44:18.354+0000] {dag.py:3036} INFO - Sync 1 DAGs
[2025-01-26T23:44:18.409+0000] {logging_mixin.py:188} INFO - [2025-01-26T23:44:18.408+0000] {dag.py:3823} INFO - Setting next_dagrun for Train to 2025-02-02 00:00:00+00:00, run_after=2025-02-09 00:00:00+00:00
[2025-01-26T23:44:18.451+0000] {processor.py:183} INFO - Processing /opt/airflow/dags/train_dag.py took 0.434 seconds
[2025-01-26T23:44:48.704+0000] {processor.py:161} INFO - Started process (PID=228) to work on /opt/airflow/dags/train_dag.py
[2025-01-26T23:44:48.707+0000] {processor.py:830} INFO - Processing file /opt/airflow/dags/train_dag.py for tasks to queue
[2025-01-26T23:44:48.711+0000] {logging_mixin.py:188} INFO - [2025-01-26T23:44:48.711+0000] {dagbag.py:538} INFO - Filling up the DagBag from /opt/airflow/dags/train_dag.py
[2025-01-26T23:44:48.849+0000] {processor.py:840} INFO - DAG(s) 'Train' retrieved from /opt/airflow/dags/train_dag.py
[2025-01-26T23:44:48.901+0000] {logging_mixin.py:188} INFO - [2025-01-26T23:44:48.901+0000] {dag.py:3036} INFO - Sync 1 DAGs
[2025-01-26T23:44:48.957+0000] {logging_mixin.py:188} INFO - [2025-01-26T23:44:48.956+0000] {dag.py:3823} INFO - Setting next_dagrun for Train to 2025-02-02 00:00:00+00:00, run_after=2025-02-09 00:00:00+00:00
[2025-01-26T23:44:48.993+0000] {processor.py:183} INFO - Processing /opt/airflow/dags/train_dag.py took 0.297 seconds
[2025-01-26T23:45:19.236+0000] {processor.py:161} INFO - Started process (PID=246) to work on /opt/airflow/dags/train_dag.py
[2025-01-26T23:45:19.239+0000] {processor.py:830} INFO - Processing file /opt/airflow/dags/train_dag.py for tasks to queue
[2025-01-26T23:45:19.244+0000] {logging_mixin.py:188} INFO - [2025-01-26T23:45:19.244+0000] {dagbag.py:538} INFO - Filling up the DagBag from /opt/airflow/dags/train_dag.py
[2025-01-26T23:45:19.360+0000] {processor.py:840} INFO - DAG(s) 'Train' retrieved from /opt/airflow/dags/train_dag.py
[2025-01-26T23:45:19.402+0000] {logging_mixin.py:188} INFO - [2025-01-26T23:45:19.402+0000] {dag.py:3036} INFO - Sync 1 DAGs
[2025-01-26T23:45:19.434+0000] {logging_mixin.py:188} INFO - [2025-01-26T23:45:19.434+0000] {dag.py:3823} INFO - Setting next_dagrun for Train to 2025-02-02 00:00:00+00:00, run_after=2025-02-09 00:00:00+00:00
[2025-01-26T23:45:19.463+0000] {processor.py:183} INFO - Processing /opt/airflow/dags/train_dag.py took 0.237 seconds
[2025-01-26T23:45:49.660+0000] {processor.py:161} INFO - Started process (PID=271) to work on /opt/airflow/dags/train_dag.py
[2025-01-26T23:45:49.663+0000] {processor.py:830} INFO - Processing file /opt/airflow/dags/train_dag.py for tasks to queue
[2025-01-26T23:45:49.666+0000] {logging_mixin.py:188} INFO - [2025-01-26T23:45:49.665+0000] {dagbag.py:538} INFO - Filling up the DagBag from /opt/airflow/dags/train_dag.py
[2025-01-26T23:45:49.829+0000] {processor.py:840} INFO - DAG(s) 'Train' retrieved from /opt/airflow/dags/train_dag.py
[2025-01-26T23:45:49.878+0000] {logging_mixin.py:188} INFO - [2025-01-26T23:45:49.878+0000] {dag.py:3036} INFO - Sync 1 DAGs
[2025-01-26T23:45:49.922+0000] {logging_mixin.py:188} INFO - [2025-01-26T23:45:49.922+0000] {dag.py:3823} INFO - Setting next_dagrun for Train to 2025-02-02 00:00:00+00:00, run_after=2025-02-09 00:00:00+00:00
[2025-01-26T23:45:49.965+0000] {processor.py:183} INFO - Processing /opt/airflow/dags/train_dag.py took 0.310 seconds
[2025-01-26T23:46:20.294+0000] {processor.py:161} INFO - Started process (PID=291) to work on /opt/airflow/dags/train_dag.py
[2025-01-26T23:46:20.296+0000] {processor.py:830} INFO - Processing file /opt/airflow/dags/train_dag.py for tasks to queue
[2025-01-26T23:46:20.299+0000] {logging_mixin.py:188} INFO - [2025-01-26T23:46:20.298+0000] {dagbag.py:538} INFO - Filling up the DagBag from /opt/airflow/dags/train_dag.py
[2025-01-26T23:46:20.430+0000] {processor.py:840} INFO - DAG(s) 'Train' retrieved from /opt/airflow/dags/train_dag.py
[2025-01-26T23:46:20.466+0000] {logging_mixin.py:188} INFO - [2025-01-26T23:46:20.465+0000] {dag.py:3036} INFO - Sync 1 DAGs
[2025-01-26T23:46:20.499+0000] {logging_mixin.py:188} INFO - [2025-01-26T23:46:20.499+0000] {dag.py:3823} INFO - Setting next_dagrun for Train to 2025-02-02 00:00:00+00:00, run_after=2025-02-09 00:00:00+00:00
[2025-01-26T23:46:20.526+0000] {processor.py:183} INFO - Processing /opt/airflow/dags/train_dag.py took 0.238 seconds
[2025-01-26T23:46:50.721+0000] {processor.py:161} INFO - Started process (PID=309) to work on /opt/airflow/dags/train_dag.py
[2025-01-26T23:46:50.723+0000] {processor.py:830} INFO - Processing file /opt/airflow/dags/train_dag.py for tasks to queue
[2025-01-26T23:46:50.726+0000] {logging_mixin.py:188} INFO - [2025-01-26T23:46:50.726+0000] {dagbag.py:538} INFO - Filling up the DagBag from /opt/airflow/dags/train_dag.py
[2025-01-26T23:46:50.835+0000] {processor.py:840} INFO - DAG(s) 'Train' retrieved from /opt/airflow/dags/train_dag.py
[2025-01-26T23:46:50.867+0000] {logging_mixin.py:188} INFO - [2025-01-26T23:46:50.867+0000] {dag.py:3036} INFO - Sync 1 DAGs
[2025-01-26T23:46:50.896+0000] {logging_mixin.py:188} INFO - [2025-01-26T23:46:50.896+0000] {dag.py:3823} INFO - Setting next_dagrun for Train to 2025-02-02 00:00:00+00:00, run_after=2025-02-09 00:00:00+00:00
[2025-01-26T23:46:50.925+0000] {processor.py:183} INFO - Processing /opt/airflow/dags/train_dag.py took 0.209 seconds
[2025-01-26T23:47:21.130+0000] {processor.py:161} INFO - Started process (PID=327) to work on /opt/airflow/dags/train_dag.py
[2025-01-26T23:47:21.132+0000] {processor.py:830} INFO - Processing file /opt/airflow/dags/train_dag.py for tasks to queue
[2025-01-26T23:47:21.135+0000] {logging_mixin.py:188} INFO - [2025-01-26T23:47:21.135+0000] {dagbag.py:538} INFO - Filling up the DagBag from /opt/airflow/dags/train_dag.py
[2025-01-26T23:47:21.238+0000] {processor.py:840} INFO - DAG(s) 'Train' retrieved from /opt/airflow/dags/train_dag.py
[2025-01-26T23:47:21.270+0000] {logging_mixin.py:188} INFO - [2025-01-26T23:47:21.270+0000] {dag.py:3036} INFO - Sync 1 DAGs
[2025-01-26T23:47:21.300+0000] {logging_mixin.py:188} INFO - [2025-01-26T23:47:21.300+0000] {dag.py:3823} INFO - Setting next_dagrun for Train to 2025-02-02 00:00:00+00:00, run_after=2025-02-09 00:00:00+00:00
[2025-01-26T23:47:21.324+0000] {processor.py:183} INFO - Processing /opt/airflow/dags/train_dag.py took 0.199 seconds
[2025-01-26T23:47:51.545+0000] {processor.py:161} INFO - Started process (PID=353) to work on /opt/airflow/dags/train_dag.py
[2025-01-26T23:47:51.546+0000] {processor.py:830} INFO - Processing file /opt/airflow/dags/train_dag.py for tasks to queue
[2025-01-26T23:47:51.550+0000] {logging_mixin.py:188} INFO - [2025-01-26T23:47:51.550+0000] {dagbag.py:538} INFO - Filling up the DagBag from /opt/airflow/dags/train_dag.py
[2025-01-26T23:47:51.654+0000] {processor.py:840} INFO - DAG(s) 'Train' retrieved from /opt/airflow/dags/train_dag.py
[2025-01-26T23:47:51.679+0000] {logging_mixin.py:188} INFO - [2025-01-26T23:47:51.678+0000] {dag.py:3036} INFO - Sync 1 DAGs
[2025-01-26T23:47:51.701+0000] {logging_mixin.py:188} INFO - [2025-01-26T23:47:51.701+0000] {dag.py:3823} INFO - Setting next_dagrun for Train to 2025-02-02 00:00:00+00:00, run_after=2025-02-09 00:00:00+00:00
[2025-01-26T23:47:51.721+0000] {processor.py:183} INFO - Processing /opt/airflow/dags/train_dag.py took 0.180 seconds
[2025-01-26T23:48:21.924+0000] {processor.py:161} INFO - Started process (PID=371) to work on /opt/airflow/dags/train_dag.py
[2025-01-26T23:48:21.926+0000] {processor.py:830} INFO - Processing file /opt/airflow/dags/train_dag.py for tasks to queue
[2025-01-26T23:48:21.929+0000] {logging_mixin.py:188} INFO - [2025-01-26T23:48:21.929+0000] {dagbag.py:538} INFO - Filling up the DagBag from /opt/airflow/dags/train_dag.py
[2025-01-26T23:48:22.060+0000] {processor.py:840} INFO - DAG(s) 'Train' retrieved from /opt/airflow/dags/train_dag.py
[2025-01-26T23:48:22.105+0000] {logging_mixin.py:188} INFO - [2025-01-26T23:48:22.104+0000] {dag.py:3036} INFO - Sync 1 DAGs
[2025-01-26T23:48:22.145+0000] {logging_mixin.py:188} INFO - [2025-01-26T23:48:22.144+0000] {dag.py:3823} INFO - Setting next_dagrun for Train to 2025-02-02 00:00:00+00:00, run_after=2025-02-09 00:00:00+00:00
[2025-01-26T23:48:22.172+0000] {processor.py:183} INFO - Processing /opt/airflow/dags/train_dag.py took 0.253 seconds
[2025-01-26T23:48:52.378+0000] {processor.py:161} INFO - Started process (PID=397) to work on /opt/airflow/dags/train_dag.py
[2025-01-26T23:48:52.379+0000] {processor.py:830} INFO - Processing file /opt/airflow/dags/train_dag.py for tasks to queue
[2025-01-26T23:48:52.381+0000] {logging_mixin.py:188} INFO - [2025-01-26T23:48:52.381+0000] {dagbag.py:538} INFO - Filling up the DagBag from /opt/airflow/dags/train_dag.py
[2025-01-26T23:48:52.464+0000] {processor.py:840} INFO - DAG(s) 'Train' retrieved from /opt/airflow/dags/train_dag.py
[2025-01-26T23:48:52.492+0000] {logging_mixin.py:188} INFO - [2025-01-26T23:48:52.492+0000] {dag.py:3036} INFO - Sync 1 DAGs
[2025-01-26T23:48:52.515+0000] {logging_mixin.py:188} INFO - [2025-01-26T23:48:52.514+0000] {dag.py:3823} INFO - Setting next_dagrun for Train to 2025-02-02 00:00:00+00:00, run_after=2025-02-09 00:00:00+00:00
[2025-01-26T23:48:52.536+0000] {processor.py:183} INFO - Processing /opt/airflow/dags/train_dag.py took 0.163 seconds
[2025-01-26T23:49:22.602+0000] {processor.py:161} INFO - Started process (PID=415) to work on /opt/airflow/dags/train_dag.py
[2025-01-26T23:49:22.603+0000] {processor.py:830} INFO - Processing file /opt/airflow/dags/train_dag.py for tasks to queue
[2025-01-26T23:49:22.607+0000] {logging_mixin.py:188} INFO - [2025-01-26T23:49:22.606+0000] {dagbag.py:538} INFO - Filling up the DagBag from /opt/airflow/dags/train_dag.py
[2025-01-26T23:49:22.732+0000] {processor.py:840} INFO - DAG(s) 'Train' retrieved from /opt/airflow/dags/train_dag.py
[2025-01-26T23:49:22.771+0000] {logging_mixin.py:188} INFO - [2025-01-26T23:49:22.771+0000] {dag.py:3036} INFO - Sync 1 DAGs
[2025-01-26T23:49:22.828+0000] {logging_mixin.py:188} INFO - [2025-01-26T23:49:22.828+0000] {dag.py:3823} INFO - Setting next_dagrun for Train to 2025-02-02 00:00:00+00:00, run_after=2025-02-09 00:00:00+00:00
[2025-01-26T23:49:22.862+0000] {processor.py:183} INFO - Processing /opt/airflow/dags/train_dag.py took 0.266 seconds
[2025-01-26T23:49:53.038+0000] {processor.py:161} INFO - Started process (PID=441) to work on /opt/airflow/dags/train_dag.py
[2025-01-26T23:49:53.039+0000] {processor.py:830} INFO - Processing file /opt/airflow/dags/train_dag.py for tasks to queue
[2025-01-26T23:49:53.041+0000] {logging_mixin.py:188} INFO - [2025-01-26T23:49:53.041+0000] {dagbag.py:538} INFO - Filling up the DagBag from /opt/airflow/dags/train_dag.py
[2025-01-26T23:49:53.121+0000] {processor.py:840} INFO - DAG(s) 'Train' retrieved from /opt/airflow/dags/train_dag.py
[2025-01-26T23:49:53.146+0000] {logging_mixin.py:188} INFO - [2025-01-26T23:49:53.146+0000] {dag.py:3036} INFO - Sync 1 DAGs
[2025-01-26T23:49:53.168+0000] {logging_mixin.py:188} INFO - [2025-01-26T23:49:53.167+0000] {dag.py:3823} INFO - Setting next_dagrun for Train to 2025-02-02 00:00:00+00:00, run_after=2025-02-09 00:00:00+00:00
[2025-01-26T23:49:53.189+0000] {processor.py:183} INFO - Processing /opt/airflow/dags/train_dag.py took 0.154 seconds
[2025-01-26T23:50:23.397+0000] {processor.py:161} INFO - Started process (PID=459) to work on /opt/airflow/dags/train_dag.py
[2025-01-26T23:50:23.398+0000] {processor.py:830} INFO - Processing file /opt/airflow/dags/train_dag.py for tasks to queue
[2025-01-26T23:50:23.402+0000] {logging_mixin.py:188} INFO - [2025-01-26T23:50:23.401+0000] {dagbag.py:538} INFO - Filling up the DagBag from /opt/airflow/dags/train_dag.py
[2025-01-26T23:50:23.483+0000] {processor.py:840} INFO - DAG(s) 'Train' retrieved from /opt/airflow/dags/train_dag.py
[2025-01-26T23:50:23.507+0000] {logging_mixin.py:188} INFO - [2025-01-26T23:50:23.507+0000] {dag.py:3036} INFO - Sync 1 DAGs
[2025-01-26T23:50:23.528+0000] {logging_mixin.py:188} INFO - [2025-01-26T23:50:23.528+0000] {dag.py:3823} INFO - Setting next_dagrun for Train to 2025-02-02 00:00:00+00:00, run_after=2025-02-09 00:00:00+00:00
[2025-01-26T23:50:23.549+0000] {processor.py:183} INFO - Processing /opt/airflow/dags/train_dag.py took 0.157 seconds
[2025-01-26T23:50:53.811+0000] {processor.py:161} INFO - Started process (PID=485) to work on /opt/airflow/dags/train_dag.py
[2025-01-26T23:50:53.813+0000] {processor.py:830} INFO - Processing file /opt/airflow/dags/train_dag.py for tasks to queue
[2025-01-26T23:50:53.815+0000] {logging_mixin.py:188} INFO - [2025-01-26T23:50:53.815+0000] {dagbag.py:538} INFO - Filling up the DagBag from /opt/airflow/dags/train_dag.py
[2025-01-26T23:50:53.889+0000] {processor.py:840} INFO - DAG(s) 'Train' retrieved from /opt/airflow/dags/train_dag.py
[2025-01-26T23:50:53.914+0000] {logging_mixin.py:188} INFO - [2025-01-26T23:50:53.914+0000] {dag.py:3036} INFO - Sync 1 DAGs
[2025-01-26T23:50:53.936+0000] {logging_mixin.py:188} INFO - [2025-01-26T23:50:53.936+0000] {dag.py:3823} INFO - Setting next_dagrun for Train to 2025-02-02 00:00:00+00:00, run_after=2025-02-09 00:00:00+00:00
[2025-01-26T23:50:53.956+0000] {processor.py:183} INFO - Processing /opt/airflow/dags/train_dag.py took 0.149 seconds
[2025-01-26T23:51:24.260+0000] {processor.py:161} INFO - Started process (PID=503) to work on /opt/airflow/dags/train_dag.py
[2025-01-26T23:51:24.262+0000] {processor.py:830} INFO - Processing file /opt/airflow/dags/train_dag.py for tasks to queue
[2025-01-26T23:51:24.265+0000] {logging_mixin.py:188} INFO - [2025-01-26T23:51:24.264+0000] {dagbag.py:538} INFO - Filling up the DagBag from /opt/airflow/dags/train_dag.py
[2025-01-26T23:51:24.358+0000] {processor.py:840} INFO - DAG(s) 'Train' retrieved from /opt/airflow/dags/train_dag.py
[2025-01-26T23:51:24.388+0000] {logging_mixin.py:188} INFO - [2025-01-26T23:51:24.387+0000] {dag.py:3036} INFO - Sync 1 DAGs
[2025-01-26T23:51:24.411+0000] {logging_mixin.py:188} INFO - [2025-01-26T23:51:24.411+0000] {dag.py:3823} INFO - Setting next_dagrun for Train to 2025-02-02 00:00:00+00:00, run_after=2025-02-09 00:00:00+00:00
[2025-01-26T23:51:24.435+0000] {processor.py:183} INFO - Processing /opt/airflow/dags/train_dag.py took 0.178 seconds
[2025-01-26T23:51:54.607+0000] {processor.py:161} INFO - Started process (PID=529) to work on /opt/airflow/dags/train_dag.py
[2025-01-26T23:51:54.608+0000] {processor.py:830} INFO - Processing file /opt/airflow/dags/train_dag.py for tasks to queue
[2025-01-26T23:51:54.611+0000] {logging_mixin.py:188} INFO - [2025-01-26T23:51:54.610+0000] {dagbag.py:538} INFO - Filling up the DagBag from /opt/airflow/dags/train_dag.py
[2025-01-26T23:51:54.700+0000] {processor.py:840} INFO - DAG(s) 'Train' retrieved from /opt/airflow/dags/train_dag.py
[2025-01-26T23:51:54.738+0000] {logging_mixin.py:188} INFO - [2025-01-26T23:51:54.738+0000] {dag.py:3036} INFO - Sync 1 DAGs
[2025-01-26T23:51:54.768+0000] {logging_mixin.py:188} INFO - [2025-01-26T23:51:54.767+0000] {dag.py:3823} INFO - Setting next_dagrun for Train to 2025-02-02 00:00:00+00:00, run_after=2025-02-09 00:00:00+00:00
[2025-01-26T23:51:54.793+0000] {processor.py:183} INFO - Processing /opt/airflow/dags/train_dag.py took 0.191 seconds
[2025-01-26T23:52:24.954+0000] {processor.py:161} INFO - Started process (PID=547) to work on /opt/airflow/dags/train_dag.py
[2025-01-26T23:52:24.956+0000] {processor.py:830} INFO - Processing file /opt/airflow/dags/train_dag.py for tasks to queue
[2025-01-26T23:52:24.959+0000] {logging_mixin.py:188} INFO - [2025-01-26T23:52:24.959+0000] {dagbag.py:538} INFO - Filling up the DagBag from /opt/airflow/dags/train_dag.py
[2025-01-26T23:52:25.074+0000] {processor.py:840} INFO - DAG(s) 'Train' retrieved from /opt/airflow/dags/train_dag.py
[2025-01-26T23:52:25.106+0000] {logging_mixin.py:188} INFO - [2025-01-26T23:52:25.105+0000] {dag.py:3036} INFO - Sync 1 DAGs
[2025-01-26T23:52:25.139+0000] {logging_mixin.py:188} INFO - [2025-01-26T23:52:25.138+0000] {dag.py:3823} INFO - Setting next_dagrun for Train to 2025-02-02 00:00:00+00:00, run_after=2025-02-09 00:00:00+00:00
[2025-01-26T23:52:25.160+0000] {processor.py:183} INFO - Processing /opt/airflow/dags/train_dag.py took 0.211 seconds
[2025-01-26T23:52:55.369+0000] {processor.py:161} INFO - Started process (PID=573) to work on /opt/airflow/dags/train_dag.py
[2025-01-26T23:52:55.372+0000] {processor.py:830} INFO - Processing file /opt/airflow/dags/train_dag.py for tasks to queue
[2025-01-26T23:52:55.375+0000] {logging_mixin.py:188} INFO - [2025-01-26T23:52:55.374+0000] {dagbag.py:538} INFO - Filling up the DagBag from /opt/airflow/dags/train_dag.py
[2025-01-26T23:52:55.498+0000] {processor.py:840} INFO - DAG(s) 'Train' retrieved from /opt/airflow/dags/train_dag.py
[2025-01-26T23:52:55.581+0000] {logging_mixin.py:188} INFO - [2025-01-26T23:52:55.580+0000] {dag.py:3036} INFO - Sync 1 DAGs
[2025-01-26T23:52:55.633+0000] {logging_mixin.py:188} INFO - [2025-01-26T23:52:55.632+0000] {dag.py:3823} INFO - Setting next_dagrun for Train to 2025-02-02 00:00:00+00:00, run_after=2025-02-09 00:00:00+00:00
[2025-01-26T23:52:55.665+0000] {processor.py:183} INFO - Processing /opt/airflow/dags/train_dag.py took 0.300 seconds
[2025-01-26T23:53:25.889+0000] {processor.py:161} INFO - Started process (PID=591) to work on /opt/airflow/dags/train_dag.py
[2025-01-26T23:53:25.891+0000] {processor.py:830} INFO - Processing file /opt/airflow/dags/train_dag.py for tasks to queue
[2025-01-26T23:53:25.894+0000] {logging_mixin.py:188} INFO - [2025-01-26T23:53:25.893+0000] {dagbag.py:538} INFO - Filling up the DagBag from /opt/airflow/dags/train_dag.py
[2025-01-26T23:53:25.994+0000] {processor.py:840} INFO - DAG(s) 'Train' retrieved from /opt/airflow/dags/train_dag.py
[2025-01-26T23:53:26.028+0000] {logging_mixin.py:188} INFO - [2025-01-26T23:53:26.028+0000] {dag.py:3036} INFO - Sync 1 DAGs
[2025-01-26T23:53:26.053+0000] {logging_mixin.py:188} INFO - [2025-01-26T23:53:26.053+0000] {dag.py:3823} INFO - Setting next_dagrun for Train to 2025-02-02 00:00:00+00:00, run_after=2025-02-09 00:00:00+00:00
[2025-01-26T23:53:26.076+0000] {processor.py:183} INFO - Processing /opt/airflow/dags/train_dag.py took 0.192 seconds
[2025-01-26T23:53:56.265+0000] {processor.py:161} INFO - Started process (PID=617) to work on /opt/airflow/dags/train_dag.py
[2025-01-26T23:53:56.266+0000] {processor.py:830} INFO - Processing file /opt/airflow/dags/train_dag.py for tasks to queue
[2025-01-26T23:53:56.269+0000] {logging_mixin.py:188} INFO - [2025-01-26T23:53:56.269+0000] {dagbag.py:538} INFO - Filling up the DagBag from /opt/airflow/dags/train_dag.py
[2025-01-26T23:53:56.417+0000] {processor.py:840} INFO - DAG(s) 'Train' retrieved from /opt/airflow/dags/train_dag.py
[2025-01-26T23:53:56.469+0000] {logging_mixin.py:188} INFO - [2025-01-26T23:53:56.468+0000] {dag.py:3036} INFO - Sync 1 DAGs
[2025-01-26T23:53:56.522+0000] {logging_mixin.py:188} INFO - [2025-01-26T23:53:56.522+0000] {dag.py:3823} INFO - Setting next_dagrun for Train to 2025-02-02 00:00:00+00:00, run_after=2025-02-09 00:00:00+00:00
[2025-01-26T23:53:56.561+0000] {processor.py:183} INFO - Processing /opt/airflow/dags/train_dag.py took 0.300 seconds
[2025-01-26T23:54:26.771+0000] {processor.py:161} INFO - Started process (PID=635) to work on /opt/airflow/dags/train_dag.py
[2025-01-26T23:54:26.773+0000] {processor.py:830} INFO - Processing file /opt/airflow/dags/train_dag.py for tasks to queue
[2025-01-26T23:54:26.777+0000] {logging_mixin.py:188} INFO - [2025-01-26T23:54:26.776+0000] {dagbag.py:538} INFO - Filling up the DagBag from /opt/airflow/dags/train_dag.py
[2025-01-26T23:54:26.877+0000] {processor.py:840} INFO - DAG(s) 'Train' retrieved from /opt/airflow/dags/train_dag.py
[2025-01-26T23:54:26.907+0000] {logging_mixin.py:188} INFO - [2025-01-26T23:54:26.906+0000] {dag.py:3036} INFO - Sync 1 DAGs
[2025-01-26T23:54:26.933+0000] {logging_mixin.py:188} INFO - [2025-01-26T23:54:26.933+0000] {dag.py:3823} INFO - Setting next_dagrun for Train to 2025-02-02 00:00:00+00:00, run_after=2025-02-09 00:00:00+00:00
[2025-01-26T23:54:26.956+0000] {processor.py:183} INFO - Processing /opt/airflow/dags/train_dag.py took 0.197 seconds
[2025-01-26T23:54:57.146+0000] {processor.py:161} INFO - Started process (PID=661) to work on /opt/airflow/dags/train_dag.py
[2025-01-26T23:54:57.148+0000] {processor.py:830} INFO - Processing file /opt/airflow/dags/train_dag.py for tasks to queue
[2025-01-26T23:54:57.151+0000] {logging_mixin.py:188} INFO - [2025-01-26T23:54:57.150+0000] {dagbag.py:538} INFO - Filling up the DagBag from /opt/airflow/dags/train_dag.py
[2025-01-26T23:54:57.256+0000] {processor.py:840} INFO - DAG(s) 'Train' retrieved from /opt/airflow/dags/train_dag.py
[2025-01-26T23:54:57.292+0000] {logging_mixin.py:188} INFO - [2025-01-26T23:54:57.292+0000] {dag.py:3036} INFO - Sync 1 DAGs
[2025-01-26T23:54:57.325+0000] {logging_mixin.py:188} INFO - [2025-01-26T23:54:57.325+0000] {dag.py:3823} INFO - Setting next_dagrun for Train to 2025-02-02 00:00:00+00:00, run_after=2025-02-09 00:00:00+00:00
[2025-01-26T23:54:57.350+0000] {processor.py:183} INFO - Processing /opt/airflow/dags/train_dag.py took 0.210 seconds
[2025-01-26T23:55:27.555+0000] {processor.py:161} INFO - Started process (PID=679) to work on /opt/airflow/dags/train_dag.py
[2025-01-26T23:55:27.556+0000] {processor.py:830} INFO - Processing file /opt/airflow/dags/train_dag.py for tasks to queue
[2025-01-26T23:55:27.560+0000] {logging_mixin.py:188} INFO - [2025-01-26T23:55:27.559+0000] {dagbag.py:538} INFO - Filling up the DagBag from /opt/airflow/dags/train_dag.py
[2025-01-26T23:55:27.662+0000] {processor.py:840} INFO - DAG(s) 'Train' retrieved from /opt/airflow/dags/train_dag.py
[2025-01-26T23:55:27.698+0000] {logging_mixin.py:188} INFO - [2025-01-26T23:55:27.698+0000] {dag.py:3036} INFO - Sync 1 DAGs
[2025-01-26T23:55:27.726+0000] {logging_mixin.py:188} INFO - [2025-01-26T23:55:27.726+0000] {dag.py:3823} INFO - Setting next_dagrun for Train to 2025-02-02 00:00:00+00:00, run_after=2025-02-09 00:00:00+00:00
[2025-01-26T23:55:27.755+0000] {processor.py:183} INFO - Processing /opt/airflow/dags/train_dag.py took 0.204 seconds
[2025-01-26T23:55:57.957+0000] {processor.py:161} INFO - Started process (PID=705) to work on /opt/airflow/dags/train_dag.py
[2025-01-26T23:55:57.959+0000] {processor.py:830} INFO - Processing file /opt/airflow/dags/train_dag.py for tasks to queue
[2025-01-26T23:55:57.963+0000] {logging_mixin.py:188} INFO - [2025-01-26T23:55:57.962+0000] {dagbag.py:538} INFO - Filling up the DagBag from /opt/airflow/dags/train_dag.py
[2025-01-26T23:55:58.073+0000] {processor.py:840} INFO - DAG(s) 'Train' retrieved from /opt/airflow/dags/train_dag.py
[2025-01-26T23:55:58.104+0000] {logging_mixin.py:188} INFO - [2025-01-26T23:55:58.104+0000] {dag.py:3036} INFO - Sync 1 DAGs
[2025-01-26T23:55:58.145+0000] {logging_mixin.py:188} INFO - [2025-01-26T23:55:58.144+0000] {dag.py:3823} INFO - Setting next_dagrun for Train to 2025-02-02 00:00:00+00:00, run_after=2025-02-09 00:00:00+00:00
[2025-01-26T23:55:58.181+0000] {processor.py:183} INFO - Processing /opt/airflow/dags/train_dag.py took 0.230 seconds
[2025-01-26T23:56:28.410+0000] {processor.py:161} INFO - Started process (PID=724) to work on /opt/airflow/dags/train_dag.py
[2025-01-26T23:56:28.411+0000] {processor.py:830} INFO - Processing file /opt/airflow/dags/train_dag.py for tasks to queue
[2025-01-26T23:56:28.414+0000] {logging_mixin.py:188} INFO - [2025-01-26T23:56:28.414+0000] {dagbag.py:538} INFO - Filling up the DagBag from /opt/airflow/dags/train_dag.py
[2025-01-26T23:56:28.533+0000] {processor.py:840} INFO - DAG(s) 'Train' retrieved from /opt/airflow/dags/train_dag.py
[2025-01-26T23:56:28.551+0000] {logging_mixin.py:188} INFO - [2025-01-26T23:56:28.551+0000] {dag.py:3036} INFO - Sync 1 DAGs
[2025-01-26T23:56:28.591+0000] {logging_mixin.py:188} INFO - [2025-01-26T23:56:28.590+0000] {dag.py:3823} INFO - Setting next_dagrun for Train to 2025-02-02 00:00:00+00:00, run_after=2025-02-09 00:00:00+00:00
[2025-01-26T23:56:28.624+0000] {processor.py:183} INFO - Processing /opt/airflow/dags/train_dag.py took 0.220 seconds
[2025-01-26T23:56:59.017+0000] {processor.py:161} INFO - Started process (PID=743) to work on /opt/airflow/dags/train_dag.py
[2025-01-26T23:56:59.020+0000] {processor.py:830} INFO - Processing file /opt/airflow/dags/train_dag.py for tasks to queue
[2025-01-26T23:56:59.025+0000] {logging_mixin.py:188} INFO - [2025-01-26T23:56:59.024+0000] {dagbag.py:538} INFO - Filling up the DagBag from /opt/airflow/dags/train_dag.py
[2025-01-26T23:56:59.193+0000] {processor.py:840} INFO - DAG(s) 'Train' retrieved from /opt/airflow/dags/train_dag.py
[2025-01-26T23:56:59.552+0000] {logging_mixin.py:188} INFO - [2025-01-26T23:56:59.552+0000] {dag.py:3036} INFO - Sync 1 DAGs
[2025-01-26T23:56:59.575+0000] {logging_mixin.py:188} INFO - [2025-01-26T23:56:59.575+0000] {dag.py:3823} INFO - Setting next_dagrun for Train to 2025-02-02 00:00:00+00:00, run_after=2025-02-09 00:00:00+00:00
[2025-01-26T23:56:59.614+0000] {processor.py:183} INFO - Processing /opt/airflow/dags/train_dag.py took 0.607 seconds
[2025-01-26T23:57:29.891+0000] {processor.py:161} INFO - Started process (PID=761) to work on /opt/airflow/dags/train_dag.py
[2025-01-26T23:57:29.892+0000] {processor.py:830} INFO - Processing file /opt/airflow/dags/train_dag.py for tasks to queue
[2025-01-26T23:57:29.894+0000] {logging_mixin.py:188} INFO - [2025-01-26T23:57:29.894+0000] {dagbag.py:538} INFO - Filling up the DagBag from /opt/airflow/dags/train_dag.py
[2025-01-26T23:57:30.052+0000] {processor.py:840} INFO - DAG(s) 'Train' retrieved from /opt/airflow/dags/train_dag.py
[2025-01-26T23:57:30.106+0000] {logging_mixin.py:188} INFO - [2025-01-26T23:57:30.105+0000] {dag.py:3036} INFO - Sync 1 DAGs
[2025-01-26T23:57:30.148+0000] {logging_mixin.py:188} INFO - [2025-01-26T23:57:30.148+0000] {dag.py:3823} INFO - Setting next_dagrun for Train to 2025-02-02 00:00:00+00:00, run_after=2025-02-09 00:00:00+00:00
[2025-01-26T23:57:30.184+0000] {processor.py:183} INFO - Processing /opt/airflow/dags/train_dag.py took 0.298 seconds
[2025-01-26T23:58:00.353+0000] {processor.py:161} INFO - Started process (PID=787) to work on /opt/airflow/dags/train_dag.py
[2025-01-26T23:58:00.354+0000] {processor.py:830} INFO - Processing file /opt/airflow/dags/train_dag.py for tasks to queue
[2025-01-26T23:58:00.357+0000] {logging_mixin.py:188} INFO - [2025-01-26T23:58:00.357+0000] {dagbag.py:538} INFO - Filling up the DagBag from /opt/airflow/dags/train_dag.py
[2025-01-26T23:58:00.460+0000] {processor.py:840} INFO - DAG(s) 'Train' retrieved from /opt/airflow/dags/train_dag.py
[2025-01-26T23:58:00.486+0000] {logging_mixin.py:188} INFO - [2025-01-26T23:58:00.486+0000] {dag.py:3036} INFO - Sync 1 DAGs
[2025-01-26T23:58:00.514+0000] {logging_mixin.py:188} INFO - [2025-01-26T23:58:00.514+0000] {dag.py:3823} INFO - Setting next_dagrun for Train to 2025-02-02 00:00:00+00:00, run_after=2025-02-09 00:00:00+00:00
[2025-01-26T23:58:00.535+0000] {processor.py:183} INFO - Processing /opt/airflow/dags/train_dag.py took 0.187 seconds
[2025-01-26T23:58:30.781+0000] {processor.py:161} INFO - Started process (PID=805) to work on /opt/airflow/dags/train_dag.py
[2025-01-26T23:58:30.784+0000] {processor.py:830} INFO - Processing file /opt/airflow/dags/train_dag.py for tasks to queue
[2025-01-26T23:58:30.788+0000] {logging_mixin.py:188} INFO - [2025-01-26T23:58:30.787+0000] {dagbag.py:538} INFO - Filling up the DagBag from /opt/airflow/dags/train_dag.py
[2025-01-26T23:58:30.907+0000] {processor.py:840} INFO - DAG(s) 'Train' retrieved from /opt/airflow/dags/train_dag.py
[2025-01-26T23:58:30.938+0000] {logging_mixin.py:188} INFO - [2025-01-26T23:58:30.937+0000] {dag.py:3036} INFO - Sync 1 DAGs
[2025-01-26T23:58:30.970+0000] {logging_mixin.py:188} INFO - [2025-01-26T23:58:30.970+0000] {dag.py:3823} INFO - Setting next_dagrun for Train to 2025-02-02 00:00:00+00:00, run_after=2025-02-09 00:00:00+00:00
[2025-01-26T23:58:31.007+0000] {processor.py:183} INFO - Processing /opt/airflow/dags/train_dag.py took 0.243 seconds
[2025-01-26T23:59:01.358+0000] {processor.py:161} INFO - Started process (PID=831) to work on /opt/airflow/dags/train_dag.py
[2025-01-26T23:59:01.360+0000] {processor.py:830} INFO - Processing file /opt/airflow/dags/train_dag.py for tasks to queue
[2025-01-26T23:59:01.363+0000] {logging_mixin.py:188} INFO - [2025-01-26T23:59:01.363+0000] {dagbag.py:538} INFO - Filling up the DagBag from /opt/airflow/dags/train_dag.py
[2025-01-26T23:59:01.523+0000] {processor.py:840} INFO - DAG(s) 'Train' retrieved from /opt/airflow/dags/train_dag.py
[2025-01-26T23:59:01.639+0000] {logging_mixin.py:188} INFO - [2025-01-26T23:59:01.639+0000] {dag.py:3036} INFO - Sync 1 DAGs
[2025-01-26T23:59:01.686+0000] {logging_mixin.py:188} INFO - [2025-01-26T23:59:01.686+0000] {dag.py:3823} INFO - Setting next_dagrun for Train to 2025-02-02 00:00:00+00:00, run_after=2025-02-09 00:00:00+00:00
[2025-01-26T23:59:01.716+0000] {processor.py:183} INFO - Processing /opt/airflow/dags/train_dag.py took 0.427 seconds
[2025-01-26T23:59:31.935+0000] {processor.py:161} INFO - Started process (PID=849) to work on /opt/airflow/dags/train_dag.py
[2025-01-26T23:59:31.936+0000] {processor.py:830} INFO - Processing file /opt/airflow/dags/train_dag.py for tasks to queue
[2025-01-26T23:59:31.939+0000] {logging_mixin.py:188} INFO - [2025-01-26T23:59:31.939+0000] {dagbag.py:538} INFO - Filling up the DagBag from /opt/airflow/dags/train_dag.py
[2025-01-26T23:59:32.023+0000] {processor.py:840} INFO - DAG(s) 'Train' retrieved from /opt/airflow/dags/train_dag.py
[2025-01-26T23:59:32.051+0000] {logging_mixin.py:188} INFO - [2025-01-26T23:59:32.050+0000] {dag.py:3036} INFO - Sync 1 DAGs
[2025-01-26T23:59:32.075+0000] {logging_mixin.py:188} INFO - [2025-01-26T23:59:32.074+0000] {dag.py:3823} INFO - Setting next_dagrun for Train to 2025-02-02 00:00:00+00:00, run_after=2025-02-09 00:00:00+00:00
[2025-01-26T23:59:32.100+0000] {processor.py:183} INFO - Processing /opt/airflow/dags/train_dag.py took 0.169 seconds
