[2025-01-24T17:24:35.381+0000] {processor.py:161} INFO - Started process (PID=76) to work on /opt/airflow/dags/ingestion_dag.py
[2025-01-24T17:24:35.384+0000] {processor.py:830} INFO - Processing file /opt/airflow/dags/ingestion_dag.py for tasks to queue
[2025-01-24T17:24:35.392+0000] {logging_mixin.py:188} INFO - [2025-01-24T17:24:35.392+0000] {dagbag.py:538} INFO - Filling up the DagBag from /opt/airflow/dags/ingestion_dag.py
[2025-01-24T17:24:35.803+0000] {processor.py:840} INFO - DAG(s) 'Ingestion' retrieved from /opt/airflow/dags/ingestion_dag.py
[2025-01-24T17:24:36.189+0000] {logging_mixin.py:188} INFO - [2025-01-24T17:24:36.188+0000] {override.py:1769} INFO - Created Permission View: can read on DAG:Ingestion
[2025-01-24T17:24:36.217+0000] {logging_mixin.py:188} INFO - [2025-01-24T17:24:36.216+0000] {override.py:1769} INFO - Created Permission View: can delete on DAG:Ingestion
[2025-01-24T17:24:36.230+0000] {logging_mixin.py:188} INFO - [2025-01-24T17:24:36.230+0000] {override.py:1769} INFO - Created Permission View: can edit on DAG:Ingestion
[2025-01-24T17:24:36.231+0000] {logging_mixin.py:188} INFO - [2025-01-24T17:24:36.231+0000] {dag.py:3036} INFO - Sync 1 DAGs
[2025-01-24T17:24:36.247+0000] {logging_mixin.py:188} INFO - [2025-01-24T17:24:36.247+0000] {dag.py:3058} INFO - Creating ORM DAG for Ingestion
[2025-01-24T17:24:36.263+0000] {logging_mixin.py:188} INFO - [2025-01-24T17:24:36.263+0000] {dag.py:3823} INFO - Setting next_dagrun for Ingestion to 2025-01-25 00:00:00+00:00, run_after=2025-01-26 00:00:00+00:00
[2025-01-24T17:24:36.333+0000] {processor.py:183} INFO - Processing /opt/airflow/dags/ingestion_dag.py took 0.957 seconds
[2025-01-24T17:25:06.665+0000] {processor.py:161} INFO - Started process (PID=93) to work on /opt/airflow/dags/ingestion_dag.py
[2025-01-24T17:25:06.667+0000] {processor.py:830} INFO - Processing file /opt/airflow/dags/ingestion_dag.py for tasks to queue
[2025-01-24T17:25:06.669+0000] {logging_mixin.py:188} INFO - [2025-01-24T17:25:06.669+0000] {dagbag.py:538} INFO - Filling up the DagBag from /opt/airflow/dags/ingestion_dag.py
[2025-01-24T17:25:06.762+0000] {processor.py:840} INFO - DAG(s) 'Ingestion' retrieved from /opt/airflow/dags/ingestion_dag.py
[2025-01-24T17:25:06.790+0000] {logging_mixin.py:188} INFO - [2025-01-24T17:25:06.789+0000] {dag.py:3036} INFO - Sync 1 DAGs
[2025-01-24T17:25:06.813+0000] {logging_mixin.py:188} INFO - [2025-01-24T17:25:06.812+0000] {dag.py:3823} INFO - Setting next_dagrun for Ingestion to 2025-01-25 00:00:00+00:00, run_after=2025-01-26 00:00:00+00:00
[2025-01-24T17:25:06.833+0000] {processor.py:183} INFO - Processing /opt/airflow/dags/ingestion_dag.py took 0.172 seconds
[2025-01-24T17:25:37.065+0000] {processor.py:161} INFO - Started process (PID=111) to work on /opt/airflow/dags/ingestion_dag.py
[2025-01-24T17:25:37.068+0000] {processor.py:830} INFO - Processing file /opt/airflow/dags/ingestion_dag.py for tasks to queue
[2025-01-24T17:25:37.074+0000] {logging_mixin.py:188} INFO - [2025-01-24T17:25:37.073+0000] {dagbag.py:538} INFO - Filling up the DagBag from /opt/airflow/dags/ingestion_dag.py
[2025-01-24T17:25:37.242+0000] {processor.py:840} INFO - DAG(s) 'Ingestion' retrieved from /opt/airflow/dags/ingestion_dag.py
[2025-01-24T17:25:37.269+0000] {logging_mixin.py:188} INFO - [2025-01-24T17:25:37.269+0000] {dag.py:3036} INFO - Sync 1 DAGs
[2025-01-24T17:25:37.295+0000] {logging_mixin.py:188} INFO - [2025-01-24T17:25:37.294+0000] {dag.py:3823} INFO - Setting next_dagrun for Ingestion to 2025-01-25 00:00:00+00:00, run_after=2025-01-26 00:00:00+00:00
[2025-01-24T17:25:37.318+0000] {processor.py:183} INFO - Processing /opt/airflow/dags/ingestion_dag.py took 0.261 seconds
