[2025-01-24T17:24:35.371+0000] {processor.py:161} INFO - Started process (PID=75) to work on /opt/airflow/dags/train_dag.py
[2025-01-24T17:24:35.388+0000] {processor.py:830} INFO - Processing file /opt/airflow/dags/train_dag.py for tasks to queue
[2025-01-24T17:24:35.394+0000] {logging_mixin.py:188} INFO - [2025-01-24T17:24:35.393+0000] {dagbag.py:538} INFO - Filling up the DagBag from /opt/airflow/dags/train_dag.py
[2025-01-24T17:24:35.806+0000] {processor.py:840} INFO - DAG(s) 'Train' retrieved from /opt/airflow/dags/train_dag.py
[2025-01-24T17:24:36.207+0000] {logging_mixin.py:188} INFO - [2025-01-24T17:24:36.206+0000] {override.py:1769} INFO - Created Permission View: can read on DAG:Train
[2025-01-24T17:24:36.230+0000] {logging_mixin.py:188} INFO - [2025-01-24T17:24:36.230+0000] {override.py:1769} INFO - Created Permission View: can delete on DAG:Train
[2025-01-24T17:24:36.242+0000] {logging_mixin.py:188} INFO - [2025-01-24T17:24:36.241+0000] {override.py:1769} INFO - Created Permission View: can edit on DAG:Train
[2025-01-24T17:24:36.244+0000] {logging_mixin.py:188} INFO - [2025-01-24T17:24:36.244+0000] {dag.py:3036} INFO - Sync 1 DAGs
[2025-01-24T17:24:36.265+0000] {logging_mixin.py:188} INFO - [2025-01-24T17:24:36.264+0000] {dag.py:3058} INFO - Creating ORM DAG for Train
[2025-01-24T17:24:36.308+0000] {logging_mixin.py:188} INFO - [2025-01-24T17:24:36.307+0000] {dag.py:3823} INFO - Setting next_dagrun for Train to 2025-01-26 00:00:00+00:00, run_after=2025-02-02 00:00:00+00:00
[2025-01-24T17:24:36.344+0000] {processor.py:183} INFO - Processing /opt/airflow/dags/train_dag.py took 0.983 seconds
[2025-01-24T17:25:06.655+0000] {processor.py:161} INFO - Started process (PID=92) to work on /opt/airflow/dags/train_dag.py
[2025-01-24T17:25:06.656+0000] {processor.py:830} INFO - Processing file /opt/airflow/dags/train_dag.py for tasks to queue
[2025-01-24T17:25:06.659+0000] {logging_mixin.py:188} INFO - [2025-01-24T17:25:06.659+0000] {dagbag.py:538} INFO - Filling up the DagBag from /opt/airflow/dags/train_dag.py
[2025-01-24T17:25:06.764+0000] {processor.py:840} INFO - DAG(s) 'Train' retrieved from /opt/airflow/dags/train_dag.py
[2025-01-24T17:25:06.790+0000] {logging_mixin.py:188} INFO - [2025-01-24T17:25:06.790+0000] {dag.py:3036} INFO - Sync 1 DAGs
[2025-01-24T17:25:06.813+0000] {logging_mixin.py:188} INFO - [2025-01-24T17:25:06.813+0000] {dag.py:3823} INFO - Setting next_dagrun for Train to 2025-01-26 00:00:00+00:00, run_after=2025-02-02 00:00:00+00:00
[2025-01-24T17:25:06.834+0000] {processor.py:183} INFO - Processing /opt/airflow/dags/train_dag.py took 0.184 seconds
[2025-01-24T17:25:37.053+0000] {processor.py:161} INFO - Started process (PID=110) to work on /opt/airflow/dags/train_dag.py
[2025-01-24T17:25:37.057+0000] {processor.py:830} INFO - Processing file /opt/airflow/dags/train_dag.py for tasks to queue
[2025-01-24T17:25:37.062+0000] {logging_mixin.py:188} INFO - [2025-01-24T17:25:37.061+0000] {dagbag.py:538} INFO - Filling up the DagBag from /opt/airflow/dags/train_dag.py
[2025-01-24T17:25:37.238+0000] {processor.py:840} INFO - DAG(s) 'Train' retrieved from /opt/airflow/dags/train_dag.py
[2025-01-24T17:25:37.269+0000] {logging_mixin.py:188} INFO - [2025-01-24T17:25:37.269+0000] {dag.py:3036} INFO - Sync 1 DAGs
[2025-01-24T17:25:37.295+0000] {logging_mixin.py:188} INFO - [2025-01-24T17:25:37.294+0000] {dag.py:3823} INFO - Setting next_dagrun for Train to 2025-01-26 00:00:00+00:00, run_after=2025-02-02 00:00:00+00:00
[2025-01-24T17:25:37.318+0000] {processor.py:183} INFO - Processing /opt/airflow/dags/train_dag.py took 0.276 seconds
