[2025-01-24T17:24:35.196+0000] {manager.py:469} INFO - Processing files using up to 2 processes at a time 
[2025-01-24T17:24:35.206+0000] {manager.py:470} INFO - Process each file at most once every 30 seconds
[2025-01-24T17:24:35.207+0000] {manager.py:471} INFO - Checking for new files in /opt/airflow/dags every 300 seconds
[2025-01-24T17:24:35.207+0000] {manager.py:738} INFO - Searching for files in /opt/airflow/dags
[2025-01-24T17:24:35.244+0000] {manager.py:741} INFO - There are 2 files in /opt/airflow/dags
[2025-01-24T17:24:35.400+0000] {manager.py:879} INFO - 
================================================================================
DAG File Processing Stats

File Path                             PID  Runtime      # DAGs    # Errors  Last Runtime    Last Run
----------------------------------  -----  ---------  --------  ----------  --------------  ----------
/opt/airflow/dags/ingestion_dag.py     76  0.06s             0           0
/opt/airflow/dags/train_dag.py         75  0.08s             0           0
================================================================================
[2025-01-24T17:25:05.609+0000] {manager.py:879} INFO - 
================================================================================
DAG File Processing Stats

File Path                           PID    Runtime      # DAGs    # Errors  Last Runtime    Last Run
----------------------------------  -----  ---------  --------  ----------  --------------  -------------------
/opt/airflow/dags/ingestion_dag.py                           1           0  1.02s           2025-01-24T17:24:36
/opt/airflow/dags/train_dag.py                               1           0  1.04s           2025-01-24T17:24:36
================================================================================
[2025-01-24T17:25:35.972+0000] {manager.py:879} INFO - 
================================================================================
DAG File Processing Stats

File Path                           PID    Runtime      # DAGs    # Errors  Last Runtime    Last Run
----------------------------------  -----  ---------  --------  ----------  --------------  -------------------
/opt/airflow/dags/ingestion_dag.py                           1           0  0.20s           2025-01-24T17:25:06
/opt/airflow/dags/train_dag.py                               1           0  0.22s           2025-01-24T17:25:06
================================================================================
[2025-01-24T17:26:00.407+0000] {manager.py:451} INFO - Exiting gracefully upon receiving signal 15
