[2025-01-28T23:12:25.766+0000] {processor.py:161} INFO - Started process (PID=71) to work on /opt/airflow/dags/monitoring_dag.py
[2025-01-28T23:12:25.776+0000] {processor.py:830} INFO - Processing file /opt/airflow/dags/monitoring_dag.py for tasks to queue
[2025-01-28T23:12:25.782+0000] {logging_mixin.py:188} INFO - [2025-01-28T23:12:25.781+0000] {dagbag.py:538} INFO - Filling up the DagBag from /opt/airflow/dags/monitoring_dag.py
[2025-01-28T23:12:25.861+0000] {processor.py:840} INFO - DAG(s) 'monitoring_dag' retrieved from /opt/airflow/dags/monitoring_dag.py
[2025-01-28T23:12:26.167+0000] {logging_mixin.py:188} INFO - [2025-01-28T23:12:26.166+0000] {override.py:1769} INFO - Created Permission View: can read on DAG:monitoring_dag
[2025-01-28T23:12:26.181+0000] {logging_mixin.py:188} INFO - [2025-01-28T23:12:26.180+0000] {override.py:1769} INFO - Created Permission View: can edit on DAG:monitoring_dag
[2025-01-28T23:12:26.193+0000] {logging_mixin.py:188} INFO - [2025-01-28T23:12:26.192+0000] {override.py:1769} INFO - Created Permission View: can delete on DAG:monitoring_dag
[2025-01-28T23:12:26.194+0000] {logging_mixin.py:188} INFO - [2025-01-28T23:12:26.193+0000] {dag.py:3036} INFO - Sync 1 DAGs
[2025-01-28T23:12:26.209+0000] {logging_mixin.py:188} INFO - [2025-01-28T23:12:26.209+0000] {dag.py:3058} INFO - Creating ORM DAG for monitoring_dag
[2025-01-28T23:12:26.226+0000] {logging_mixin.py:188} INFO - [2025-01-28T23:12:26.226+0000] {dag.py:3823} INFO - Setting next_dagrun for monitoring_dag to 2025-01-27 00:00:00+00:00, run_after=2025-01-28 00:00:00+00:00
[2025-01-28T23:12:26.255+0000] {processor.py:183} INFO - Processing /opt/airflow/dags/monitoring_dag.py took 0.510 seconds
[2025-01-28T23:12:56.572+0000] {processor.py:161} INFO - Started process (PID=90) to work on /opt/airflow/dags/monitoring_dag.py
[2025-01-28T23:12:56.574+0000] {processor.py:830} INFO - Processing file /opt/airflow/dags/monitoring_dag.py for tasks to queue
[2025-01-28T23:12:56.577+0000] {logging_mixin.py:188} INFO - [2025-01-28T23:12:56.576+0000] {dagbag.py:538} INFO - Filling up the DagBag from /opt/airflow/dags/monitoring_dag.py
[2025-01-28T23:12:56.619+0000] {processor.py:840} INFO - DAG(s) 'monitoring_dag' retrieved from /opt/airflow/dags/monitoring_dag.py
[2025-01-28T23:12:56.655+0000] {logging_mixin.py:188} INFO - [2025-01-28T23:12:56.655+0000] {dag.py:3036} INFO - Sync 1 DAGs
[2025-01-28T23:12:56.689+0000] {logging_mixin.py:188} INFO - [2025-01-28T23:12:56.688+0000] {dag.py:3823} INFO - Setting next_dagrun for monitoring_dag to 2025-01-28 00:00:00+00:00, run_after=2025-01-29 00:00:00+00:00
[2025-01-28T23:12:56.731+0000] {processor.py:183} INFO - Processing /opt/airflow/dags/monitoring_dag.py took 0.167 seconds
[2025-01-28T23:13:26.956+0000] {processor.py:161} INFO - Started process (PID=117) to work on /opt/airflow/dags/monitoring_dag.py
[2025-01-28T23:13:26.958+0000] {processor.py:830} INFO - Processing file /opt/airflow/dags/monitoring_dag.py for tasks to queue
[2025-01-28T23:13:26.960+0000] {logging_mixin.py:188} INFO - [2025-01-28T23:13:26.959+0000] {dagbag.py:538} INFO - Filling up the DagBag from /opt/airflow/dags/monitoring_dag.py
[2025-01-28T23:13:26.995+0000] {processor.py:840} INFO - DAG(s) 'monitoring_dag' retrieved from /opt/airflow/dags/monitoring_dag.py
[2025-01-28T23:13:27.028+0000] {logging_mixin.py:188} INFO - [2025-01-28T23:13:27.028+0000] {dag.py:3036} INFO - Sync 1 DAGs
[2025-01-28T23:13:27.060+0000] {logging_mixin.py:188} INFO - [2025-01-28T23:13:27.060+0000] {dag.py:3823} INFO - Setting next_dagrun for monitoring_dag to 2025-01-28 00:00:00+00:00, run_after=2025-01-29 00:00:00+00:00
[2025-01-28T23:13:27.091+0000] {processor.py:183} INFO - Processing /opt/airflow/dags/monitoring_dag.py took 0.140 seconds
[2025-01-28T23:13:57.281+0000] {processor.py:161} INFO - Started process (PID=136) to work on /opt/airflow/dags/monitoring_dag.py
[2025-01-28T23:13:57.285+0000] {processor.py:830} INFO - Processing file /opt/airflow/dags/monitoring_dag.py for tasks to queue
[2025-01-28T23:13:57.290+0000] {logging_mixin.py:188} INFO - [2025-01-28T23:13:57.289+0000] {dagbag.py:538} INFO - Filling up the DagBag from /opt/airflow/dags/monitoring_dag.py
[2025-01-28T23:13:57.346+0000] {processor.py:840} INFO - DAG(s) 'monitoring_dag' retrieved from /opt/airflow/dags/monitoring_dag.py
[2025-01-28T23:13:57.408+0000] {logging_mixin.py:188} INFO - [2025-01-28T23:13:57.407+0000] {dag.py:3036} INFO - Sync 1 DAGs
[2025-01-28T23:13:57.441+0000] {logging_mixin.py:188} INFO - [2025-01-28T23:13:57.441+0000] {dag.py:3823} INFO - Setting next_dagrun for monitoring_dag to 2025-01-28 00:00:00+00:00, run_after=2025-01-29 00:00:00+00:00
[2025-01-28T23:13:57.467+0000] {processor.py:183} INFO - Processing /opt/airflow/dags/monitoring_dag.py took 0.196 seconds
[2025-01-28T23:14:27.929+0000] {processor.py:161} INFO - Started process (PID=155) to work on /opt/airflow/dags/monitoring_dag.py
[2025-01-28T23:14:27.930+0000] {processor.py:830} INFO - Processing file /opt/airflow/dags/monitoring_dag.py for tasks to queue
[2025-01-28T23:14:27.932+0000] {logging_mixin.py:188} INFO - [2025-01-28T23:14:27.932+0000] {dagbag.py:538} INFO - Filling up the DagBag from /opt/airflow/dags/monitoring_dag.py
[2025-01-28T23:14:27.962+0000] {processor.py:840} INFO - DAG(s) 'monitoring_dag' retrieved from /opt/airflow/dags/monitoring_dag.py
[2025-01-28T23:14:27.992+0000] {logging_mixin.py:188} INFO - [2025-01-28T23:14:27.992+0000] {dag.py:3036} INFO - Sync 1 DAGs
[2025-01-28T23:14:28.022+0000] {logging_mixin.py:188} INFO - [2025-01-28T23:14:28.022+0000] {dag.py:3823} INFO - Setting next_dagrun for monitoring_dag to 2025-01-28 00:00:00+00:00, run_after=2025-01-29 00:00:00+00:00
[2025-01-28T23:14:28.048+0000] {processor.py:183} INFO - Processing /opt/airflow/dags/monitoring_dag.py took 0.123 seconds
[2025-01-28T23:14:58.197+0000] {processor.py:161} INFO - Started process (PID=182) to work on /opt/airflow/dags/monitoring_dag.py
[2025-01-28T23:14:58.199+0000] {processor.py:830} INFO - Processing file /opt/airflow/dags/monitoring_dag.py for tasks to queue
[2025-01-28T23:14:58.202+0000] {logging_mixin.py:188} INFO - [2025-01-28T23:14:58.201+0000] {dagbag.py:538} INFO - Filling up the DagBag from /opt/airflow/dags/monitoring_dag.py
[2025-01-28T23:14:58.239+0000] {processor.py:840} INFO - DAG(s) 'monitoring_dag' retrieved from /opt/airflow/dags/monitoring_dag.py
[2025-01-28T23:14:58.280+0000] {logging_mixin.py:188} INFO - [2025-01-28T23:14:58.279+0000] {dag.py:3036} INFO - Sync 1 DAGs
[2025-01-28T23:14:58.312+0000] {logging_mixin.py:188} INFO - [2025-01-28T23:14:58.312+0000] {dag.py:3823} INFO - Setting next_dagrun for monitoring_dag to 2025-01-28 00:00:00+00:00, run_after=2025-01-29 00:00:00+00:00
[2025-01-28T23:14:58.337+0000] {processor.py:183} INFO - Processing /opt/airflow/dags/monitoring_dag.py took 0.145 seconds
[2025-01-28T23:15:28.472+0000] {processor.py:161} INFO - Started process (PID=201) to work on /opt/airflow/dags/monitoring_dag.py
[2025-01-28T23:15:28.474+0000] {processor.py:830} INFO - Processing file /opt/airflow/dags/monitoring_dag.py for tasks to queue
[2025-01-28T23:15:28.477+0000] {logging_mixin.py:188} INFO - [2025-01-28T23:15:28.476+0000] {dagbag.py:538} INFO - Filling up the DagBag from /opt/airflow/dags/monitoring_dag.py
[2025-01-28T23:15:28.526+0000] {processor.py:840} INFO - DAG(s) 'monitoring_dag' retrieved from /opt/airflow/dags/monitoring_dag.py
[2025-01-28T23:15:28.568+0000] {logging_mixin.py:188} INFO - [2025-01-28T23:15:28.568+0000] {dag.py:3036} INFO - Sync 1 DAGs
[2025-01-28T23:15:28.598+0000] {logging_mixin.py:188} INFO - [2025-01-28T23:15:28.597+0000] {dag.py:3823} INFO - Setting next_dagrun for monitoring_dag to 2025-01-28 00:00:00+00:00, run_after=2025-01-29 00:00:00+00:00
[2025-01-28T23:15:28.625+0000] {processor.py:183} INFO - Processing /opt/airflow/dags/monitoring_dag.py took 0.156 seconds
[2025-01-28T23:15:58.671+0000] {processor.py:161} INFO - Started process (PID=227) to work on /opt/airflow/dags/monitoring_dag.py
[2025-01-28T23:15:58.672+0000] {processor.py:830} INFO - Processing file /opt/airflow/dags/monitoring_dag.py for tasks to queue
[2025-01-28T23:15:58.675+0000] {logging_mixin.py:188} INFO - [2025-01-28T23:15:58.674+0000] {dagbag.py:538} INFO - Filling up the DagBag from /opt/airflow/dags/monitoring_dag.py
[2025-01-28T23:15:58.704+0000] {processor.py:840} INFO - DAG(s) 'monitoring_dag' retrieved from /opt/airflow/dags/monitoring_dag.py
[2025-01-28T23:15:58.737+0000] {logging_mixin.py:188} INFO - [2025-01-28T23:15:58.737+0000] {dag.py:3036} INFO - Sync 1 DAGs
[2025-01-28T23:15:58.761+0000] {logging_mixin.py:188} INFO - [2025-01-28T23:15:58.761+0000] {dag.py:3823} INFO - Setting next_dagrun for monitoring_dag to 2025-01-28 00:00:00+00:00, run_after=2025-01-29 00:00:00+00:00
[2025-01-28T23:15:58.785+0000] {processor.py:183} INFO - Processing /opt/airflow/dags/monitoring_dag.py took 0.118 seconds
[2025-01-28T23:16:28.894+0000] {processor.py:161} INFO - Started process (PID=247) to work on /opt/airflow/dags/monitoring_dag.py
[2025-01-28T23:16:28.896+0000] {processor.py:830} INFO - Processing file /opt/airflow/dags/monitoring_dag.py for tasks to queue
[2025-01-28T23:16:28.900+0000] {logging_mixin.py:188} INFO - [2025-01-28T23:16:28.900+0000] {dagbag.py:538} INFO - Filling up the DagBag from /opt/airflow/dags/monitoring_dag.py
[2025-01-28T23:16:28.937+0000] {processor.py:840} INFO - DAG(s) 'monitoring_dag' retrieved from /opt/airflow/dags/monitoring_dag.py
[2025-01-28T23:16:28.979+0000] {logging_mixin.py:188} INFO - [2025-01-28T23:16:28.979+0000] {dag.py:3036} INFO - Sync 1 DAGs
[2025-01-28T23:16:29.021+0000] {logging_mixin.py:188} INFO - [2025-01-28T23:16:29.020+0000] {dag.py:3823} INFO - Setting next_dagrun for monitoring_dag to 2025-01-28 00:00:00+00:00, run_after=2025-01-29 00:00:00+00:00
[2025-01-28T23:16:29.060+0000] {processor.py:183} INFO - Processing /opt/airflow/dags/monitoring_dag.py took 0.171 seconds
[2025-01-28T23:16:59.791+0000] {processor.py:161} INFO - Started process (PID=266) to work on /opt/airflow/dags/monitoring_dag.py
[2025-01-28T23:16:59.793+0000] {processor.py:830} INFO - Processing file /opt/airflow/dags/monitoring_dag.py for tasks to queue
[2025-01-28T23:16:59.795+0000] {logging_mixin.py:188} INFO - [2025-01-28T23:16:59.795+0000] {dagbag.py:538} INFO - Filling up the DagBag from /opt/airflow/dags/monitoring_dag.py
[2025-01-28T23:16:59.827+0000] {processor.py:840} INFO - DAG(s) 'monitoring_dag' retrieved from /opt/airflow/dags/monitoring_dag.py
[2025-01-28T23:16:59.861+0000] {logging_mixin.py:188} INFO - [2025-01-28T23:16:59.861+0000] {dag.py:3036} INFO - Sync 1 DAGs
[2025-01-28T23:16:59.889+0000] {logging_mixin.py:188} INFO - [2025-01-28T23:16:59.889+0000] {dag.py:3823} INFO - Setting next_dagrun for monitoring_dag to 2025-01-28 00:00:00+00:00, run_after=2025-01-29 00:00:00+00:00
[2025-01-28T23:16:59.912+0000] {processor.py:183} INFO - Processing /opt/airflow/dags/monitoring_dag.py took 0.127 seconds
[2025-01-28T23:17:29.981+0000] {processor.py:161} INFO - Started process (PID=294) to work on /opt/airflow/dags/monitoring_dag.py
[2025-01-28T23:17:29.983+0000] {processor.py:830} INFO - Processing file /opt/airflow/dags/monitoring_dag.py for tasks to queue
[2025-01-28T23:17:29.986+0000] {logging_mixin.py:188} INFO - [2025-01-28T23:17:29.985+0000] {dagbag.py:538} INFO - Filling up the DagBag from /opt/airflow/dags/monitoring_dag.py
[2025-01-28T23:17:30.024+0000] {processor.py:840} INFO - DAG(s) 'monitoring_dag' retrieved from /opt/airflow/dags/monitoring_dag.py
[2025-01-28T23:17:30.063+0000] {logging_mixin.py:188} INFO - [2025-01-28T23:17:30.063+0000] {dag.py:3036} INFO - Sync 1 DAGs
[2025-01-28T23:17:30.096+0000] {logging_mixin.py:188} INFO - [2025-01-28T23:17:30.096+0000] {dag.py:3823} INFO - Setting next_dagrun for monitoring_dag to 2025-01-28 00:00:00+00:00, run_after=2025-01-29 00:00:00+00:00
[2025-01-28T23:17:30.123+0000] {processor.py:183} INFO - Processing /opt/airflow/dags/monitoring_dag.py took 0.146 seconds
[2025-01-28T23:18:00.346+0000] {processor.py:161} INFO - Started process (PID=313) to work on /opt/airflow/dags/monitoring_dag.py
[2025-01-28T23:18:00.347+0000] {processor.py:830} INFO - Processing file /opt/airflow/dags/monitoring_dag.py for tasks to queue
[2025-01-28T23:18:00.351+0000] {logging_mixin.py:188} INFO - [2025-01-28T23:18:00.350+0000] {dagbag.py:538} INFO - Filling up the DagBag from /opt/airflow/dags/monitoring_dag.py
[2025-01-28T23:18:00.376+0000] {processor.py:840} INFO - DAG(s) 'monitoring_dag' retrieved from /opt/airflow/dags/monitoring_dag.py
[2025-01-28T23:18:00.413+0000] {logging_mixin.py:188} INFO - [2025-01-28T23:18:00.413+0000] {dag.py:3036} INFO - Sync 1 DAGs
[2025-01-28T23:18:00.448+0000] {logging_mixin.py:188} INFO - [2025-01-28T23:18:00.448+0000] {dag.py:3823} INFO - Setting next_dagrun for monitoring_dag to 2025-01-28 00:00:00+00:00, run_after=2025-01-29 00:00:00+00:00
[2025-01-28T23:18:00.478+0000] {processor.py:183} INFO - Processing /opt/airflow/dags/monitoring_dag.py took 0.136 seconds
[2025-01-28T23:18:31.130+0000] {processor.py:161} INFO - Started process (PID=332) to work on /opt/airflow/dags/monitoring_dag.py
[2025-01-28T23:18:31.132+0000] {processor.py:830} INFO - Processing file /opt/airflow/dags/monitoring_dag.py for tasks to queue
[2025-01-28T23:18:31.135+0000] {logging_mixin.py:188} INFO - [2025-01-28T23:18:31.135+0000] {dagbag.py:538} INFO - Filling up the DagBag from /opt/airflow/dags/monitoring_dag.py
[2025-01-28T23:18:31.168+0000] {processor.py:840} INFO - DAG(s) 'monitoring_dag' retrieved from /opt/airflow/dags/monitoring_dag.py
[2025-01-28T23:18:31.201+0000] {logging_mixin.py:188} INFO - [2025-01-28T23:18:31.201+0000] {dag.py:3036} INFO - Sync 1 DAGs
[2025-01-28T23:18:31.236+0000] {logging_mixin.py:188} INFO - [2025-01-28T23:18:31.236+0000] {dag.py:3823} INFO - Setting next_dagrun for monitoring_dag to 2025-01-28 00:00:00+00:00, run_after=2025-01-29 00:00:00+00:00
[2025-01-28T23:18:31.264+0000] {processor.py:183} INFO - Processing /opt/airflow/dags/monitoring_dag.py took 0.140 seconds
[2025-01-28T23:19:02.203+0000] {processor.py:161} INFO - Started process (PID=359) to work on /opt/airflow/dags/monitoring_dag.py
[2025-01-28T23:19:02.205+0000] {processor.py:830} INFO - Processing file /opt/airflow/dags/monitoring_dag.py for tasks to queue
[2025-01-28T23:19:02.208+0000] {logging_mixin.py:188} INFO - [2025-01-28T23:19:02.207+0000] {dagbag.py:538} INFO - Filling up the DagBag from /opt/airflow/dags/monitoring_dag.py
[2025-01-28T23:19:02.238+0000] {processor.py:840} INFO - DAG(s) 'monitoring_dag' retrieved from /opt/airflow/dags/monitoring_dag.py
[2025-01-28T23:19:02.277+0000] {logging_mixin.py:188} INFO - [2025-01-28T23:19:02.276+0000] {dag.py:3036} INFO - Sync 1 DAGs
[2025-01-28T23:19:02.317+0000] {logging_mixin.py:188} INFO - [2025-01-28T23:19:02.317+0000] {dag.py:3823} INFO - Setting next_dagrun for monitoring_dag to 2025-01-28 00:00:00+00:00, run_after=2025-01-29 00:00:00+00:00
[2025-01-28T23:19:02.346+0000] {processor.py:183} INFO - Processing /opt/airflow/dags/monitoring_dag.py took 0.148 seconds
[2025-01-28T23:19:32.680+0000] {processor.py:161} INFO - Started process (PID=378) to work on /opt/airflow/dags/monitoring_dag.py
[2025-01-28T23:19:32.681+0000] {processor.py:830} INFO - Processing file /opt/airflow/dags/monitoring_dag.py for tasks to queue
[2025-01-28T23:19:32.686+0000] {logging_mixin.py:188} INFO - [2025-01-28T23:19:32.685+0000] {dagbag.py:538} INFO - Filling up the DagBag from /opt/airflow/dags/monitoring_dag.py
[2025-01-28T23:19:32.720+0000] {processor.py:840} INFO - DAG(s) 'monitoring_dag' retrieved from /opt/airflow/dags/monitoring_dag.py
[2025-01-28T23:19:32.755+0000] {logging_mixin.py:188} INFO - [2025-01-28T23:19:32.755+0000] {dag.py:3036} INFO - Sync 1 DAGs
[2025-01-28T23:19:32.790+0000] {logging_mixin.py:188} INFO - [2025-01-28T23:19:32.790+0000] {dag.py:3823} INFO - Setting next_dagrun for monitoring_dag to 2025-01-28 00:00:00+00:00, run_after=2025-01-29 00:00:00+00:00
[2025-01-28T23:19:32.818+0000] {processor.py:183} INFO - Processing /opt/airflow/dags/monitoring_dag.py took 0.142 seconds
[2025-01-28T23:20:03.462+0000] {processor.py:161} INFO - Started process (PID=404) to work on /opt/airflow/dags/monitoring_dag.py
[2025-01-28T23:20:03.464+0000] {processor.py:830} INFO - Processing file /opt/airflow/dags/monitoring_dag.py for tasks to queue
[2025-01-28T23:20:03.467+0000] {logging_mixin.py:188} INFO - [2025-01-28T23:20:03.466+0000] {dagbag.py:538} INFO - Filling up the DagBag from /opt/airflow/dags/monitoring_dag.py
[2025-01-28T23:20:03.498+0000] {processor.py:840} INFO - DAG(s) 'monitoring_dag' retrieved from /opt/airflow/dags/monitoring_dag.py
[2025-01-28T23:20:03.539+0000] {logging_mixin.py:188} INFO - [2025-01-28T23:20:03.538+0000] {dag.py:3036} INFO - Sync 1 DAGs
[2025-01-28T23:20:03.576+0000] {logging_mixin.py:188} INFO - [2025-01-28T23:20:03.576+0000] {dag.py:3823} INFO - Setting next_dagrun for monitoring_dag to 2025-01-28 00:00:00+00:00, run_after=2025-01-29 00:00:00+00:00
[2025-01-28T23:20:03.604+0000] {processor.py:183} INFO - Processing /opt/airflow/dags/monitoring_dag.py took 0.148 seconds
[2025-01-28T23:20:33.851+0000] {processor.py:161} INFO - Started process (PID=423) to work on /opt/airflow/dags/monitoring_dag.py
[2025-01-28T23:20:33.853+0000] {processor.py:830} INFO - Processing file /opt/airflow/dags/monitoring_dag.py for tasks to queue
[2025-01-28T23:20:33.856+0000] {logging_mixin.py:188} INFO - [2025-01-28T23:20:33.855+0000] {dagbag.py:538} INFO - Filling up the DagBag from /opt/airflow/dags/monitoring_dag.py
[2025-01-28T23:20:33.892+0000] {processor.py:840} INFO - DAG(s) 'monitoring_dag' retrieved from /opt/airflow/dags/monitoring_dag.py
[2025-01-28T23:20:33.925+0000] {logging_mixin.py:188} INFO - [2025-01-28T23:20:33.924+0000] {dag.py:3036} INFO - Sync 1 DAGs
[2025-01-28T23:20:33.952+0000] {logging_mixin.py:188} INFO - [2025-01-28T23:20:33.951+0000] {dag.py:3823} INFO - Setting next_dagrun for monitoring_dag to 2025-01-28 00:00:00+00:00, run_after=2025-01-29 00:00:00+00:00
[2025-01-28T23:20:33.976+0000] {processor.py:183} INFO - Processing /opt/airflow/dags/monitoring_dag.py took 0.129 seconds
[2025-01-28T23:21:04.665+0000] {processor.py:161} INFO - Started process (PID=442) to work on /opt/airflow/dags/monitoring_dag.py
[2025-01-28T23:21:04.666+0000] {processor.py:830} INFO - Processing file /opt/airflow/dags/monitoring_dag.py for tasks to queue
[2025-01-28T23:21:04.669+0000] {logging_mixin.py:188} INFO - [2025-01-28T23:21:04.669+0000] {dagbag.py:538} INFO - Filling up the DagBag from /opt/airflow/dags/monitoring_dag.py
[2025-01-28T23:21:04.699+0000] {processor.py:840} INFO - DAG(s) 'monitoring_dag' retrieved from /opt/airflow/dags/monitoring_dag.py
[2025-01-28T23:21:04.743+0000] {logging_mixin.py:188} INFO - [2025-01-28T23:21:04.743+0000] {dag.py:3036} INFO - Sync 1 DAGs
[2025-01-28T23:21:04.779+0000] {logging_mixin.py:188} INFO - [2025-01-28T23:21:04.778+0000] {dag.py:3823} INFO - Setting next_dagrun for monitoring_dag to 2025-01-28 00:00:00+00:00, run_after=2025-01-29 00:00:00+00:00
[2025-01-28T23:21:04.810+0000] {processor.py:183} INFO - Processing /opt/airflow/dags/monitoring_dag.py took 0.154 seconds
[2025-01-28T23:21:35.126+0000] {processor.py:161} INFO - Started process (PID=469) to work on /opt/airflow/dags/monitoring_dag.py
[2025-01-28T23:21:35.129+0000] {processor.py:830} INFO - Processing file /opt/airflow/dags/monitoring_dag.py for tasks to queue
[2025-01-28T23:21:35.132+0000] {logging_mixin.py:188} INFO - [2025-01-28T23:21:35.132+0000] {dagbag.py:538} INFO - Filling up the DagBag from /opt/airflow/dags/monitoring_dag.py
[2025-01-28T23:21:35.173+0000] {processor.py:840} INFO - DAG(s) 'monitoring_dag' retrieved from /opt/airflow/dags/monitoring_dag.py
[2025-01-28T23:21:35.219+0000] {logging_mixin.py:188} INFO - [2025-01-28T23:21:35.218+0000] {dag.py:3036} INFO - Sync 1 DAGs
[2025-01-28T23:21:35.266+0000] {logging_mixin.py:188} INFO - [2025-01-28T23:21:35.266+0000] {dag.py:3823} INFO - Setting next_dagrun for monitoring_dag to 2025-01-28 00:00:00+00:00, run_after=2025-01-29 00:00:00+00:00
[2025-01-28T23:21:35.311+0000] {processor.py:183} INFO - Processing /opt/airflow/dags/monitoring_dag.py took 0.190 seconds
[2025-01-28T23:22:06.141+0000] {processor.py:161} INFO - Started process (PID=488) to work on /opt/airflow/dags/monitoring_dag.py
[2025-01-28T23:22:06.142+0000] {processor.py:830} INFO - Processing file /opt/airflow/dags/monitoring_dag.py for tasks to queue
[2025-01-28T23:22:06.146+0000] {logging_mixin.py:188} INFO - [2025-01-28T23:22:06.145+0000] {dagbag.py:538} INFO - Filling up the DagBag from /opt/airflow/dags/monitoring_dag.py
[2025-01-28T23:22:06.193+0000] {processor.py:840} INFO - DAG(s) 'monitoring_dag' retrieved from /opt/airflow/dags/monitoring_dag.py
[2025-01-28T23:22:06.236+0000] {logging_mixin.py:188} INFO - [2025-01-28T23:22:06.236+0000] {dag.py:3036} INFO - Sync 1 DAGs
[2025-01-28T23:22:06.277+0000] {logging_mixin.py:188} INFO - [2025-01-28T23:22:06.276+0000] {dag.py:3823} INFO - Setting next_dagrun for monitoring_dag to 2025-01-28 00:00:00+00:00, run_after=2025-01-29 00:00:00+00:00
[2025-01-28T23:22:06.307+0000] {processor.py:183} INFO - Processing /opt/airflow/dags/monitoring_dag.py took 0.172 seconds
[2025-01-28T23:22:36.800+0000] {processor.py:161} INFO - Started process (PID=507) to work on /opt/airflow/dags/monitoring_dag.py
[2025-01-28T23:22:36.802+0000] {processor.py:830} INFO - Processing file /opt/airflow/dags/monitoring_dag.py for tasks to queue
[2025-01-28T23:22:36.804+0000] {logging_mixin.py:188} INFO - [2025-01-28T23:22:36.804+0000] {dagbag.py:538} INFO - Filling up the DagBag from /opt/airflow/dags/monitoring_dag.py
[2025-01-28T23:22:36.843+0000] {processor.py:840} INFO - DAG(s) 'monitoring_dag' retrieved from /opt/airflow/dags/monitoring_dag.py
[2025-01-28T23:22:36.883+0000] {logging_mixin.py:188} INFO - [2025-01-28T23:22:36.883+0000] {dag.py:3036} INFO - Sync 1 DAGs
[2025-01-28T23:22:36.916+0000] {logging_mixin.py:188} INFO - [2025-01-28T23:22:36.915+0000] {dag.py:3823} INFO - Setting next_dagrun for monitoring_dag to 2025-01-28 00:00:00+00:00, run_after=2025-01-29 00:00:00+00:00
[2025-01-28T23:22:36.947+0000] {processor.py:183} INFO - Processing /opt/airflow/dags/monitoring_dag.py took 0.153 seconds
[2025-01-28T23:23:07.763+0000] {processor.py:161} INFO - Started process (PID=536) to work on /opt/airflow/dags/monitoring_dag.py
[2025-01-28T23:23:07.765+0000] {processor.py:830} INFO - Processing file /opt/airflow/dags/monitoring_dag.py for tasks to queue
[2025-01-28T23:23:07.769+0000] {logging_mixin.py:188} INFO - [2025-01-28T23:23:07.769+0000] {dagbag.py:538} INFO - Filling up the DagBag from /opt/airflow/dags/monitoring_dag.py
[2025-01-28T23:23:07.808+0000] {processor.py:840} INFO - DAG(s) 'monitoring_dag' retrieved from /opt/airflow/dags/monitoring_dag.py
[2025-01-28T23:23:07.844+0000] {logging_mixin.py:188} INFO - [2025-01-28T23:23:07.843+0000] {dag.py:3036} INFO - Sync 1 DAGs
[2025-01-28T23:23:07.876+0000] {logging_mixin.py:188} INFO - [2025-01-28T23:23:07.875+0000] {dag.py:3823} INFO - Setting next_dagrun for monitoring_dag to 2025-01-28 00:00:00+00:00, run_after=2025-01-29 00:00:00+00:00
[2025-01-28T23:23:07.913+0000] {processor.py:183} INFO - Processing /opt/airflow/dags/monitoring_dag.py took 0.157 seconds
[2025-01-28T23:23:38.080+0000] {processor.py:161} INFO - Started process (PID=555) to work on /opt/airflow/dags/monitoring_dag.py
[2025-01-28T23:23:38.082+0000] {processor.py:830} INFO - Processing file /opt/airflow/dags/monitoring_dag.py for tasks to queue
[2025-01-28T23:23:38.088+0000] {logging_mixin.py:188} INFO - [2025-01-28T23:23:38.087+0000] {dagbag.py:538} INFO - Filling up the DagBag from /opt/airflow/dags/monitoring_dag.py
[2025-01-28T23:23:38.135+0000] {processor.py:840} INFO - DAG(s) 'monitoring_dag' retrieved from /opt/airflow/dags/monitoring_dag.py
[2025-01-28T23:23:38.168+0000] {logging_mixin.py:188} INFO - [2025-01-28T23:23:38.167+0000] {dag.py:3036} INFO - Sync 1 DAGs
[2025-01-28T23:23:38.215+0000] {logging_mixin.py:188} INFO - [2025-01-28T23:23:38.214+0000] {dag.py:3823} INFO - Setting next_dagrun for monitoring_dag to 2025-01-28 00:00:00+00:00, run_after=2025-01-29 00:00:00+00:00
[2025-01-28T23:23:38.262+0000] {processor.py:183} INFO - Processing /opt/airflow/dags/monitoring_dag.py took 0.189 seconds
[2025-01-28T23:24:08.370+0000] {processor.py:161} INFO - Started process (PID=581) to work on /opt/airflow/dags/monitoring_dag.py
[2025-01-28T23:24:08.372+0000] {processor.py:830} INFO - Processing file /opt/airflow/dags/monitoring_dag.py for tasks to queue
[2025-01-28T23:24:08.375+0000] {logging_mixin.py:188} INFO - [2025-01-28T23:24:08.375+0000] {dagbag.py:538} INFO - Filling up the DagBag from /opt/airflow/dags/monitoring_dag.py
[2025-01-28T23:24:08.424+0000] {processor.py:840} INFO - DAG(s) 'monitoring_dag' retrieved from /opt/airflow/dags/monitoring_dag.py
[2025-01-28T23:24:08.463+0000] {logging_mixin.py:188} INFO - [2025-01-28T23:24:08.463+0000] {dag.py:3036} INFO - Sync 1 DAGs
[2025-01-28T23:24:08.495+0000] {logging_mixin.py:188} INFO - [2025-01-28T23:24:08.495+0000] {dag.py:3823} INFO - Setting next_dagrun for monitoring_dag to 2025-01-28 00:00:00+00:00, run_after=2025-01-29 00:00:00+00:00
[2025-01-28T23:24:08.531+0000] {processor.py:183} INFO - Processing /opt/airflow/dags/monitoring_dag.py took 0.164 seconds
[2025-01-28T23:24:39.107+0000] {processor.py:161} INFO - Started process (PID=601) to work on /opt/airflow/dags/monitoring_dag.py
[2025-01-28T23:24:39.118+0000] {processor.py:830} INFO - Processing file /opt/airflow/dags/monitoring_dag.py for tasks to queue
[2025-01-28T23:24:39.122+0000] {logging_mixin.py:188} INFO - [2025-01-28T23:24:39.121+0000] {dagbag.py:538} INFO - Filling up the DagBag from /opt/airflow/dags/monitoring_dag.py
[2025-01-28T23:24:39.161+0000] {processor.py:840} INFO - DAG(s) 'monitoring_dag' retrieved from /opt/airflow/dags/monitoring_dag.py
[2025-01-28T23:24:39.195+0000] {logging_mixin.py:188} INFO - [2025-01-28T23:24:39.194+0000] {dag.py:3036} INFO - Sync 1 DAGs
[2025-01-28T23:24:39.228+0000] {logging_mixin.py:188} INFO - [2025-01-28T23:24:39.228+0000] {dag.py:3823} INFO - Setting next_dagrun for monitoring_dag to 2025-01-28 00:00:00+00:00, run_after=2025-01-29 00:00:00+00:00
[2025-01-28T23:24:39.271+0000] {processor.py:183} INFO - Processing /opt/airflow/dags/monitoring_dag.py took 0.169 seconds
[2025-01-28T23:25:09.898+0000] {processor.py:161} INFO - Started process (PID=621) to work on /opt/airflow/dags/monitoring_dag.py
[2025-01-28T23:25:09.900+0000] {processor.py:830} INFO - Processing file /opt/airflow/dags/monitoring_dag.py for tasks to queue
[2025-01-28T23:25:09.903+0000] {logging_mixin.py:188} INFO - [2025-01-28T23:25:09.902+0000] {dagbag.py:538} INFO - Filling up the DagBag from /opt/airflow/dags/monitoring_dag.py
[2025-01-28T23:25:09.930+0000] {processor.py:840} INFO - DAG(s) 'monitoring_dag' retrieved from /opt/airflow/dags/monitoring_dag.py
[2025-01-28T23:25:09.961+0000] {logging_mixin.py:188} INFO - [2025-01-28T23:25:09.960+0000] {dag.py:3036} INFO - Sync 1 DAGs
[2025-01-28T23:25:09.987+0000] {logging_mixin.py:188} INFO - [2025-01-28T23:25:09.987+0000] {dag.py:3823} INFO - Setting next_dagrun for monitoring_dag to 2025-01-28 00:00:00+00:00, run_after=2025-01-29 00:00:00+00:00
[2025-01-28T23:25:10.013+0000] {processor.py:183} INFO - Processing /opt/airflow/dags/monitoring_dag.py took 0.119 seconds
[2025-01-28T23:25:40.946+0000] {processor.py:161} INFO - Started process (PID=648) to work on /opt/airflow/dags/monitoring_dag.py
[2025-01-28T23:25:40.947+0000] {processor.py:830} INFO - Processing file /opt/airflow/dags/monitoring_dag.py for tasks to queue
[2025-01-28T23:25:40.950+0000] {logging_mixin.py:188} INFO - [2025-01-28T23:25:40.950+0000] {dagbag.py:538} INFO - Filling up the DagBag from /opt/airflow/dags/monitoring_dag.py
[2025-01-28T23:25:40.977+0000] {processor.py:840} INFO - DAG(s) 'monitoring_dag' retrieved from /opt/airflow/dags/monitoring_dag.py
[2025-01-28T23:25:41.006+0000] {logging_mixin.py:188} INFO - [2025-01-28T23:25:41.006+0000] {dag.py:3036} INFO - Sync 1 DAGs
[2025-01-28T23:25:41.034+0000] {logging_mixin.py:188} INFO - [2025-01-28T23:25:41.034+0000] {dag.py:3823} INFO - Setting next_dagrun for monitoring_dag to 2025-01-28 00:00:00+00:00, run_after=2025-01-29 00:00:00+00:00
[2025-01-28T23:25:41.062+0000] {processor.py:183} INFO - Processing /opt/airflow/dags/monitoring_dag.py took 0.119 seconds
[2025-01-28T23:26:11.173+0000] {processor.py:161} INFO - Started process (PID=667) to work on /opt/airflow/dags/monitoring_dag.py
[2025-01-28T23:26:11.174+0000] {processor.py:830} INFO - Processing file /opt/airflow/dags/monitoring_dag.py for tasks to queue
[2025-01-28T23:26:11.178+0000] {logging_mixin.py:188} INFO - [2025-01-28T23:26:11.178+0000] {dagbag.py:538} INFO - Filling up the DagBag from /opt/airflow/dags/monitoring_dag.py
[2025-01-28T23:26:11.207+0000] {processor.py:840} INFO - DAG(s) 'monitoring_dag' retrieved from /opt/airflow/dags/monitoring_dag.py
[2025-01-28T23:26:11.240+0000] {logging_mixin.py:188} INFO - [2025-01-28T23:26:11.240+0000] {dag.py:3036} INFO - Sync 1 DAGs
[2025-01-28T23:26:11.277+0000] {logging_mixin.py:188} INFO - [2025-01-28T23:26:11.277+0000] {dag.py:3823} INFO - Setting next_dagrun for monitoring_dag to 2025-01-28 00:00:00+00:00, run_after=2025-01-29 00:00:00+00:00
[2025-01-28T23:26:11.307+0000] {processor.py:183} INFO - Processing /opt/airflow/dags/monitoring_dag.py took 0.140 seconds
[2025-01-28T23:26:41.549+0000] {processor.py:161} INFO - Started process (PID=686) to work on /opt/airflow/dags/monitoring_dag.py
[2025-01-28T23:26:41.552+0000] {processor.py:830} INFO - Processing file /opt/airflow/dags/monitoring_dag.py for tasks to queue
[2025-01-28T23:26:41.555+0000] {logging_mixin.py:188} INFO - [2025-01-28T23:26:41.554+0000] {dagbag.py:538} INFO - Filling up the DagBag from /opt/airflow/dags/monitoring_dag.py
[2025-01-28T23:26:41.593+0000] {processor.py:840} INFO - DAG(s) 'monitoring_dag' retrieved from /opt/airflow/dags/monitoring_dag.py
[2025-01-28T23:26:41.639+0000] {logging_mixin.py:188} INFO - [2025-01-28T23:26:41.638+0000] {dag.py:3036} INFO - Sync 1 DAGs
[2025-01-28T23:26:41.672+0000] {logging_mixin.py:188} INFO - [2025-01-28T23:26:41.671+0000] {dag.py:3823} INFO - Setting next_dagrun for monitoring_dag to 2025-01-28 00:00:00+00:00, run_after=2025-01-29 00:00:00+00:00
[2025-01-28T23:26:41.696+0000] {processor.py:183} INFO - Processing /opt/airflow/dags/monitoring_dag.py took 0.154 seconds
[2025-01-28T23:27:12.465+0000] {processor.py:161} INFO - Started process (PID=713) to work on /opt/airflow/dags/monitoring_dag.py
[2025-01-28T23:27:12.466+0000] {processor.py:830} INFO - Processing file /opt/airflow/dags/monitoring_dag.py for tasks to queue
[2025-01-28T23:27:12.469+0000] {logging_mixin.py:188} INFO - [2025-01-28T23:27:12.468+0000] {dagbag.py:538} INFO - Filling up the DagBag from /opt/airflow/dags/monitoring_dag.py
[2025-01-28T23:27:12.505+0000] {processor.py:840} INFO - DAG(s) 'monitoring_dag' retrieved from /opt/airflow/dags/monitoring_dag.py
[2025-01-28T23:27:12.535+0000] {logging_mixin.py:188} INFO - [2025-01-28T23:27:12.535+0000] {dag.py:3036} INFO - Sync 1 DAGs
[2025-01-28T23:27:12.574+0000] {logging_mixin.py:188} INFO - [2025-01-28T23:27:12.573+0000] {dag.py:3823} INFO - Setting next_dagrun for monitoring_dag to 2025-01-28 00:00:00+00:00, run_after=2025-01-29 00:00:00+00:00
[2025-01-28T23:27:12.600+0000] {processor.py:183} INFO - Processing /opt/airflow/dags/monitoring_dag.py took 0.142 seconds
[2025-01-28T23:27:43.200+0000] {processor.py:161} INFO - Started process (PID=732) to work on /opt/airflow/dags/monitoring_dag.py
[2025-01-28T23:27:43.202+0000] {processor.py:830} INFO - Processing file /opt/airflow/dags/monitoring_dag.py for tasks to queue
[2025-01-28T23:27:43.205+0000] {logging_mixin.py:188} INFO - [2025-01-28T23:27:43.204+0000] {dagbag.py:538} INFO - Filling up the DagBag from /opt/airflow/dags/monitoring_dag.py
[2025-01-28T23:27:43.228+0000] {processor.py:840} INFO - DAG(s) 'monitoring_dag' retrieved from /opt/airflow/dags/monitoring_dag.py
[2025-01-28T23:27:43.258+0000] {logging_mixin.py:188} INFO - [2025-01-28T23:27:43.257+0000] {dag.py:3036} INFO - Sync 1 DAGs
[2025-01-28T23:27:43.289+0000] {logging_mixin.py:188} INFO - [2025-01-28T23:27:43.289+0000] {dag.py:3823} INFO - Setting next_dagrun for monitoring_dag to 2025-01-28 00:00:00+00:00, run_after=2025-01-29 00:00:00+00:00
[2025-01-28T23:27:43.314+0000] {processor.py:183} INFO - Processing /opt/airflow/dags/monitoring_dag.py took 0.122 seconds
[2025-01-28T23:28:13.416+0000] {processor.py:161} INFO - Started process (PID=750) to work on /opt/airflow/dags/monitoring_dag.py
[2025-01-28T23:28:13.419+0000] {processor.py:830} INFO - Processing file /opt/airflow/dags/monitoring_dag.py for tasks to queue
[2025-01-28T23:28:13.426+0000] {logging_mixin.py:188} INFO - [2025-01-28T23:28:13.424+0000] {dagbag.py:538} INFO - Filling up the DagBag from /opt/airflow/dags/monitoring_dag.py
[2025-01-28T23:28:13.506+0000] {processor.py:840} INFO - DAG(s) 'monitoring_dag' retrieved from /opt/airflow/dags/monitoring_dag.py
[2025-01-28T23:28:13.562+0000] {logging_mixin.py:188} INFO - [2025-01-28T23:28:13.562+0000] {dag.py:3036} INFO - Sync 1 DAGs
[2025-01-28T23:28:13.608+0000] {logging_mixin.py:188} INFO - [2025-01-28T23:28:13.608+0000] {dag.py:3823} INFO - Setting next_dagrun for monitoring_dag to 2025-01-28 00:00:00+00:00, run_after=2025-01-29 00:00:00+00:00
[2025-01-28T23:28:13.640+0000] {processor.py:183} INFO - Processing /opt/airflow/dags/monitoring_dag.py took 0.232 seconds
[2025-01-28T23:28:44.002+0000] {processor.py:161} INFO - Started process (PID=777) to work on /opt/airflow/dags/monitoring_dag.py
[2025-01-28T23:28:44.007+0000] {processor.py:830} INFO - Processing file /opt/airflow/dags/monitoring_dag.py for tasks to queue
[2025-01-28T23:28:44.013+0000] {logging_mixin.py:188} INFO - [2025-01-28T23:28:44.012+0000] {dagbag.py:538} INFO - Filling up the DagBag from /opt/airflow/dags/monitoring_dag.py
[2025-01-28T23:28:44.087+0000] {processor.py:840} INFO - DAG(s) 'monitoring_dag' retrieved from /opt/airflow/dags/monitoring_dag.py
[2025-01-28T23:28:44.135+0000] {logging_mixin.py:188} INFO - [2025-01-28T23:28:44.135+0000] {dag.py:3036} INFO - Sync 1 DAGs
[2025-01-28T23:28:44.168+0000] {logging_mixin.py:188} INFO - [2025-01-28T23:28:44.168+0000] {dag.py:3823} INFO - Setting next_dagrun for monitoring_dag to 2025-01-28 00:00:00+00:00, run_after=2025-01-29 00:00:00+00:00
[2025-01-28T23:28:44.200+0000] {processor.py:183} INFO - Processing /opt/airflow/dags/monitoring_dag.py took 0.207 seconds
[2025-01-28T23:29:14.395+0000] {processor.py:161} INFO - Started process (PID=797) to work on /opt/airflow/dags/monitoring_dag.py
[2025-01-28T23:29:14.397+0000] {processor.py:830} INFO - Processing file /opt/airflow/dags/monitoring_dag.py for tasks to queue
[2025-01-28T23:29:14.399+0000] {logging_mixin.py:188} INFO - [2025-01-28T23:29:14.399+0000] {dagbag.py:538} INFO - Filling up the DagBag from /opt/airflow/dags/monitoring_dag.py
[2025-01-28T23:29:14.433+0000] {processor.py:840} INFO - DAG(s) 'monitoring_dag' retrieved from /opt/airflow/dags/monitoring_dag.py
[2025-01-28T23:29:14.462+0000] {logging_mixin.py:188} INFO - [2025-01-28T23:29:14.462+0000] {dag.py:3036} INFO - Sync 1 DAGs
[2025-01-28T23:29:14.489+0000] {logging_mixin.py:188} INFO - [2025-01-28T23:29:14.489+0000] {dag.py:3823} INFO - Setting next_dagrun for monitoring_dag to 2025-01-28 00:00:00+00:00, run_after=2025-01-29 00:00:00+00:00
[2025-01-28T23:29:14.513+0000] {processor.py:183} INFO - Processing /opt/airflow/dags/monitoring_dag.py took 0.121 seconds
[2025-01-28T23:29:45.453+0000] {processor.py:161} INFO - Started process (PID=816) to work on /opt/airflow/dags/monitoring_dag.py
[2025-01-28T23:29:45.455+0000] {processor.py:830} INFO - Processing file /opt/airflow/dags/monitoring_dag.py for tasks to queue
[2025-01-28T23:29:45.458+0000] {logging_mixin.py:188} INFO - [2025-01-28T23:29:45.458+0000] {dagbag.py:538} INFO - Filling up the DagBag from /opt/airflow/dags/monitoring_dag.py
[2025-01-28T23:29:45.510+0000] {processor.py:840} INFO - DAG(s) 'monitoring_dag' retrieved from /opt/airflow/dags/monitoring_dag.py
[2025-01-28T23:29:45.580+0000] {logging_mixin.py:188} INFO - [2025-01-28T23:29:45.579+0000] {dag.py:3036} INFO - Sync 1 DAGs
[2025-01-28T23:29:45.636+0000] {logging_mixin.py:188} INFO - [2025-01-28T23:29:45.635+0000] {dag.py:3823} INFO - Setting next_dagrun for monitoring_dag to 2025-01-28 00:00:00+00:00, run_after=2025-01-29 00:00:00+00:00
[2025-01-28T23:29:45.691+0000] {processor.py:183} INFO - Processing /opt/airflow/dags/monitoring_dag.py took 0.243 seconds
[2025-01-28T23:30:16.355+0000] {processor.py:161} INFO - Started process (PID=843) to work on /opt/airflow/dags/monitoring_dag.py
[2025-01-28T23:30:16.358+0000] {processor.py:830} INFO - Processing file /opt/airflow/dags/monitoring_dag.py for tasks to queue
[2025-01-28T23:30:16.364+0000] {logging_mixin.py:188} INFO - [2025-01-28T23:30:16.363+0000] {dagbag.py:538} INFO - Filling up the DagBag from /opt/airflow/dags/monitoring_dag.py
[2025-01-28T23:30:16.422+0000] {processor.py:840} INFO - DAG(s) 'monitoring_dag' retrieved from /opt/airflow/dags/monitoring_dag.py
[2025-01-28T23:30:16.473+0000] {logging_mixin.py:188} INFO - [2025-01-28T23:30:16.473+0000] {dag.py:3036} INFO - Sync 1 DAGs
[2025-01-28T23:30:16.514+0000] {logging_mixin.py:188} INFO - [2025-01-28T23:30:16.514+0000] {dag.py:3823} INFO - Setting next_dagrun for monitoring_dag to 2025-01-28 00:00:00+00:00, run_after=2025-01-29 00:00:00+00:00
[2025-01-28T23:30:16.541+0000] {processor.py:183} INFO - Processing /opt/airflow/dags/monitoring_dag.py took 0.199 seconds
[2025-01-28T23:30:46.674+0000] {processor.py:161} INFO - Started process (PID=862) to work on /opt/airflow/dags/monitoring_dag.py
[2025-01-28T23:30:46.680+0000] {processor.py:830} INFO - Processing file /opt/airflow/dags/monitoring_dag.py for tasks to queue
[2025-01-28T23:30:46.687+0000] {logging_mixin.py:188} INFO - [2025-01-28T23:30:46.686+0000] {dagbag.py:538} INFO - Filling up the DagBag from /opt/airflow/dags/monitoring_dag.py
[2025-01-28T23:30:46.740+0000] {processor.py:840} INFO - DAG(s) 'monitoring_dag' retrieved from /opt/airflow/dags/monitoring_dag.py
[2025-01-28T23:30:46.794+0000] {logging_mixin.py:188} INFO - [2025-01-28T23:30:46.793+0000] {dag.py:3036} INFO - Sync 1 DAGs
[2025-01-28T23:30:46.837+0000] {logging_mixin.py:188} INFO - [2025-01-28T23:30:46.836+0000] {dag.py:3823} INFO - Setting next_dagrun for monitoring_dag to 2025-01-28 00:00:00+00:00, run_after=2025-01-29 00:00:00+00:00
[2025-01-28T23:30:46.885+0000] {processor.py:183} INFO - Processing /opt/airflow/dags/monitoring_dag.py took 0.226 seconds
[2025-01-28T23:31:17.024+0000] {processor.py:161} INFO - Started process (PID=880) to work on /opt/airflow/dags/monitoring_dag.py
[2025-01-28T23:31:17.028+0000] {processor.py:830} INFO - Processing file /opt/airflow/dags/monitoring_dag.py for tasks to queue
[2025-01-28T23:31:17.033+0000] {logging_mixin.py:188} INFO - [2025-01-28T23:31:17.032+0000] {dagbag.py:538} INFO - Filling up the DagBag from /opt/airflow/dags/monitoring_dag.py
[2025-01-28T23:31:17.084+0000] {processor.py:840} INFO - DAG(s) 'monitoring_dag' retrieved from /opt/airflow/dags/monitoring_dag.py
[2025-01-28T23:31:17.116+0000] {logging_mixin.py:188} INFO - [2025-01-28T23:31:17.116+0000] {dag.py:3036} INFO - Sync 1 DAGs
[2025-01-28T23:31:17.143+0000] {logging_mixin.py:188} INFO - [2025-01-28T23:31:17.143+0000] {dag.py:3823} INFO - Setting next_dagrun for monitoring_dag to 2025-01-28 00:00:00+00:00, run_after=2025-01-29 00:00:00+00:00
[2025-01-28T23:31:17.169+0000] {processor.py:183} INFO - Processing /opt/airflow/dags/monitoring_dag.py took 0.152 seconds
[2025-01-28T23:31:47.412+0000] {processor.py:161} INFO - Started process (PID=907) to work on /opt/airflow/dags/monitoring_dag.py
[2025-01-28T23:31:47.414+0000] {processor.py:830} INFO - Processing file /opt/airflow/dags/monitoring_dag.py for tasks to queue
[2025-01-28T23:31:47.418+0000] {logging_mixin.py:188} INFO - [2025-01-28T23:31:47.417+0000] {dagbag.py:538} INFO - Filling up the DagBag from /opt/airflow/dags/monitoring_dag.py
[2025-01-28T23:31:47.454+0000] {processor.py:840} INFO - DAG(s) 'monitoring_dag' retrieved from /opt/airflow/dags/monitoring_dag.py
[2025-01-28T23:31:47.493+0000] {logging_mixin.py:188} INFO - [2025-01-28T23:31:47.493+0000] {dag.py:3036} INFO - Sync 1 DAGs
[2025-01-28T23:31:47.524+0000] {logging_mixin.py:188} INFO - [2025-01-28T23:31:47.524+0000] {dag.py:3823} INFO - Setting next_dagrun for monitoring_dag to 2025-01-28 00:00:00+00:00, run_after=2025-01-29 00:00:00+00:00
[2025-01-28T23:31:47.548+0000] {processor.py:183} INFO - Processing /opt/airflow/dags/monitoring_dag.py took 0.140 seconds
[2025-01-28T23:32:17.856+0000] {processor.py:161} INFO - Started process (PID=926) to work on /opt/airflow/dags/monitoring_dag.py
[2025-01-28T23:32:17.860+0000] {processor.py:830} INFO - Processing file /opt/airflow/dags/monitoring_dag.py for tasks to queue
[2025-01-28T23:32:17.866+0000] {logging_mixin.py:188} INFO - [2025-01-28T23:32:17.865+0000] {dagbag.py:538} INFO - Filling up the DagBag from /opt/airflow/dags/monitoring_dag.py
[2025-01-28T23:32:17.922+0000] {processor.py:840} INFO - DAG(s) 'monitoring_dag' retrieved from /opt/airflow/dags/monitoring_dag.py
[2025-01-28T23:32:17.970+0000] {logging_mixin.py:188} INFO - [2025-01-28T23:32:17.970+0000] {dag.py:3036} INFO - Sync 1 DAGs
[2025-01-28T23:32:17.997+0000] {logging_mixin.py:188} INFO - [2025-01-28T23:32:17.997+0000] {dag.py:3823} INFO - Setting next_dagrun for monitoring_dag to 2025-01-28 00:00:00+00:00, run_after=2025-01-29 00:00:00+00:00
[2025-01-28T23:32:18.020+0000] {processor.py:183} INFO - Processing /opt/airflow/dags/monitoring_dag.py took 0.175 seconds
[2025-01-28T23:32:48.455+0000] {processor.py:161} INFO - Started process (PID=953) to work on /opt/airflow/dags/monitoring_dag.py
[2025-01-28T23:32:48.458+0000] {processor.py:830} INFO - Processing file /opt/airflow/dags/monitoring_dag.py for tasks to queue
[2025-01-28T23:32:48.463+0000] {logging_mixin.py:188} INFO - [2025-01-28T23:32:48.462+0000] {dagbag.py:538} INFO - Filling up the DagBag from /opt/airflow/dags/monitoring_dag.py
[2025-01-28T23:32:48.498+0000] {processor.py:840} INFO - DAG(s) 'monitoring_dag' retrieved from /opt/airflow/dags/monitoring_dag.py
[2025-01-28T23:32:48.539+0000] {logging_mixin.py:188} INFO - [2025-01-28T23:32:48.539+0000] {dag.py:3036} INFO - Sync 1 DAGs
[2025-01-28T23:32:48.580+0000] {logging_mixin.py:188} INFO - [2025-01-28T23:32:48.579+0000] {dag.py:3823} INFO - Setting next_dagrun for monitoring_dag to 2025-01-28 00:00:00+00:00, run_after=2025-01-29 00:00:00+00:00
[2025-01-28T23:32:48.612+0000] {processor.py:183} INFO - Processing /opt/airflow/dags/monitoring_dag.py took 0.162 seconds
[2025-01-28T23:33:18.842+0000] {processor.py:161} INFO - Started process (PID=972) to work on /opt/airflow/dags/monitoring_dag.py
[2025-01-28T23:33:18.848+0000] {processor.py:830} INFO - Processing file /opt/airflow/dags/monitoring_dag.py for tasks to queue
[2025-01-28T23:33:18.850+0000] {logging_mixin.py:188} INFO - [2025-01-28T23:33:18.850+0000] {dagbag.py:538} INFO - Filling up the DagBag from /opt/airflow/dags/monitoring_dag.py
[2025-01-28T23:33:18.884+0000] {processor.py:840} INFO - DAG(s) 'monitoring_dag' retrieved from /opt/airflow/dags/monitoring_dag.py
[2025-01-28T23:33:18.922+0000] {logging_mixin.py:188} INFO - [2025-01-28T23:33:18.922+0000] {dag.py:3036} INFO - Sync 1 DAGs
[2025-01-28T23:33:18.957+0000] {logging_mixin.py:188} INFO - [2025-01-28T23:33:18.956+0000] {dag.py:3823} INFO - Setting next_dagrun for monitoring_dag to 2025-01-28 00:00:00+00:00, run_after=2025-01-29 00:00:00+00:00
[2025-01-28T23:33:18.983+0000] {processor.py:183} INFO - Processing /opt/airflow/dags/monitoring_dag.py took 0.145 seconds
[2025-01-28T23:33:49.067+0000] {processor.py:161} INFO - Started process (PID=999) to work on /opt/airflow/dags/monitoring_dag.py
[2025-01-28T23:33:49.068+0000] {processor.py:830} INFO - Processing file /opt/airflow/dags/monitoring_dag.py for tasks to queue
[2025-01-28T23:33:49.072+0000] {logging_mixin.py:188} INFO - [2025-01-28T23:33:49.071+0000] {dagbag.py:538} INFO - Filling up the DagBag from /opt/airflow/dags/monitoring_dag.py
[2025-01-28T23:33:49.099+0000] {processor.py:840} INFO - DAG(s) 'monitoring_dag' retrieved from /opt/airflow/dags/monitoring_dag.py
[2025-01-28T23:33:49.136+0000] {logging_mixin.py:188} INFO - [2025-01-28T23:33:49.136+0000] {dag.py:3036} INFO - Sync 1 DAGs
[2025-01-28T23:33:49.169+0000] {logging_mixin.py:188} INFO - [2025-01-28T23:33:49.169+0000] {dag.py:3823} INFO - Setting next_dagrun for monitoring_dag to 2025-01-28 00:00:00+00:00, run_after=2025-01-29 00:00:00+00:00
[2025-01-28T23:33:49.198+0000] {processor.py:183} INFO - Processing /opt/airflow/dags/monitoring_dag.py took 0.136 seconds
[2025-01-28T23:34:19.282+0000] {processor.py:161} INFO - Started process (PID=1020) to work on /opt/airflow/dags/monitoring_dag.py
[2025-01-28T23:34:19.289+0000] {processor.py:830} INFO - Processing file /opt/airflow/dags/monitoring_dag.py for tasks to queue
[2025-01-28T23:34:19.292+0000] {logging_mixin.py:188} INFO - [2025-01-28T23:34:19.292+0000] {dagbag.py:538} INFO - Filling up the DagBag from /opt/airflow/dags/monitoring_dag.py
[2025-01-28T23:34:19.323+0000] {processor.py:840} INFO - DAG(s) 'monitoring_dag' retrieved from /opt/airflow/dags/monitoring_dag.py
[2025-01-28T23:34:19.352+0000] {logging_mixin.py:188} INFO - [2025-01-28T23:34:19.351+0000] {dag.py:3036} INFO - Sync 1 DAGs
[2025-01-28T23:34:19.380+0000] {logging_mixin.py:188} INFO - [2025-01-28T23:34:19.380+0000] {dag.py:3823} INFO - Setting next_dagrun for monitoring_dag to 2025-01-28 00:00:00+00:00, run_after=2025-01-29 00:00:00+00:00
[2025-01-28T23:34:19.403+0000] {processor.py:183} INFO - Processing /opt/airflow/dags/monitoring_dag.py took 0.124 seconds
[2025-01-28T23:34:49.564+0000] {processor.py:161} INFO - Started process (PID=1039) to work on /opt/airflow/dags/monitoring_dag.py
[2025-01-28T23:34:49.566+0000] {processor.py:830} INFO - Processing file /opt/airflow/dags/monitoring_dag.py for tasks to queue
[2025-01-28T23:34:49.569+0000] {logging_mixin.py:188} INFO - [2025-01-28T23:34:49.568+0000] {dagbag.py:538} INFO - Filling up the DagBag from /opt/airflow/dags/monitoring_dag.py
[2025-01-28T23:34:49.630+0000] {processor.py:840} INFO - DAG(s) 'monitoring_dag' retrieved from /opt/airflow/dags/monitoring_dag.py
[2025-01-28T23:34:49.693+0000] {logging_mixin.py:188} INFO - [2025-01-28T23:34:49.692+0000] {dag.py:3036} INFO - Sync 1 DAGs
[2025-01-28T23:34:49.749+0000] {logging_mixin.py:188} INFO - [2025-01-28T23:34:49.749+0000] {dag.py:3823} INFO - Setting next_dagrun for monitoring_dag to 2025-01-28 00:00:00+00:00, run_after=2025-01-29 00:00:00+00:00
[2025-01-28T23:34:49.795+0000] {processor.py:183} INFO - Processing /opt/airflow/dags/monitoring_dag.py took 0.235 seconds
[2025-01-28T23:35:20.118+0000] {processor.py:161} INFO - Started process (PID=1066) to work on /opt/airflow/dags/monitoring_dag.py
[2025-01-28T23:35:20.119+0000] {processor.py:830} INFO - Processing file /opt/airflow/dags/monitoring_dag.py for tasks to queue
[2025-01-28T23:35:20.121+0000] {logging_mixin.py:188} INFO - [2025-01-28T23:35:20.121+0000] {dagbag.py:538} INFO - Filling up the DagBag from /opt/airflow/dags/monitoring_dag.py
[2025-01-28T23:35:20.153+0000] {processor.py:840} INFO - DAG(s) 'monitoring_dag' retrieved from /opt/airflow/dags/monitoring_dag.py
[2025-01-28T23:35:20.179+0000] {logging_mixin.py:188} INFO - [2025-01-28T23:35:20.179+0000] {dag.py:3036} INFO - Sync 1 DAGs
[2025-01-28T23:35:20.204+0000] {logging_mixin.py:188} INFO - [2025-01-28T23:35:20.203+0000] {dag.py:3823} INFO - Setting next_dagrun for monitoring_dag to 2025-01-28 00:00:00+00:00, run_after=2025-01-29 00:00:00+00:00
[2025-01-28T23:35:20.226+0000] {processor.py:183} INFO - Processing /opt/airflow/dags/monitoring_dag.py took 0.111 seconds
[2025-01-28T23:35:51.243+0000] {processor.py:161} INFO - Started process (PID=1085) to work on /opt/airflow/dags/monitoring_dag.py
[2025-01-28T23:35:51.245+0000] {processor.py:830} INFO - Processing file /opt/airflow/dags/monitoring_dag.py for tasks to queue
[2025-01-28T23:35:51.249+0000] {logging_mixin.py:188} INFO - [2025-01-28T23:35:51.248+0000] {dagbag.py:538} INFO - Filling up the DagBag from /opt/airflow/dags/monitoring_dag.py
[2025-01-28T23:35:51.303+0000] {processor.py:840} INFO - DAG(s) 'monitoring_dag' retrieved from /opt/airflow/dags/monitoring_dag.py
[2025-01-28T23:35:51.344+0000] {logging_mixin.py:188} INFO - [2025-01-28T23:35:51.344+0000] {dag.py:3036} INFO - Sync 1 DAGs
[2025-01-28T23:35:51.378+0000] {logging_mixin.py:188} INFO - [2025-01-28T23:35:51.378+0000] {dag.py:3823} INFO - Setting next_dagrun for monitoring_dag to 2025-01-28 00:00:00+00:00, run_after=2025-01-29 00:00:00+00:00
[2025-01-28T23:35:51.411+0000] {processor.py:183} INFO - Processing /opt/airflow/dags/monitoring_dag.py took 0.173 seconds
[2025-01-28T23:36:21.919+0000] {processor.py:161} INFO - Started process (PID=1104) to work on /opt/airflow/dags/monitoring_dag.py
[2025-01-28T23:36:21.920+0000] {processor.py:830} INFO - Processing file /opt/airflow/dags/monitoring_dag.py for tasks to queue
[2025-01-28T23:36:21.923+0000] {logging_mixin.py:188} INFO - [2025-01-28T23:36:21.923+0000] {dagbag.py:538} INFO - Filling up the DagBag from /opt/airflow/dags/monitoring_dag.py
[2025-01-28T23:36:21.953+0000] {processor.py:840} INFO - DAG(s) 'monitoring_dag' retrieved from /opt/airflow/dags/monitoring_dag.py
[2025-01-28T23:36:21.987+0000] {logging_mixin.py:188} INFO - [2025-01-28T23:36:21.986+0000] {dag.py:3036} INFO - Sync 1 DAGs
[2025-01-28T23:36:22.015+0000] {logging_mixin.py:188} INFO - [2025-01-28T23:36:22.015+0000] {dag.py:3823} INFO - Setting next_dagrun for monitoring_dag to 2025-01-28 00:00:00+00:00, run_after=2025-01-29 00:00:00+00:00
[2025-01-28T23:36:22.041+0000] {processor.py:183} INFO - Processing /opt/airflow/dags/monitoring_dag.py took 0.128 seconds
[2025-01-28T23:36:52.295+0000] {processor.py:161} INFO - Started process (PID=1131) to work on /opt/airflow/dags/monitoring_dag.py
[2025-01-28T23:36:52.297+0000] {processor.py:830} INFO - Processing file /opt/airflow/dags/monitoring_dag.py for tasks to queue
[2025-01-28T23:36:52.300+0000] {logging_mixin.py:188} INFO - [2025-01-28T23:36:52.299+0000] {dagbag.py:538} INFO - Filling up the DagBag from /opt/airflow/dags/monitoring_dag.py
[2025-01-28T23:36:52.331+0000] {processor.py:840} INFO - DAG(s) 'monitoring_dag' retrieved from /opt/airflow/dags/monitoring_dag.py
[2025-01-28T23:36:52.362+0000] {logging_mixin.py:188} INFO - [2025-01-28T23:36:52.362+0000] {dag.py:3036} INFO - Sync 1 DAGs
[2025-01-28T23:36:52.392+0000] {logging_mixin.py:188} INFO - [2025-01-28T23:36:52.391+0000] {dag.py:3823} INFO - Setting next_dagrun for monitoring_dag to 2025-01-28 00:00:00+00:00, run_after=2025-01-29 00:00:00+00:00
[2025-01-28T23:36:52.418+0000] {processor.py:183} INFO - Processing /opt/airflow/dags/monitoring_dag.py took 0.126 seconds
[2025-01-28T23:37:22.852+0000] {processor.py:161} INFO - Started process (PID=1150) to work on /opt/airflow/dags/monitoring_dag.py
[2025-01-28T23:37:22.854+0000] {processor.py:830} INFO - Processing file /opt/airflow/dags/monitoring_dag.py for tasks to queue
[2025-01-28T23:37:22.856+0000] {logging_mixin.py:188} INFO - [2025-01-28T23:37:22.856+0000] {dagbag.py:538} INFO - Filling up the DagBag from /opt/airflow/dags/monitoring_dag.py
[2025-01-28T23:37:22.885+0000] {processor.py:840} INFO - DAG(s) 'monitoring_dag' retrieved from /opt/airflow/dags/monitoring_dag.py
[2025-01-28T23:37:22.917+0000] {logging_mixin.py:188} INFO - [2025-01-28T23:37:22.917+0000] {dag.py:3036} INFO - Sync 1 DAGs
[2025-01-28T23:37:22.949+0000] {logging_mixin.py:188} INFO - [2025-01-28T23:37:22.949+0000] {dag.py:3823} INFO - Setting next_dagrun for monitoring_dag to 2025-01-28 00:00:00+00:00, run_after=2025-01-29 00:00:00+00:00
[2025-01-28T23:37:22.978+0000] {processor.py:183} INFO - Processing /opt/airflow/dags/monitoring_dag.py took 0.131 seconds
[2025-01-28T23:37:53.424+0000] {processor.py:161} INFO - Started process (PID=1169) to work on /opt/airflow/dags/monitoring_dag.py
[2025-01-28T23:37:53.426+0000] {processor.py:830} INFO - Processing file /opt/airflow/dags/monitoring_dag.py for tasks to queue
[2025-01-28T23:37:53.430+0000] {logging_mixin.py:188} INFO - [2025-01-28T23:37:53.429+0000] {dagbag.py:538} INFO - Filling up the DagBag from /opt/airflow/dags/monitoring_dag.py
[2025-01-28T23:37:53.459+0000] {processor.py:840} INFO - DAG(s) 'monitoring_dag' retrieved from /opt/airflow/dags/monitoring_dag.py
[2025-01-28T23:37:53.492+0000] {logging_mixin.py:188} INFO - [2025-01-28T23:37:53.492+0000] {dag.py:3036} INFO - Sync 1 DAGs
[2025-01-28T23:37:53.518+0000] {logging_mixin.py:188} INFO - [2025-01-28T23:37:53.518+0000] {dag.py:3823} INFO - Setting next_dagrun for monitoring_dag to 2025-01-28 00:00:00+00:00, run_after=2025-01-29 00:00:00+00:00
[2025-01-28T23:37:53.543+0000] {processor.py:183} INFO - Processing /opt/airflow/dags/monitoring_dag.py took 0.122 seconds
[2025-01-28T23:38:24.322+0000] {processor.py:161} INFO - Started process (PID=1196) to work on /opt/airflow/dags/monitoring_dag.py
[2025-01-28T23:38:24.324+0000] {processor.py:830} INFO - Processing file /opt/airflow/dags/monitoring_dag.py for tasks to queue
[2025-01-28T23:38:24.328+0000] {logging_mixin.py:188} INFO - [2025-01-28T23:38:24.327+0000] {dagbag.py:538} INFO - Filling up the DagBag from /opt/airflow/dags/monitoring_dag.py
[2025-01-28T23:38:24.362+0000] {processor.py:840} INFO - DAG(s) 'monitoring_dag' retrieved from /opt/airflow/dags/monitoring_dag.py
[2025-01-28T23:38:24.402+0000] {logging_mixin.py:188} INFO - [2025-01-28T23:38:24.402+0000] {dag.py:3036} INFO - Sync 1 DAGs
[2025-01-28T23:38:24.433+0000] {logging_mixin.py:188} INFO - [2025-01-28T23:38:24.433+0000] {dag.py:3823} INFO - Setting next_dagrun for monitoring_dag to 2025-01-28 00:00:00+00:00, run_after=2025-01-29 00:00:00+00:00
[2025-01-28T23:38:24.464+0000] {processor.py:183} INFO - Processing /opt/airflow/dags/monitoring_dag.py took 0.147 seconds
[2025-01-28T23:38:55.127+0000] {processor.py:161} INFO - Started process (PID=1215) to work on /opt/airflow/dags/monitoring_dag.py
[2025-01-28T23:38:55.128+0000] {processor.py:830} INFO - Processing file /opt/airflow/dags/monitoring_dag.py for tasks to queue
[2025-01-28T23:38:55.131+0000] {logging_mixin.py:188} INFO - [2025-01-28T23:38:55.130+0000] {dagbag.py:538} INFO - Filling up the DagBag from /opt/airflow/dags/monitoring_dag.py
[2025-01-28T23:38:55.168+0000] {processor.py:840} INFO - DAG(s) 'monitoring_dag' retrieved from /opt/airflow/dags/monitoring_dag.py
[2025-01-28T23:38:55.206+0000] {logging_mixin.py:188} INFO - [2025-01-28T23:38:55.205+0000] {dag.py:3036} INFO - Sync 1 DAGs
[2025-01-28T23:38:55.243+0000] {logging_mixin.py:188} INFO - [2025-01-28T23:38:55.243+0000] {dag.py:3823} INFO - Setting next_dagrun for monitoring_dag to 2025-01-28 00:00:00+00:00, run_after=2025-01-29 00:00:00+00:00
[2025-01-28T23:38:55.275+0000] {processor.py:183} INFO - Processing /opt/airflow/dags/monitoring_dag.py took 0.153 seconds
[2025-01-28T23:39:26.171+0000] {processor.py:161} INFO - Started process (PID=1241) to work on /opt/airflow/dags/monitoring_dag.py
[2025-01-28T23:39:26.172+0000] {processor.py:830} INFO - Processing file /opt/airflow/dags/monitoring_dag.py for tasks to queue
[2025-01-28T23:39:26.175+0000] {logging_mixin.py:188} INFO - [2025-01-28T23:39:26.174+0000] {dagbag.py:538} INFO - Filling up the DagBag from /opt/airflow/dags/monitoring_dag.py
[2025-01-28T23:39:26.200+0000] {processor.py:840} INFO - DAG(s) 'monitoring_dag' retrieved from /opt/airflow/dags/monitoring_dag.py
[2025-01-28T23:39:26.238+0000] {logging_mixin.py:188} INFO - [2025-01-28T23:39:26.237+0000] {dag.py:3036} INFO - Sync 1 DAGs
[2025-01-28T23:39:26.270+0000] {logging_mixin.py:188} INFO - [2025-01-28T23:39:26.270+0000] {dag.py:3823} INFO - Setting next_dagrun for monitoring_dag to 2025-01-28 00:00:00+00:00, run_after=2025-01-29 00:00:00+00:00
[2025-01-28T23:39:26.294+0000] {processor.py:183} INFO - Processing /opt/airflow/dags/monitoring_dag.py took 0.128 seconds
[2025-01-28T23:39:56.517+0000] {processor.py:161} INFO - Started process (PID=1260) to work on /opt/airflow/dags/monitoring_dag.py
[2025-01-28T23:39:56.518+0000] {processor.py:830} INFO - Processing file /opt/airflow/dags/monitoring_dag.py for tasks to queue
[2025-01-28T23:39:56.521+0000] {logging_mixin.py:188} INFO - [2025-01-28T23:39:56.521+0000] {dagbag.py:538} INFO - Filling up the DagBag from /opt/airflow/dags/monitoring_dag.py
[2025-01-28T23:39:56.556+0000] {processor.py:840} INFO - DAG(s) 'monitoring_dag' retrieved from /opt/airflow/dags/monitoring_dag.py
[2025-01-28T23:39:56.582+0000] {logging_mixin.py:188} INFO - [2025-01-28T23:39:56.582+0000] {dag.py:3036} INFO - Sync 1 DAGs
[2025-01-28T23:39:56.611+0000] {logging_mixin.py:188} INFO - [2025-01-28T23:39:56.610+0000] {dag.py:3823} INFO - Setting next_dagrun for monitoring_dag to 2025-01-28 00:00:00+00:00, run_after=2025-01-29 00:00:00+00:00
[2025-01-28T23:39:56.631+0000] {processor.py:183} INFO - Processing /opt/airflow/dags/monitoring_dag.py took 0.119 seconds
[2025-01-28T23:40:26.675+0000] {processor.py:161} INFO - Started process (PID=1287) to work on /opt/airflow/dags/monitoring_dag.py
[2025-01-28T23:40:26.677+0000] {processor.py:830} INFO - Processing file /opt/airflow/dags/monitoring_dag.py for tasks to queue
[2025-01-28T23:40:26.679+0000] {logging_mixin.py:188} INFO - [2025-01-28T23:40:26.679+0000] {dagbag.py:538} INFO - Filling up the DagBag from /opt/airflow/dags/monitoring_dag.py
[2025-01-28T23:40:26.710+0000] {processor.py:840} INFO - DAG(s) 'monitoring_dag' retrieved from /opt/airflow/dags/monitoring_dag.py
[2025-01-28T23:40:26.742+0000] {logging_mixin.py:188} INFO - [2025-01-28T23:40:26.741+0000] {dag.py:3036} INFO - Sync 1 DAGs
[2025-01-28T23:40:26.769+0000] {logging_mixin.py:188} INFO - [2025-01-28T23:40:26.768+0000] {dag.py:3823} INFO - Setting next_dagrun for monitoring_dag to 2025-01-28 00:00:00+00:00, run_after=2025-01-29 00:00:00+00:00
[2025-01-28T23:40:26.791+0000] {processor.py:183} INFO - Processing /opt/airflow/dags/monitoring_dag.py took 0.121 seconds
[2025-01-28T23:40:57.162+0000] {processor.py:161} INFO - Started process (PID=1307) to work on /opt/airflow/dags/monitoring_dag.py
[2025-01-28T23:40:57.163+0000] {processor.py:830} INFO - Processing file /opt/airflow/dags/monitoring_dag.py for tasks to queue
[2025-01-28T23:40:57.166+0000] {logging_mixin.py:188} INFO - [2025-01-28T23:40:57.165+0000] {dagbag.py:538} INFO - Filling up the DagBag from /opt/airflow/dags/monitoring_dag.py
[2025-01-28T23:40:57.198+0000] {processor.py:840} INFO - DAG(s) 'monitoring_dag' retrieved from /opt/airflow/dags/monitoring_dag.py
[2025-01-28T23:40:57.236+0000] {logging_mixin.py:188} INFO - [2025-01-28T23:40:57.236+0000] {dag.py:3036} INFO - Sync 1 DAGs
[2025-01-28T23:40:57.271+0000] {logging_mixin.py:188} INFO - [2025-01-28T23:40:57.271+0000] {dag.py:3823} INFO - Setting next_dagrun for monitoring_dag to 2025-01-28 00:00:00+00:00, run_after=2025-01-29 00:00:00+00:00
[2025-01-28T23:40:57.298+0000] {processor.py:183} INFO - Processing /opt/airflow/dags/monitoring_dag.py took 0.141 seconds
[2025-01-28T23:41:27.956+0000] {processor.py:161} INFO - Started process (PID=1326) to work on /opt/airflow/dags/monitoring_dag.py
[2025-01-28T23:41:27.959+0000] {processor.py:830} INFO - Processing file /opt/airflow/dags/monitoring_dag.py for tasks to queue
[2025-01-28T23:41:27.964+0000] {logging_mixin.py:188} INFO - [2025-01-28T23:41:27.963+0000] {dagbag.py:538} INFO - Filling up the DagBag from /opt/airflow/dags/monitoring_dag.py
[2025-01-28T23:41:28.032+0000] {processor.py:840} INFO - DAG(s) 'monitoring_dag' retrieved from /opt/airflow/dags/monitoring_dag.py
[2025-01-28T23:41:28.090+0000] {logging_mixin.py:188} INFO - [2025-01-28T23:41:28.089+0000] {dag.py:3036} INFO - Sync 1 DAGs
[2025-01-28T23:41:28.120+0000] {logging_mixin.py:188} INFO - [2025-01-28T23:41:28.119+0000] {dag.py:3823} INFO - Setting next_dagrun for monitoring_dag to 2025-01-28 00:00:00+00:00, run_after=2025-01-29 00:00:00+00:00
[2025-01-28T23:41:28.157+0000] {processor.py:183} INFO - Processing /opt/airflow/dags/monitoring_dag.py took 0.209 seconds
[2025-01-28T23:41:58.699+0000] {processor.py:161} INFO - Started process (PID=1354) to work on /opt/airflow/dags/monitoring_dag.py
[2025-01-28T23:41:58.701+0000] {processor.py:830} INFO - Processing file /opt/airflow/dags/monitoring_dag.py for tasks to queue
[2025-01-28T23:41:58.704+0000] {logging_mixin.py:188} INFO - [2025-01-28T23:41:58.704+0000] {dagbag.py:538} INFO - Filling up the DagBag from /opt/airflow/dags/monitoring_dag.py
[2025-01-28T23:41:58.735+0000] {processor.py:840} INFO - DAG(s) 'monitoring_dag' retrieved from /opt/airflow/dags/monitoring_dag.py
[2025-01-28T23:41:58.766+0000] {logging_mixin.py:188} INFO - [2025-01-28T23:41:58.766+0000] {dag.py:3036} INFO - Sync 1 DAGs
[2025-01-28T23:41:58.805+0000] {logging_mixin.py:188} INFO - [2025-01-28T23:41:58.805+0000] {dag.py:3823} INFO - Setting next_dagrun for monitoring_dag to 2025-01-28 00:00:00+00:00, run_after=2025-01-29 00:00:00+00:00
[2025-01-28T23:41:58.836+0000] {processor.py:183} INFO - Processing /opt/airflow/dags/monitoring_dag.py took 0.141 seconds
[2025-01-28T23:42:29.669+0000] {processor.py:161} INFO - Started process (PID=1373) to work on /opt/airflow/dags/monitoring_dag.py
[2025-01-28T23:42:29.671+0000] {processor.py:830} INFO - Processing file /opt/airflow/dags/monitoring_dag.py for tasks to queue
[2025-01-28T23:42:29.674+0000] {logging_mixin.py:188} INFO - [2025-01-28T23:42:29.674+0000] {dagbag.py:538} INFO - Filling up the DagBag from /opt/airflow/dags/monitoring_dag.py
[2025-01-28T23:42:29.712+0000] {processor.py:840} INFO - DAG(s) 'monitoring_dag' retrieved from /opt/airflow/dags/monitoring_dag.py
[2025-01-28T23:42:29.743+0000] {logging_mixin.py:188} INFO - [2025-01-28T23:42:29.742+0000] {dag.py:3036} INFO - Sync 1 DAGs
[2025-01-28T23:42:29.769+0000] {logging_mixin.py:188} INFO - [2025-01-28T23:42:29.769+0000] {dag.py:3823} INFO - Setting next_dagrun for monitoring_dag to 2025-01-28 00:00:00+00:00, run_after=2025-01-29 00:00:00+00:00
[2025-01-28T23:42:29.792+0000] {processor.py:183} INFO - Processing /opt/airflow/dags/monitoring_dag.py took 0.129 seconds
[2025-01-28T23:43:00.376+0000] {processor.py:161} INFO - Started process (PID=1392) to work on /opt/airflow/dags/monitoring_dag.py
[2025-01-28T23:43:00.380+0000] {processor.py:830} INFO - Processing file /opt/airflow/dags/monitoring_dag.py for tasks to queue
[2025-01-28T23:43:00.385+0000] {logging_mixin.py:188} INFO - [2025-01-28T23:43:00.385+0000] {dagbag.py:538} INFO - Filling up the DagBag from /opt/airflow/dags/monitoring_dag.py
[2025-01-28T23:43:00.414+0000] {processor.py:840} INFO - DAG(s) 'monitoring_dag' retrieved from /opt/airflow/dags/monitoring_dag.py
[2025-01-28T23:43:00.447+0000] {logging_mixin.py:188} INFO - [2025-01-28T23:43:00.447+0000] {dag.py:3036} INFO - Sync 1 DAGs
[2025-01-28T23:43:00.474+0000] {logging_mixin.py:188} INFO - [2025-01-28T23:43:00.474+0000] {dag.py:3823} INFO - Setting next_dagrun for monitoring_dag to 2025-01-28 00:00:00+00:00, run_after=2025-01-29 00:00:00+00:00
[2025-01-28T23:43:00.497+0000] {processor.py:183} INFO - Processing /opt/airflow/dags/monitoring_dag.py took 0.131 seconds
[2025-01-28T23:43:31.284+0000] {processor.py:161} INFO - Started process (PID=1419) to work on /opt/airflow/dags/monitoring_dag.py
[2025-01-28T23:43:31.286+0000] {processor.py:830} INFO - Processing file /opt/airflow/dags/monitoring_dag.py for tasks to queue
[2025-01-28T23:43:31.288+0000] {logging_mixin.py:188} INFO - [2025-01-28T23:43:31.288+0000] {dagbag.py:538} INFO - Filling up the DagBag from /opt/airflow/dags/monitoring_dag.py
[2025-01-28T23:43:31.318+0000] {processor.py:840} INFO - DAG(s) 'monitoring_dag' retrieved from /opt/airflow/dags/monitoring_dag.py
[2025-01-28T23:43:31.350+0000] {logging_mixin.py:188} INFO - [2025-01-28T23:43:31.349+0000] {dag.py:3036} INFO - Sync 1 DAGs
[2025-01-28T23:43:31.378+0000] {logging_mixin.py:188} INFO - [2025-01-28T23:43:31.378+0000] {dag.py:3823} INFO - Setting next_dagrun for monitoring_dag to 2025-01-28 00:00:00+00:00, run_after=2025-01-29 00:00:00+00:00
[2025-01-28T23:43:31.406+0000] {processor.py:183} INFO - Processing /opt/airflow/dags/monitoring_dag.py took 0.127 seconds
[2025-01-28T23:44:01.676+0000] {processor.py:161} INFO - Started process (PID=1438) to work on /opt/airflow/dags/monitoring_dag.py
[2025-01-28T23:44:01.679+0000] {processor.py:830} INFO - Processing file /opt/airflow/dags/monitoring_dag.py for tasks to queue
[2025-01-28T23:44:01.685+0000] {logging_mixin.py:188} INFO - [2025-01-28T23:44:01.684+0000] {dagbag.py:538} INFO - Filling up the DagBag from /opt/airflow/dags/monitoring_dag.py
[2025-01-28T23:44:01.745+0000] {processor.py:840} INFO - DAG(s) 'monitoring_dag' retrieved from /opt/airflow/dags/monitoring_dag.py
[2025-01-28T23:44:01.815+0000] {logging_mixin.py:188} INFO - [2025-01-28T23:44:01.814+0000] {dag.py:3036} INFO - Sync 1 DAGs
[2025-01-28T23:44:01.860+0000] {logging_mixin.py:188} INFO - [2025-01-28T23:44:01.859+0000] {dag.py:3823} INFO - Setting next_dagrun for monitoring_dag to 2025-01-28 00:00:00+00:00, run_after=2025-01-29 00:00:00+00:00
[2025-01-28T23:44:01.885+0000] {processor.py:183} INFO - Processing /opt/airflow/dags/monitoring_dag.py took 0.220 seconds
[2025-01-28T23:44:32.703+0000] {processor.py:161} INFO - Started process (PID=1465) to work on /opt/airflow/dags/monitoring_dag.py
[2025-01-28T23:44:32.705+0000] {processor.py:830} INFO - Processing file /opt/airflow/dags/monitoring_dag.py for tasks to queue
[2025-01-28T23:44:32.708+0000] {logging_mixin.py:188} INFO - [2025-01-28T23:44:32.708+0000] {dagbag.py:538} INFO - Filling up the DagBag from /opt/airflow/dags/monitoring_dag.py
[2025-01-28T23:44:32.746+0000] {processor.py:840} INFO - DAG(s) 'monitoring_dag' retrieved from /opt/airflow/dags/monitoring_dag.py
[2025-01-28T23:44:32.788+0000] {logging_mixin.py:188} INFO - [2025-01-28T23:44:32.787+0000] {dag.py:3036} INFO - Sync 1 DAGs
[2025-01-28T23:44:32.824+0000] {logging_mixin.py:188} INFO - [2025-01-28T23:44:32.823+0000] {dag.py:3823} INFO - Setting next_dagrun for monitoring_dag to 2025-01-28 00:00:00+00:00, run_after=2025-01-29 00:00:00+00:00
[2025-01-28T23:44:32.851+0000] {processor.py:183} INFO - Processing /opt/airflow/dags/monitoring_dag.py took 0.152 seconds
[2025-01-28T23:45:02.976+0000] {processor.py:161} INFO - Started process (PID=1484) to work on /opt/airflow/dags/monitoring_dag.py
[2025-01-28T23:45:02.978+0000] {processor.py:830} INFO - Processing file /opt/airflow/dags/monitoring_dag.py for tasks to queue
[2025-01-28T23:45:02.980+0000] {logging_mixin.py:188} INFO - [2025-01-28T23:45:02.980+0000] {dagbag.py:538} INFO - Filling up the DagBag from /opt/airflow/dags/monitoring_dag.py
[2025-01-28T23:45:03.003+0000] {processor.py:840} INFO - DAG(s) 'monitoring_dag' retrieved from /opt/airflow/dags/monitoring_dag.py
[2025-01-28T23:45:03.034+0000] {logging_mixin.py:188} INFO - [2025-01-28T23:45:03.034+0000] {dag.py:3036} INFO - Sync 1 DAGs
[2025-01-28T23:45:03.060+0000] {logging_mixin.py:188} INFO - [2025-01-28T23:45:03.060+0000] {dag.py:3823} INFO - Setting next_dagrun for monitoring_dag to 2025-01-28 00:00:00+00:00, run_after=2025-01-29 00:00:00+00:00
[2025-01-28T23:45:03.083+0000] {processor.py:183} INFO - Processing /opt/airflow/dags/monitoring_dag.py took 0.110 seconds
[2025-01-28T23:45:33.340+0000] {processor.py:161} INFO - Started process (PID=1504) to work on /opt/airflow/dags/monitoring_dag.py
[2025-01-28T23:45:33.341+0000] {processor.py:830} INFO - Processing file /opt/airflow/dags/monitoring_dag.py for tasks to queue
[2025-01-28T23:45:33.343+0000] {logging_mixin.py:188} INFO - [2025-01-28T23:45:33.343+0000] {dagbag.py:538} INFO - Filling up the DagBag from /opt/airflow/dags/monitoring_dag.py
[2025-01-28T23:45:33.366+0000] {processor.py:840} INFO - DAG(s) 'monitoring_dag' retrieved from /opt/airflow/dags/monitoring_dag.py
[2025-01-28T23:45:33.391+0000] {logging_mixin.py:188} INFO - [2025-01-28T23:45:33.391+0000] {dag.py:3036} INFO - Sync 1 DAGs
[2025-01-28T23:45:33.421+0000] {logging_mixin.py:188} INFO - [2025-01-28T23:45:33.420+0000] {dag.py:3823} INFO - Setting next_dagrun for monitoring_dag to 2025-01-28 00:00:00+00:00, run_after=2025-01-29 00:00:00+00:00
[2025-01-28T23:45:33.443+0000] {processor.py:183} INFO - Processing /opt/airflow/dags/monitoring_dag.py took 0.107 seconds
[2025-01-28T23:46:04.461+0000] {processor.py:161} INFO - Started process (PID=1531) to work on /opt/airflow/dags/monitoring_dag.py
[2025-01-28T23:46:04.464+0000] {processor.py:830} INFO - Processing file /opt/airflow/dags/monitoring_dag.py for tasks to queue
[2025-01-28T23:46:04.468+0000] {logging_mixin.py:188} INFO - [2025-01-28T23:46:04.468+0000] {dagbag.py:538} INFO - Filling up the DagBag from /opt/airflow/dags/monitoring_dag.py
[2025-01-28T23:46:04.513+0000] {processor.py:840} INFO - DAG(s) 'monitoring_dag' retrieved from /opt/airflow/dags/monitoring_dag.py
[2025-01-28T23:46:04.554+0000] {logging_mixin.py:188} INFO - [2025-01-28T23:46:04.554+0000] {dag.py:3036} INFO - Sync 1 DAGs
[2025-01-28T23:46:04.585+0000] {logging_mixin.py:188} INFO - [2025-01-28T23:46:04.584+0000] {dag.py:3823} INFO - Setting next_dagrun for monitoring_dag to 2025-01-28 00:00:00+00:00, run_after=2025-01-29 00:00:00+00:00
[2025-01-28T23:46:04.618+0000] {processor.py:183} INFO - Processing /opt/airflow/dags/monitoring_dag.py took 0.163 seconds
[2025-01-28T23:46:34.960+0000] {processor.py:161} INFO - Started process (PID=1550) to work on /opt/airflow/dags/monitoring_dag.py
[2025-01-28T23:46:34.962+0000] {processor.py:830} INFO - Processing file /opt/airflow/dags/monitoring_dag.py for tasks to queue
[2025-01-28T23:46:34.964+0000] {logging_mixin.py:188} INFO - [2025-01-28T23:46:34.964+0000] {dagbag.py:538} INFO - Filling up the DagBag from /opt/airflow/dags/monitoring_dag.py
[2025-01-28T23:46:34.998+0000] {processor.py:840} INFO - DAG(s) 'monitoring_dag' retrieved from /opt/airflow/dags/monitoring_dag.py
[2025-01-28T23:46:35.029+0000] {logging_mixin.py:188} INFO - [2025-01-28T23:46:35.029+0000] {dag.py:3036} INFO - Sync 1 DAGs
[2025-01-28T23:46:35.055+0000] {logging_mixin.py:188} INFO - [2025-01-28T23:46:35.055+0000] {dag.py:3823} INFO - Setting next_dagrun for monitoring_dag to 2025-01-28 00:00:00+00:00, run_after=2025-01-29 00:00:00+00:00
[2025-01-28T23:46:35.078+0000] {processor.py:183} INFO - Processing /opt/airflow/dags/monitoring_dag.py took 0.123 seconds
[2025-01-28T23:47:05.407+0000] {processor.py:161} INFO - Started process (PID=1569) to work on /opt/airflow/dags/monitoring_dag.py
[2025-01-28T23:47:05.409+0000] {processor.py:830} INFO - Processing file /opt/airflow/dags/monitoring_dag.py for tasks to queue
[2025-01-28T23:47:05.413+0000] {logging_mixin.py:188} INFO - [2025-01-28T23:47:05.412+0000] {dagbag.py:538} INFO - Filling up the DagBag from /opt/airflow/dags/monitoring_dag.py
[2025-01-28T23:47:05.472+0000] {processor.py:840} INFO - DAG(s) 'monitoring_dag' retrieved from /opt/airflow/dags/monitoring_dag.py
[2025-01-28T23:47:05.508+0000] {logging_mixin.py:188} INFO - [2025-01-28T23:47:05.508+0000] {dag.py:3036} INFO - Sync 1 DAGs
[2025-01-28T23:47:05.552+0000] {logging_mixin.py:188} INFO - [2025-01-28T23:47:05.551+0000] {dag.py:3823} INFO - Setting next_dagrun for monitoring_dag to 2025-01-28 00:00:00+00:00, run_after=2025-01-29 00:00:00+00:00
[2025-01-28T23:47:05.593+0000] {processor.py:183} INFO - Processing /opt/airflow/dags/monitoring_dag.py took 0.192 seconds
[2025-01-28T23:47:35.684+0000] {processor.py:161} INFO - Started process (PID=1598) to work on /opt/airflow/dags/monitoring_dag.py
[2025-01-28T23:47:35.686+0000] {processor.py:830} INFO - Processing file /opt/airflow/dags/monitoring_dag.py for tasks to queue
[2025-01-28T23:47:35.692+0000] {logging_mixin.py:188} INFO - [2025-01-28T23:47:35.691+0000] {dagbag.py:538} INFO - Filling up the DagBag from /opt/airflow/dags/monitoring_dag.py
[2025-01-28T23:47:35.735+0000] {processor.py:840} INFO - DAG(s) 'monitoring_dag' retrieved from /opt/airflow/dags/monitoring_dag.py
[2025-01-28T23:47:35.773+0000] {logging_mixin.py:188} INFO - [2025-01-28T23:47:35.773+0000] {dag.py:3036} INFO - Sync 1 DAGs
[2025-01-28T23:47:35.830+0000] {logging_mixin.py:188} INFO - [2025-01-28T23:47:35.829+0000] {dag.py:3823} INFO - Setting next_dagrun for monitoring_dag to 2025-01-28 00:00:00+00:00, run_after=2025-01-29 00:00:00+00:00
[2025-01-28T23:47:35.863+0000] {processor.py:183} INFO - Processing /opt/airflow/dags/monitoring_dag.py took 0.189 seconds
[2025-01-28T23:48:06.019+0000] {processor.py:161} INFO - Started process (PID=1617) to work on /opt/airflow/dags/monitoring_dag.py
[2025-01-28T23:48:06.020+0000] {processor.py:830} INFO - Processing file /opt/airflow/dags/monitoring_dag.py for tasks to queue
[2025-01-28T23:48:06.023+0000] {logging_mixin.py:188} INFO - [2025-01-28T23:48:06.023+0000] {dagbag.py:538} INFO - Filling up the DagBag from /opt/airflow/dags/monitoring_dag.py
[2025-01-28T23:48:06.054+0000] {processor.py:840} INFO - DAG(s) 'monitoring_dag' retrieved from /opt/airflow/dags/monitoring_dag.py
[2025-01-28T23:48:06.080+0000] {logging_mixin.py:188} INFO - [2025-01-28T23:48:06.080+0000] {dag.py:3036} INFO - Sync 1 DAGs
[2025-01-28T23:48:06.105+0000] {logging_mixin.py:188} INFO - [2025-01-28T23:48:06.105+0000] {dag.py:3823} INFO - Setting next_dagrun for monitoring_dag to 2025-01-28 00:00:00+00:00, run_after=2025-01-29 00:00:00+00:00
[2025-01-28T23:48:06.127+0000] {processor.py:183} INFO - Processing /opt/airflow/dags/monitoring_dag.py took 0.112 seconds
[2025-01-28T23:48:36.192+0000] {processor.py:161} INFO - Started process (PID=1635) to work on /opt/airflow/dags/monitoring_dag.py
[2025-01-28T23:48:36.194+0000] {processor.py:830} INFO - Processing file /opt/airflow/dags/monitoring_dag.py for tasks to queue
[2025-01-28T23:48:36.196+0000] {logging_mixin.py:188} INFO - [2025-01-28T23:48:36.196+0000] {dagbag.py:538} INFO - Filling up the DagBag from /opt/airflow/dags/monitoring_dag.py
[2025-01-28T23:48:36.240+0000] {processor.py:840} INFO - DAG(s) 'monitoring_dag' retrieved from /opt/airflow/dags/monitoring_dag.py
[2025-01-28T23:48:36.286+0000] {logging_mixin.py:188} INFO - [2025-01-28T23:48:36.286+0000] {dag.py:3036} INFO - Sync 1 DAGs
[2025-01-28T23:48:36.330+0000] {logging_mixin.py:188} INFO - [2025-01-28T23:48:36.330+0000] {dag.py:3823} INFO - Setting next_dagrun for monitoring_dag to 2025-01-28 00:00:00+00:00, run_after=2025-01-29 00:00:00+00:00
[2025-01-28T23:48:36.361+0000] {processor.py:183} INFO - Processing /opt/airflow/dags/monitoring_dag.py took 0.175 seconds
[2025-01-28T23:49:06.818+0000] {processor.py:161} INFO - Started process (PID=1654) to work on /opt/airflow/dags/monitoring_dag.py
[2025-01-28T23:49:06.819+0000] {processor.py:830} INFO - Processing file /opt/airflow/dags/monitoring_dag.py for tasks to queue
[2025-01-28T23:49:06.822+0000] {logging_mixin.py:188} INFO - [2025-01-28T23:49:06.822+0000] {dagbag.py:538} INFO - Filling up the DagBag from /opt/airflow/dags/monitoring_dag.py
[2025-01-28T23:49:06.856+0000] {processor.py:840} INFO - DAG(s) 'monitoring_dag' retrieved from /opt/airflow/dags/monitoring_dag.py
[2025-01-28T23:49:06.913+0000] {logging_mixin.py:188} INFO - [2025-01-28T23:49:06.912+0000] {dag.py:3036} INFO - Sync 1 DAGs
[2025-01-28T23:49:06.962+0000] {logging_mixin.py:188} INFO - [2025-01-28T23:49:06.961+0000] {dag.py:3823} INFO - Setting next_dagrun for monitoring_dag to 2025-01-28 00:00:00+00:00, run_after=2025-01-29 00:00:00+00:00
[2025-01-28T23:49:06.992+0000] {processor.py:183} INFO - Processing /opt/airflow/dags/monitoring_dag.py took 0.178 seconds
[2025-01-28T23:49:37.619+0000] {processor.py:161} INFO - Started process (PID=1681) to work on /opt/airflow/dags/monitoring_dag.py
[2025-01-28T23:49:37.621+0000] {processor.py:830} INFO - Processing file /opt/airflow/dags/monitoring_dag.py for tasks to queue
[2025-01-28T23:49:37.624+0000] {logging_mixin.py:188} INFO - [2025-01-28T23:49:37.624+0000] {dagbag.py:538} INFO - Filling up the DagBag from /opt/airflow/dags/monitoring_dag.py
[2025-01-28T23:49:37.661+0000] {processor.py:840} INFO - DAG(s) 'monitoring_dag' retrieved from /opt/airflow/dags/monitoring_dag.py
[2025-01-28T23:49:37.693+0000] {logging_mixin.py:188} INFO - [2025-01-28T23:49:37.692+0000] {dag.py:3036} INFO - Sync 1 DAGs
[2025-01-28T23:49:37.727+0000] {logging_mixin.py:188} INFO - [2025-01-28T23:49:37.727+0000] {dag.py:3823} INFO - Setting next_dagrun for monitoring_dag to 2025-01-28 00:00:00+00:00, run_after=2025-01-29 00:00:00+00:00
[2025-01-28T23:49:37.750+0000] {processor.py:183} INFO - Processing /opt/airflow/dags/monitoring_dag.py took 0.136 seconds
[2025-01-28T23:50:07.989+0000] {processor.py:161} INFO - Started process (PID=1700) to work on /opt/airflow/dags/monitoring_dag.py
[2025-01-28T23:50:07.993+0000] {processor.py:830} INFO - Processing file /opt/airflow/dags/monitoring_dag.py for tasks to queue
[2025-01-28T23:50:07.997+0000] {logging_mixin.py:188} INFO - [2025-01-28T23:50:07.996+0000] {dagbag.py:538} INFO - Filling up the DagBag from /opt/airflow/dags/monitoring_dag.py
[2025-01-28T23:50:08.035+0000] {processor.py:840} INFO - DAG(s) 'monitoring_dag' retrieved from /opt/airflow/dags/monitoring_dag.py
[2025-01-28T23:50:08.069+0000] {logging_mixin.py:188} INFO - [2025-01-28T23:50:08.069+0000] {dag.py:3036} INFO - Sync 1 DAGs
[2025-01-28T23:50:08.099+0000] {logging_mixin.py:188} INFO - [2025-01-28T23:50:08.099+0000] {dag.py:3823} INFO - Setting next_dagrun for monitoring_dag to 2025-01-28 00:00:00+00:00, run_after=2025-01-29 00:00:00+00:00
[2025-01-28T23:50:08.123+0000] {processor.py:183} INFO - Processing /opt/airflow/dags/monitoring_dag.py took 0.140 seconds
[2025-01-28T23:50:38.337+0000] {processor.py:161} INFO - Started process (PID=1727) to work on /opt/airflow/dags/monitoring_dag.py
[2025-01-28T23:50:38.339+0000] {processor.py:830} INFO - Processing file /opt/airflow/dags/monitoring_dag.py for tasks to queue
[2025-01-28T23:50:38.342+0000] {logging_mixin.py:188} INFO - [2025-01-28T23:50:38.341+0000] {dagbag.py:538} INFO - Filling up the DagBag from /opt/airflow/dags/monitoring_dag.py
[2025-01-28T23:50:38.377+0000] {processor.py:840} INFO - DAG(s) 'monitoring_dag' retrieved from /opt/airflow/dags/monitoring_dag.py
[2025-01-28T23:50:38.421+0000] {logging_mixin.py:188} INFO - [2025-01-28T23:50:38.421+0000] {dag.py:3036} INFO - Sync 1 DAGs
[2025-01-28T23:50:38.464+0000] {logging_mixin.py:188} INFO - [2025-01-28T23:50:38.464+0000] {dag.py:3823} INFO - Setting next_dagrun for monitoring_dag to 2025-01-28 00:00:00+00:00, run_after=2025-01-29 00:00:00+00:00
[2025-01-28T23:50:38.496+0000] {processor.py:183} INFO - Processing /opt/airflow/dags/monitoring_dag.py took 0.165 seconds
[2025-01-28T23:51:08.607+0000] {processor.py:161} INFO - Started process (PID=1746) to work on /opt/airflow/dags/monitoring_dag.py
[2025-01-28T23:51:08.609+0000] {processor.py:830} INFO - Processing file /opt/airflow/dags/monitoring_dag.py for tasks to queue
[2025-01-28T23:51:08.613+0000] {logging_mixin.py:188} INFO - [2025-01-28T23:51:08.612+0000] {dagbag.py:538} INFO - Filling up the DagBag from /opt/airflow/dags/monitoring_dag.py
[2025-01-28T23:51:08.673+0000] {processor.py:840} INFO - DAG(s) 'monitoring_dag' retrieved from /opt/airflow/dags/monitoring_dag.py
[2025-01-28T23:51:08.802+0000] {logging_mixin.py:188} INFO - [2025-01-28T23:51:08.801+0000] {dag.py:3036} INFO - Sync 1 DAGs
[2025-01-28T23:51:08.850+0000] {logging_mixin.py:188} INFO - [2025-01-28T23:51:08.850+0000] {dag.py:3823} INFO - Setting next_dagrun for monitoring_dag to 2025-01-28 00:00:00+00:00, run_after=2025-01-29 00:00:00+00:00
[2025-01-28T23:51:08.874+0000] {processor.py:183} INFO - Processing /opt/airflow/dags/monitoring_dag.py took 0.272 seconds
[2025-01-28T23:51:39.385+0000] {processor.py:161} INFO - Started process (PID=1773) to work on /opt/airflow/dags/monitoring_dag.py
[2025-01-28T23:51:39.386+0000] {processor.py:830} INFO - Processing file /opt/airflow/dags/monitoring_dag.py for tasks to queue
[2025-01-28T23:51:39.391+0000] {logging_mixin.py:188} INFO - [2025-01-28T23:51:39.390+0000] {dagbag.py:538} INFO - Filling up the DagBag from /opt/airflow/dags/monitoring_dag.py
[2025-01-28T23:51:39.427+0000] {processor.py:840} INFO - DAG(s) 'monitoring_dag' retrieved from /opt/airflow/dags/monitoring_dag.py
[2025-01-28T23:51:39.461+0000] {logging_mixin.py:188} INFO - [2025-01-28T23:51:39.461+0000] {dag.py:3036} INFO - Sync 1 DAGs
[2025-01-28T23:51:39.495+0000] {logging_mixin.py:188} INFO - [2025-01-28T23:51:39.494+0000] {dag.py:3823} INFO - Setting next_dagrun for monitoring_dag to 2025-01-28 00:00:00+00:00, run_after=2025-01-29 00:00:00+00:00
[2025-01-28T23:51:39.518+0000] {processor.py:183} INFO - Processing /opt/airflow/dags/monitoring_dag.py took 0.139 seconds
[2025-01-28T23:52:10.196+0000] {processor.py:161} INFO - Started process (PID=1792) to work on /opt/airflow/dags/monitoring_dag.py
[2025-01-28T23:52:10.197+0000] {processor.py:830} INFO - Processing file /opt/airflow/dags/monitoring_dag.py for tasks to queue
[2025-01-28T23:52:10.201+0000] {logging_mixin.py:188} INFO - [2025-01-28T23:52:10.200+0000] {dagbag.py:538} INFO - Filling up the DagBag from /opt/airflow/dags/monitoring_dag.py
[2025-01-28T23:52:10.232+0000] {processor.py:840} INFO - DAG(s) 'monitoring_dag' retrieved from /opt/airflow/dags/monitoring_dag.py
[2025-01-28T23:52:10.261+0000] {logging_mixin.py:188} INFO - [2025-01-28T23:52:10.261+0000] {dag.py:3036} INFO - Sync 1 DAGs
[2025-01-28T23:52:10.293+0000] {logging_mixin.py:188} INFO - [2025-01-28T23:52:10.292+0000] {dag.py:3823} INFO - Setting next_dagrun for monitoring_dag to 2025-01-28 00:00:00+00:00, run_after=2025-01-29 00:00:00+00:00
[2025-01-28T23:52:10.317+0000] {processor.py:183} INFO - Processing /opt/airflow/dags/monitoring_dag.py took 0.126 seconds
